[+] Containers:
 |- [+] Container: /Game/ThirdPerson/Maps/ThirdPersonMap
 |   |- [+] ActorDescs:
 |   |   |- Guid:047FE97B48C07E179ADDF699EEA3B681 BaseClass: NativeClass:/Script/Engine.StaticMeshActor Name:StaticMeshActor_UAID_309C23D1F6A6EE6301_1589292615 Label:SM_Cube114 SpatiallyLoaded:1 Bounds:IsValid=true, Min=(X=-3651.000 Y=1480.000 Z=251.000), Max=(X=-3451.000 Y=1630.000 Z=251.000) RuntimeGrid:None EditorOnly:0 RuntimeOnly:0 HLODRelevant:1 FolderPath:Playground FolderGuid:C73F09FC4215536B1DCE2A9E0A830C70
 |   |   |- Guid:04F1E1964A24263CA530E99F7CAF59C0 BaseClass: NativeClass:/Script/Engine.StaticMeshActor Name:StaticMeshActor_UAID_309C23D1F6A6EE6301_1243974604 Label:SM_Cube104 SpatiallyLoaded:1 Bounds:IsValid=true, Min=(X=-3351.000 Y=1480.000 Z=126.000), Max=(X=-3326.000 Y=1630.000 Z=126.000) RuntimeGrid:None EditorOnly:0 RuntimeOnly:0 HLODRelevant:1 FolderPath:Playground FolderGuid:C73F09FC4215536B1DCE2A9E0A830C70
 |   |   |- Guid:060E654942A81DB0643D8DA9DBFDB0EA BaseClass: NativeClass:/Script/Engine.StaticMeshActor Name:StaticMeshActor_UAID_309C23D1F6A6EE6301_1792755623 Label:SM_Cube121 SpatiallyLoaded:1 Bounds:IsValid=true, Min=(X=-3650.000 Y=1580.000 Z=200.000), Max=(X=-3475.000 Y=1630.000 Z=225.000) RuntimeGrid:None EditorOnly:0 RuntimeOnly:0 HLODRelevant:1 FolderPath:Playground FolderGuid:C73F09FC4215536B1DCE2A9E0A830C70
 |   |   |- Guid:0F4F992C47D0F3D0577010AC528F12C8 BaseClass: NativeClass:/Script/Engine.StaticMeshActor Name:StaticMeshActor_UAID_309C23D1F6A6ED6301_1700649416 Label:SM_Cube99 SpatiallyLoaded:1 Bounds:IsValid=true, Min=(X=-3326.000 Y=1330.000 Z=26.000), Max=(X=-3176.000 Y=1355.000 Z=26.000) RuntimeGrid:None EditorOnly:0 RuntimeOnly:0 HLODRelevant:1 FolderPath:Playground FolderGuid:C73F09FC4215536B1DCE2A9E0A830C70
 |   |   |- Guid:11FE85AB4504171334028B93FDBE6719 BaseClass: NativeClass:/Script/Engine.StaticMeshActor Name:StaticMeshActor_UAID_309C23D1F6A6EE6301_1629604616 Label:SM_Cube115 SpatiallyLoaded:1 Bounds:IsValid=true, Min=(X=-3650.000 Y=1480.000 Z=225.000), Max=(X=-3500.000 Y=1630.000 Z=250.000) RuntimeGrid:None EditorOnly:0 RuntimeOnly:0 HLODRelevant:1 FolderPath:Playground FolderGuid:C73F09FC4215536B1DCE2A9E0A830C70
 |   |   |- Guid:1A6D192140BF8F72BD5C45ACF146A4FD BaseClass: NativeClass:/Script/Engine.StaticMeshActor Name:StaticMeshActor_UAID_309C23D1F6A6EE6301_1155881601 Label:SM_Cube101 SpatiallyLoaded:1 Bounds:IsValid=true, Min=(X=-3376.000 Y=1480.000 Z=100.000), Max=(X=-3326.000 Y=1630.000 Z=125.000) RuntimeGrid:None EditorOnly:0 RuntimeOnly:0 HLODRelevant:1 FolderPath:Playground FolderGuid:C73F09FC4215536B1DCE2A9E0A830C70
 |   |   |- Guid:218BD71C4E4CB3C3B7A5D0AF879F04AB BaseClass: NativeClass:/Script/Engine.StaticMeshActor Name:StaticMeshActor_UAID_309C23D1F6A6EE6301_1548241611 Label:SM_Cube110 SpatiallyLoaded:1 Bounds:IsValid=true, Min=(X=-3426.000 Y=1480.000 Z=201.000), Max=(X=-3401.000 Y=1630.000 Z=201.000) RuntimeGrid:None EditorOnly:0 RuntimeOnly:0 HLODRelevant:1 FolderPath:Playground FolderGuid:C73F09FC4215536B1DCE2A9E0A830C70
 |   |   |- Guid:2A996CDB45DCDCA04810E78F58498ABF BaseClass: NativeClass:/Script/Engine.StaticMeshActor Name:StaticMeshActor_UAID_309C23D1F6A6EE6301_1778788621 Label:SM_Cube119 SpatiallyLoaded:1 Bounds:IsValid=true, Min=(X=-3650.000 Y=1580.000 Z=150.000), Max=(X=-3425.000 Y=1630.000 Z=175.000) RuntimeGrid:None EditorOnly:0 RuntimeOnly:0 HLODRelevant:1 FolderPath:Playground FolderGuid:C73F09FC4215536B1DCE2A9E0A830C70
 |   |   |- Guid:2FB58999456391D349DC0F86DAC136ED BaseClass: NativeClass:/Script/Engine.SkyLight Name:SkyLight_1 Label:SkyLight SpatiallyLoaded:0 Bounds:IsValid=true, Min=(X=-570.000 Y=0.000 Z=690.000), Max=(X=-570.000 Y=0.000 Z=690.000) RuntimeGrid:None EditorOnly:0 RuntimeOnly:0 HLODRelevant:0 FolderPath:Lighting FolderGuid:963EC3EB4002CCE9759E2EBA541A873A
 |   |   |- Guid:316CF2A6494ACA4C0E4180A87D36AB8F BaseClass: NativeClass:/Script/Engine.ExponentialHeightFog Name:ExponentialHeightFog_0 Label:ExponentialHeightFog SpatiallyLoaded:0 Bounds:IsValid=true, Min=(X=-5600.000 Y=-50.000 Z=-6850.000), Max=(X=-5600.000 Y=-50.000 Z=-6850.000) RuntimeGrid:None EditorOnly:0 RuntimeOnly:0 HLODRelevant:0 FolderPath:Lighting FolderGuid:963EC3EB4002CCE9759E2EBA541A873A
 |   |   |- Guid:34FD869C41EE9E29C6D1E7BE86F301D5 BaseClass: NativeClass:/Script/Engine.StaticMeshActor Name:StaticMeshActor_UAID_309C23D1F6A6EE6301_1751896619 Label:SM_Cube118 SpatiallyLoaded:1 Bounds:IsValid=true, Min=(X=-3650.000 Y=1580.000 Z=125.000), Max=(X=-3400.000 Y=1630.000 Z=150.000) RuntimeGrid:None EditorOnly:0 RuntimeOnly:0 HLODRelevant:1 FolderPath:Playground FolderGuid:C73F09FC4215536B1DCE2A9E0A830C70
 |   |   |- Guid:383B1EE341A081BC80E2A88D3669C9C3 BaseClass: NativeClass:/Script/Engine.StaticMeshActor Name:StaticMeshActor_UAID_309C23D1F6A6EE6301_2139707638 Label:SM_Cube125 SpatiallyLoaded:1 Bounds:IsValid=true, Min=(X=-3651.000 Y=1429.000 Z=250.000), Max=(X=-3451.000 Y=1479.000 Z=275.000) RuntimeGrid:None EditorOnly:0 RuntimeOnly:0 HLODRelevant:1 FolderPath:Playground FolderGuid:C73F09FC4215536B1DCE2A9E0A830C70
 |   |   |- Guid:3A00AA1C422CE54C0BDB60BAF471BFBB BaseClass: NativeClass:/Script/Engine.PlayerStart Name:PlayerStart_0 Label:PlayerStart SpatiallyLoaded:0 Bounds:IsValid=true, Min=(X=1450.000 Y=1300.000 Z=1765.013), Max=(X=1530.000 Y=1380.000 Z=1949.013) RuntimeGrid:None EditorOnly:0 RuntimeOnly:0 HLODRelevant:0
 |   |   |- Guid:3B91AF8D4244618FF1B1F4AEB6FB2A67 BaseClass: NativeClass:/Script/Engine.StaticMeshActor Name:StaticMeshActor_UAID_309C23D1F6A6EE6301_1086721600 Label:SM_Cube96 SpatiallyLoaded:1 Bounds:IsValid=true, Min=(X=-3376.000 Y=1480.000 Z=0.000), Max=(X=-3326.000 Y=1630.000 Z=100.000) RuntimeGrid:None EditorOnly:0 RuntimeOnly:0 HLODRelevant:1 FolderPath:Playground FolderGuid:C73F09FC4215536B1DCE2A9E0A830C70
 |   |   |- Guid:3BED1B5746C904535721ABB7C5F206F7 BaseClass: NativeClass:/Script/Engine.StaticMeshActor Name:StaticMeshActor_UAID_309C23D1F6A6FD6201_1802270176 Label:SM_Cube93 SpatiallyLoaded:1 Bounds:IsValid=true, Min=(X=-3326.000 Y=1380.000 Z=50.000), Max=(X=-3176.000 Y=1480.000 Z=75.000) RuntimeGrid:None EditorOnly:0 RuntimeOnly:0 HLODRelevant:1 FolderPath:Playground FolderGuid:C73F09FC4215536B1DCE2A9E0A830C70
 |   |   |- Guid:3C919ED3447531AE34142EA2F31BE893 BaseClass: NativeClass:/Script/Engine.StaticMeshActor Name:StaticMeshActor_UAID_309C23D1F6A6FD6201_1792274175 Label:SM_Cube81 SpatiallyLoaded:1 Bounds:IsValid=true, Min=(X=-3326.000 Y=1355.000 Z=25.000), Max=(X=-3176.000 Y=1480.000 Z=50.000) RuntimeGrid:None EditorOnly:0 RuntimeOnly:0 HLODRelevant:1 FolderPath:Playground FolderGuid:C73F09FC4215536B1DCE2A9E0A830C70
 |   |   |- Guid:40EC72184E56CB9735460B89F1F9016D BaseClass: NativeClass:/Script/Engine.StaticMeshActor Name:StaticMeshActor_UAID_309C23D1F6A6EE6301_1271362605 Label:SM_Cube105 SpatiallyLoaded:1 Bounds:IsValid=true, Min=(X=-3376.000 Y=1480.000 Z=151.000), Max=(X=-3351.000 Y=1630.000 Z=151.000) RuntimeGrid:None EditorOnly:0 RuntimeOnly:0 HLODRelevant:1 FolderPath:Playground FolderGuid:C73F09FC4215536B1DCE2A9E0A830C70
 |   |   |- Guid:496D732D4179A8707F33F293BC6E475C BaseClass: NativeClass:/Script/Engine.StaticMeshActor Name:StaticMeshActor_UAID_309C23D1F6A6ED6301_1707974417 Label:SM_Cube100 SpatiallyLoaded:1 Bounds:IsValid=true, Min=(X=-3326.000 Y=1405.000 Z=101.000), Max=(X=-3176.000 Y=1630.000 Z=101.000) RuntimeGrid:None EditorOnly:0 RuntimeOnly:0 HLODRelevant:1 FolderPath:Playground FolderGuid:C73F09FC4215536B1DCE2A9E0A830C70
 |   |   |- Guid:4CFA7A7545193240B58EA3A2700841E0 BaseClass: NativeClass:/Script/Engine.StaticMeshActor Name:StaticMeshActor_UAID_309C23D1F6A6FC6201_2012911009 Label:SM_Cube77 SpatiallyLoaded:1 Bounds:IsValid=true, Min=(X=-3326.000 Y=1330.000 Z=0.000), Max=(X=-3176.000 Y=1480.000 Z=25.000) RuntimeGrid:None EditorOnly:0 RuntimeOnly:0 HLODRelevant:1 FolderPath:Playground FolderGuid:C73F09FC4215536B1DCE2A9E0A830C70
 |   |   |- Guid:4D3BE93F4146AAAC8BBE79999D96D57F BaseClass: NativeClass:/Script/Engine.VolumetricCloud Name:VolumetricCloud_0 Label:VolumetricCloud SpatiallyLoaded:0 Bounds:IsValid=true, Min=(X=-570.000 Y=0.000 Z=820.000), Max=(X=-570.000 Y=0.000 Z=820.000) RuntimeGrid:None EditorOnly:0 RuntimeOnly:0 HLODRelevant:0 FolderPath:Lighting FolderGuid:963EC3EB4002CCE9759E2EBA541A873A
 |   |   |- Guid:5244099248B689DCF5D71F937AA1D7F7 BaseClass: NativeClass:/Script/Engine.StaticMeshActor Name:StaticMeshActor_UAID_309C23D1F6A6ED6301_1681081415 Label:SM_Cube98 SpatiallyLoaded:1 Bounds:IsValid=true, Min=(X=-3326.000 Y=1355.000 Z=51.000), Max=(X=-3176.000 Y=1380.000 Z=51.000) RuntimeGrid:None EditorOnly:0 RuntimeOnly:0 HLODRelevant:1 FolderPath:Playground FolderGuid:C73F09FC4215536B1DCE2A9E0A830C70
 |   |   |- Guid:5C2EE0C8401C2F7844CB7EB11C147BC7 BaseClass: NativeClass:/Script/Engine.StaticMeshActor Name:StaticMeshActor_UAID_309C23D1F6A6EF6301_1272806819 Label:SM_Cube130 SpatiallyLoaded:1 Bounds:IsValid=true, Min=(X=-3651.000 Y=1204.000 Z=325.000), Max=(X=-3451.000 Y=1404.000 Z=350.000) RuntimeGrid:None EditorOnly:0 RuntimeOnly:0 HLODRelevant:1 FolderPath:Playground FolderGuid:C73F09FC4215536B1DCE2A9E0A830C70
 |   |   |- Guid:6AC012A24103639FFAC2318E28516DF1 BaseClass: NativeClass:/Script/Engine.StaticMeshActor Name:StaticMeshActor_UAID_309C23D1F6A6EE6301_1215443603 Label:SM_Cube103 SpatiallyLoaded:1 Bounds:IsValid=true, Min=(X=-3426.000 Y=1480.000 Z=150.000), Max=(X=-3376.000 Y=1630.000 Z=175.000) RuntimeGrid:None EditorOnly:0 RuntimeOnly:0 HLODRelevant:1 FolderPath:Playground FolderGuid:C73F09FC4215536B1DCE2A9E0A830C70
 |   |   |- Guid:6BAF4DDD444C60371492D3919DB42C97 BaseClass: NativeClass:/Script/Engine.WorldDataLayers Name:WorldDataLayers Label:WorldDataLayers SpatiallyLoaded:0 Bounds:IsValid=true, Min=(X=0.000 Y=0.000 Z=0.000), Max=(X=0.000 Y=0.000 Z=0.000) RuntimeGrid:None EditorOnly:0 RuntimeOnly:0 HLODRelevant:0
 |   |   |- Guid:724CF94F411B0F2D756B749A8C074E6A BaseClass: NativeClass:/Script/Engine.StaticMeshActor Name:StaticMeshActor_UAID_309C23D1F6A63F6401_1208562850 Label:SM_Cube133 SpatiallyLoaded:1 Bounds:IsValid=true, Min=(X=-4176.000 Y=1204.000 Z=351.000), Max=(X=-3651.000 Y=1554.000 Z=351.000) RuntimeGrid:None EditorOnly:0 RuntimeOnly:0 HLODRelevant:1 FolderPath:Playground FolderGuid:C73F09FC4215536B1DCE2A9E0A830C70
 |   |   |- Guid:7E1EB1574CDBE2BCE012A786A53697C8 BaseClass: NativeClass:/Script/Engine.StaticMeshActor Name:StaticMeshActor_UAID_309C23D1F6A6EE6301_1786917622 Label:SM_Cube120 SpatiallyLoaded:1 Bounds:IsValid=true, Min=(X=-3650.000 Y=1580.000 Z=175.000), Max=(X=-3450.000 Y=1630.000 Z=200.000) RuntimeGrid:None EditorOnly:0 RuntimeOnly:0 HLODRelevant:1 FolderPath:Playground FolderGuid:C73F09FC4215536B1DCE2A9E0A830C70
 |   |   |- Guid:81A695CC41E751C2E01BF6A409913D0A BaseClass: NativeClass:/Script/Engine.StaticMeshActor Name:StaticMeshActor_UAID_309C23D1F6A63F6401_1241256851 Label:SM_Cube134 SpatiallyLoaded:1 Bounds:IsValid=true, Min=(X=-4176.000 Y=1204.000 Z=325.000), Max=(X=-3651.000 Y=1554.000 Z=350.000) RuntimeGrid:None EditorOnly:0 RuntimeOnly:0 HLODRelevant:1 FolderPath:Playground FolderGuid:C73F09FC4215536B1DCE2A9E0A830C70
 |   |   |- Guid:849596F54F6C86BA7D7EFF8170A4E6EA BaseClass: NativeClass:/Script/Engine.StaticMeshActor Name:StaticMeshActor_UAID_309C23D1F6A6636701_1854258351 Label:SM_Cube135 SpatiallyLoaded:1 Bounds:IsValid=true, Min=(X=-3650.000 Y=1330.000 Z=0.000), Max=(X=-3625.000 Y=1605.000 Z=125.000) RuntimeGrid:None EditorOnly:0 RuntimeOnly:0 HLODRelevant:1 FolderPath:Playground FolderGuid:C73F09FC4215536B1DCE2A9E0A830C70
 |   |   |- Guid:87F33B9945E528220A34AEADE2FBA308 BaseClass: NativeClass:/Script/Engine.StaticMeshActor Name:StaticMeshActor_UAID_309C23D1F6A6EF6301_1186598816 Label:SM_Cube127 SpatiallyLoaded:1 Bounds:IsValid=true, Min=(X=-3651.000 Y=1429.000 Z=301.000), Max=(X=-3451.000 Y=1454.000 Z=301.000) RuntimeGrid:None EditorOnly:0 RuntimeOnly:0 HLODRelevant:1 FolderPath:Playground FolderGuid:C73F09FC4215536B1DCE2A9E0A830C70
 |   |   |- Guid:8ABAAA1E41C8D79E30D75E90107C2D17 BaseClass: NativeClass:/Script/Engine.StaticMeshActor Name:StaticMeshActor_UAID_309C23D1F6A6FD6201_1817378177 Label:SM_Cube94 SpatiallyLoaded:1 Bounds:IsValid=true, Min=(X=-3326.000 Y=1405.000 Z=75.000), Max=(X=-3176.000 Y=1480.000 Z=100.000) RuntimeGrid:None EditorOnly:0 RuntimeOnly:0 HLODRelevant:1 FolderPath:Playground FolderGuid:C73F09FC4215536B1DCE2A9E0A830C70
 |   |   |- Guid:8C3E3C644BEC239E2D183F8C4BC42B97 BaseClass: NativeClass:/Script/Engine.StaticMeshActor Name:StaticMeshActor_UAID_309C23D1F6A6EF6301_1258965818 Label:SM_Cube129 SpatiallyLoaded:1 Bounds:IsValid=true, Min=(X=-3651.000 Y=1379.000 Z=300.000), Max=(X=-3451.000 Y=1429.000 Z=325.000) RuntimeGrid:None EditorOnly:0 RuntimeOnly:0 HLODRelevant:1 FolderPath:Playground FolderGuid:C73F09FC4215536B1DCE2A9E0A830C70
 |   |   |- Guid:900B0A9C4C43577A4E3DDB971E94085A BaseClass: NativeClass:/Script/Engine.StaticMeshActor Name:StaticMeshActor_UAID_309C23D1F6A68E6401_1260549754 Label:SM_Cube138 SpatiallyLoaded:1 Bounds:IsValid=true, Min=(X=-4125.000 Y=1079.000 Z=351.000), Max=(X=-3450.000 Y=1204.000 Z=351.000) RuntimeGrid:None EditorOnly:0 RuntimeOnly:0 HLODRelevant:1 FolderPath:Playground FolderGuid:C73F09FC4215536B1DCE2A9E0A830C70
 |   |   |- Guid:95F9009D4C0B0994F41298886D00471F BaseClass: NativeClass:/Script/Engine.StaticMeshActor Name:StaticMeshActor_UAID_309C23D1F6A6EE6301_1209981602 Label:SM_Cube102 SpatiallyLoaded:1 Bounds:IsValid=true, Min=(X=-3401.000 Y=1480.000 Z=125.000), Max=(X=-3351.000 Y=1630.000 Z=150.000) RuntimeGrid:None EditorOnly:0 RuntimeOnly:0 HLODRelevant:1 FolderPath:Playground FolderGuid:C73F09FC4215536B1DCE2A9E0A830C70
 |   |   |- Guid:ABFC15A34E92B4425FA1E48DEA849ECB BaseClass: NativeClass:/Script/Engine.StaticMeshActor Name:StaticMeshActor_UAID_309C23D1F6A6EE6301_1712415618 Label:SM_Cube117 SpatiallyLoaded:1 Bounds:IsValid=true, Min=(X=-3650.000 Y=1605.000 Z=0.000), Max=(X=-3375.000 Y=1630.000 Z=125.000) RuntimeGrid:None EditorOnly:0 RuntimeOnly:0 HLODRelevant:1 FolderPath:Playground FolderGuid:C73F09FC4215536B1DCE2A9E0A830C70
 |   |   |- Guid:ADA015A748A79FA9C536C3A80BFE363E BaseClass: NativeClass:/Script/Engine.StaticMeshActor Name:StaticMeshActor_UAID_309C23D1F6A6EE6301_1535622610 Label:SM_Cube109 SpatiallyLoaded:1 Bounds:IsValid=true, Min=(X=-3451.000 Y=1480.000 Z=175.000), Max=(X=-3401.000 Y=1630.000 Z=200.000) RuntimeGrid:None EditorOnly:0 RuntimeOnly:0 HLODRelevant:1 FolderPath:Playground FolderGuid:C73F09FC4215536B1DCE2A9E0A830C70
 |   |   |- Guid:B785ED2844B84CFB91E7F39FE661CD99 BaseClass: NativeClass:/Script/Engine.DirectionalLight Name:DirectionalLight_0 Label:DirectionalLight SpatiallyLoaded:0 Bounds:IsValid=true, Min=(X=-4398046511104.000 Y=-4398046511104.000 Z=-4398046511104.000), Max=(X=4398046511104.000 Y=4398046511104.000 Z=4398046511104.000) RuntimeGrid:None EditorOnly:0 RuntimeOnly:0 HLODRelevant:0 FolderPath:Lighting FolderGuid:963EC3EB4002CCE9759E2EBA541A873A
 |   |   |- Guid:BEBA0F284123E3B91EF618A40072FA6F BaseClass: NativeClass:/Script/Engine.StaticMeshActor Name:StaticMeshActor_UAID_309C23D1F6A6FD6201_2011637180 Label:SM_Cube97 SpatiallyLoaded:1 Bounds:IsValid=true, Min=(X=-3326.000 Y=1380.000 Z=76.000), Max=(X=-3176.000 Y=1405.000 Z=76.000) RuntimeGrid:None EditorOnly:0 RuntimeOnly:0 HLODRelevant:1 FolderPath:Playground FolderGuid:C73F09FC4215536B1DCE2A9E0A830C70
 |   |   |- Guid:C406ECD94E4CBC651799C3B6BF62D4C5 BaseClass: NativeClass:/Script/Engine.StaticMeshActor Name:StaticMeshActor_UAID_309C23D1F6A6EE6301_1579461614 Label:SM_Cube113 SpatiallyLoaded:1 Bounds:IsValid=true, Min=(X=-3501.000 Y=1480.000 Z=225.000), Max=(X=-3451.000 Y=1630.000 Z=250.000) RuntimeGrid:None EditorOnly:0 RuntimeOnly:0 HLODRelevant:1 FolderPath:Playground FolderGuid:C73F09FC4215536B1DCE2A9E0A830C70
 |   |   |- Guid:C8FD73EE4ADD71705EEEEDBA480B5C8E BaseClass: NativeClass:/Script/Engine.StaticMeshActor Name:StaticMeshActor_UAID_309C23D1F6A6FD6201_1833053178 Label:SM_Cube95 SpatiallyLoaded:1 Bounds:IsValid=true, Min=(X=-3326.000 Y=1480.000 Z=0.000), Max=(X=-3176.000 Y=1630.000 Z=100.000) RuntimeGrid:None EditorOnly:0 RuntimeOnly:0 HLODRelevant:1 FolderPath:Playground FolderGuid:C73F09FC4215536B1DCE2A9E0A830C70
 |   |   |- Guid:CB429A084647E482510672AF8476098E BaseClass: NativeClass:/Script/Engine.StaticMeshActor Name:StaticMeshActor_UAID_309C23D1F6A6EF6301_1280777821 Label:SM_Cube132 SpatiallyLoaded:1 Bounds:IsValid=true, Min=(X=-3651.000 Y=1204.000 Z=351.000), Max=(X=-3451.000 Y=1404.000 Z=351.000) RuntimeGrid:None EditorOnly:0 RuntimeOnly:0 HLODRelevant:1 FolderPath:Playground FolderGuid:C73F09FC4215536B1DCE2A9E0A830C70
 |   |   |- Guid:CCFF262C46EEFFDF319E7F9539CE697E BaseClass: NativeClass:/Script/Engine.SkyAtmosphere Name:SkyAtmosphere_0 Label:SkyAtmosphere SpatiallyLoaded:0 Bounds:IsValid=true, Min=(X=-540.000 Y=0.000 Z=1020.000), Max=(X=-540.000 Y=0.000 Z=1020.000) RuntimeGrid:None EditorOnly:0 RuntimeOnly:0 HLODRelevant:0 FolderPath:Lighting FolderGuid:963EC3EB4002CCE9759E2EBA541A873A
 |   |   |- Guid:D24E39374134A6318C6B52987BB3CBFB BaseClass: NativeClass:/Script/Engine.StaticMeshActor Name:StaticMeshActor_UAID_309C23D1F6A6636701_1911841352 Label:SM_Cube139 SpatiallyLoaded:1 Bounds:IsValid=true, Min=(X=-3650.000 Y=1330.000 Z=125.000), Max=(X=-3625.000 Y=1580.000 Z=225.000) RuntimeGrid:None EditorOnly:0 RuntimeOnly:0 HLODRelevant:1 FolderPath:Playground FolderGuid:C73F09FC4215536B1DCE2A9E0A830C70
 |   |   |- Guid:D265F76E4F208730CBC7E5825AC65CAC BaseClass: NativeClass:/Script/Engine.StaticMeshActor Name:StaticMeshActor_UAID_309C23D1F6A6EE6301_1275032606 Label:SM_Cube106 SpatiallyLoaded:1 Bounds:IsValid=true, Min=(X=-3401.000 Y=1480.000 Z=176.000), Max=(X=-3376.000 Y=1630.000 Z=176.000) RuntimeGrid:None EditorOnly:0 RuntimeOnly:0 HLODRelevant:1 FolderPath:Playground FolderGuid:C73F09FC4215536B1DCE2A9E0A830C70
 |   |   |- Guid:D3B05E0D4CE4D1CDE282B1B62C20CCB8 BaseClass: NativeClass:/Script/Engine.StaticMeshActor Name:StaticMeshActor_UAID_309C23D1F6A6EF6301_1178446815 Label:SM_Cube126 SpatiallyLoaded:1 Bounds:IsValid=true, Min=(X=-3651.000 Y=1404.000 Z=275.000), Max=(X=-3451.000 Y=1454.000 Z=300.000) RuntimeGrid:None EditorOnly:0 RuntimeOnly:0 HLODRelevant:1 FolderPath:Playground FolderGuid:C73F09FC4215536B1DCE2A9E0A830C70
 |   |   |- Guid:DDD2802A49A2EACABAD38F83C8059F69 BaseClass: NativeClass:/Script/Engine.StaticMeshActor Name:StaticMeshActor_UAID_309C23D1F6A68E6401_1233096753 Label:SM_Cube137 SpatiallyLoaded:1 Bounds:IsValid=true, Min=(X=-4125.000 Y=1079.000 Z=325.000), Max=(X=-3450.000 Y=1204.000 Z=350.000) RuntimeGrid:None EditorOnly:0 RuntimeOnly:0 HLODRelevant:1 FolderPath:Playground FolderGuid:C73F09FC4215536B1DCE2A9E0A830C70
 |   |   |- Guid:E5A0F79841730FC62EAFCF84BFA190A6 BaseClass: NativeClass:/Script/Engine.StaticMeshActor Name:StaticMeshActor_UAID_309C23D1F6A6EE6301_1559123612 Label:SM_Cube111 SpatiallyLoaded:1 Bounds:IsValid=true, Min=(X=-3476.000 Y=1480.000 Z=200.000), Max=(X=-3426.000 Y=1630.000 Z=225.000) RuntimeGrid:None EditorOnly:0 RuntimeOnly:0 HLODRelevant:1 FolderPath:Playground FolderGuid:C73F09FC4215536B1DCE2A9E0A830C70
 |   |   |- Guid:F062EFDE434E9909EC5AD895555B5B2C BaseClass: NativeClass:/Script/Engine.StaticMeshActor Name:StaticMeshActor_UAID_309C23D1F6A63F6401_1647393853 Label:SM_Cube107 SpatiallyLoaded:1 Bounds:IsValid=true, Min=(X=-3626.000 Y=1524.000 Z=0.000), Max=(X=-3576.000 Y=1574.000 Z=225.000) RuntimeGrid:None EditorOnly:0 RuntimeOnly:0 HLODRelevant:1 FolderPath:Playground FolderGuid:C73F09FC4215536B1DCE2A9E0A830C70
 |   |   |- Guid:F6025AD34CCAB64C709EF09329ED1247 BaseClass: NativeClass:/Script/Engine.StaticMeshActor Name:StaticMeshActor_UAID_309C23D1F6A6EE6301_1565777613 Label:SM_Cube112 SpatiallyLoaded:1 Bounds:IsValid=true, Min=(X=-3451.000 Y=1480.000 Z=226.000), Max=(X=-3426.000 Y=1630.000 Z=226.000) RuntimeGrid:None EditorOnly:0 RuntimeOnly:0 HLODRelevant:1 FolderPath:Playground FolderGuid:C73F09FC4215536B1DCE2A9E0A830C70
 |   |   |- Guid:FA9DE1A447BCCE9D4980AAA63977DAF4 BaseClass: NativeClass:/Script/Engine.StaticMeshActor Name:StaticMeshActor_UAID_309C23D1F6A6EF6301_1247505817 Label:SM_Cube128 SpatiallyLoaded:1 Bounds:IsValid=true, Min=(X=-3651.000 Y=1454.000 Z=276.000), Max=(X=-3451.000 Y=1479.000 Z=276.000) RuntimeGrid:None EditorOnly:0 RuntimeOnly:0 HLODRelevant:1 FolderPath:Playground FolderGuid:C73F09FC4215536B1DCE2A9E0A830C70
 |   |   |- Guid:FE41497F47114C4C8081F9A798283961 BaseClass: NativeClass:/Script/Engine.StaticMeshActor Name:StaticMeshActor_UAID_309C23D1F6A6EF6301_1277616820 Label:SM_Cube131 SpatiallyLoaded:1 Bounds:IsValid=true, Min=(X=-3651.000 Y=1404.000 Z=326.000), Max=(X=-3451.000 Y=1429.000 Z=326.000) RuntimeGrid:None EditorOnly:0 RuntimeOnly:0 HLODRelevant:1 FolderPath:Playground FolderGuid:C73F09FC4215536B1DCE2A9E0A830C70
 |   |- [+] Clusters:
 |   |   |- [+] [  0]
 |   |   |   |- Guid:6BAF4DDD444C60371492D3919DB42C97 BaseClass: NativeClass:/Script/Engine.WorldDataLayers Name:WorldDataLayers Label:WorldDataLayers SpatiallyLoaded:0 Bounds:IsValid=true, Min=(X=0.000 Y=0.000 Z=0.000), Max=(X=0.000 Y=0.000 Z=0.000) RuntimeGrid:None EditorOnly:0 RuntimeOnly:0 HLODRelevant:0
 |   |   |- [+] [  1]
 |   |   |   |- Guid:3B91AF8D4244618FF1B1F4AEB6FB2A67 BaseClass: NativeClass:/Script/Engine.StaticMeshActor Name:StaticMeshActor_UAID_309C23D1F6A6EE6301_1086721600 Label:SM_Cube96 SpatiallyLoaded:1 Bounds:IsValid=true, Min=(X=-3376.000 Y=1480.000 Z=0.000), Max=(X=-3326.000 Y=1630.000 Z=100.000) RuntimeGrid:None EditorOnly:0 RuntimeOnly:0 HLODRelevant:1 FolderPath:Playground FolderGuid:C73F09FC4215536B1DCE2A9E0A830C70
 |   |   |- [+] [  2]
 |   |   |   |- Guid:8C3E3C644BEC239E2D183F8C4BC42B97 BaseClass: NativeClass:/Script/Engine.StaticMeshActor Name:StaticMeshActor_UAID_309C23D1F6A6EF6301_1258965818 Label:SM_Cube129 SpatiallyLoaded:1 Bounds:IsValid=true, Min=(X=-3651.000 Y=1379.000 Z=300.000), Max=(X=-3451.000 Y=1429.000 Z=325.000) RuntimeGrid:None EditorOnly:0 RuntimeOnly:0 HLODRelevant:1 FolderPath:Playground FolderGuid:C73F09FC4215536B1DCE2A9E0A830C70
 |   |   |- [+] [  3]
 |   |   |   |- Guid:3BED1B5746C904535721ABB7C5F206F7 BaseClass: NativeClass:/Script/Engine.StaticMeshActor Name:StaticMeshActor_UAID_309C23D1F6A6FD6201_1802270176 Label:SM_Cube93 SpatiallyLoaded:1 Bounds:IsValid=true, Min=(X=-3326.000 Y=1380.000 Z=50.000), Max=(X=-3176.000 Y=1480.000 Z=75.000) RuntimeGrid:None EditorOnly:0 RuntimeOnly:0 HLODRelevant:1 FolderPath:Playground FolderGuid:C73F09FC4215536B1DCE2A9E0A830C70
 |   |   |- [+] [  4]
 |   |   |   |- Guid:1A6D192140BF8F72BD5C45ACF146A4FD BaseClass: NativeClass:/Script/Engine.StaticMeshActor Name:StaticMeshActor_UAID_309C23D1F6A6EE6301_1155881601 Label:SM_Cube101 SpatiallyLoaded:1 Bounds:IsValid=true, Min=(X=-3376.000 Y=1480.000 Z=100.000), Max=(X=-3326.000 Y=1630.000 Z=125.000) RuntimeGrid:None EditorOnly:0 RuntimeOnly:0 HLODRelevant:1 FolderPath:Playground FolderGuid:C73F09FC4215536B1DCE2A9E0A830C70
 |   |   |- [+] [  5]
 |   |   |   |- Guid:DDD2802A49A2EACABAD38F83C8059F69 BaseClass: NativeClass:/Script/Engine.StaticMeshActor Name:StaticMeshActor_UAID_309C23D1F6A68E6401_1233096753 Label:SM_Cube137 SpatiallyLoaded:1 Bounds:IsValid=true, Min=(X=-4125.000 Y=1079.000 Z=325.000), Max=(X=-3450.000 Y=1204.000 Z=350.000) RuntimeGrid:None EditorOnly:0 RuntimeOnly:0 HLODRelevant:1 FolderPath:Playground FolderGuid:C73F09FC4215536B1DCE2A9E0A830C70
 |   |   |- [+] [  6]
 |   |   |   |- Guid:D3B05E0D4CE4D1CDE282B1B62C20CCB8 BaseClass: NativeClass:/Script/Engine.StaticMeshActor Name:StaticMeshActor_UAID_309C23D1F6A6EF6301_1178446815 Label:SM_Cube126 SpatiallyLoaded:1 Bounds:IsValid=true, Min=(X=-3651.000 Y=1404.000 Z=275.000), Max=(X=-3451.000 Y=1454.000 Z=300.000) RuntimeGrid:None EditorOnly:0 RuntimeOnly:0 HLODRelevant:1 FolderPath:Playground FolderGuid:C73F09FC4215536B1DCE2A9E0A830C70
 |   |   |- [+] [  7]
 |   |   |   |- Guid:FE41497F47114C4C8081F9A798283961 BaseClass: NativeClass:/Script/Engine.StaticMeshActor Name:StaticMeshActor_UAID_309C23D1F6A6EF6301_1277616820 Label:SM_Cube131 SpatiallyLoaded:1 Bounds:IsValid=true, Min=(X=-3651.000 Y=1404.000 Z=326.000), Max=(X=-3451.000 Y=1429.000 Z=326.000) RuntimeGrid:None EditorOnly:0 RuntimeOnly:0 HLODRelevant:1 FolderPath:Playground FolderGuid:C73F09FC4215536B1DCE2A9E0A830C70
 |   |   |- [+] [  8]
 |   |   |   |- Guid:2A996CDB45DCDCA04810E78F58498ABF BaseClass: NativeClass:/Script/Engine.StaticMeshActor Name:StaticMeshActor_UAID_309C23D1F6A6EE6301_1778788621 Label:SM_Cube119 SpatiallyLoaded:1 Bounds:IsValid=true, Min=(X=-3650.000 Y=1580.000 Z=150.000), Max=(X=-3425.000 Y=1630.000 Z=175.000) RuntimeGrid:None EditorOnly:0 RuntimeOnly:0 HLODRelevant:1 FolderPath:Playground FolderGuid:C73F09FC4215536B1DCE2A9E0A830C70
 |   |   |- [+] [  9]
 |   |   |   |- Guid:4D3BE93F4146AAAC8BBE79999D96D57F BaseClass: NativeClass:/Script/Engine.VolumetricCloud Name:VolumetricCloud_0 Label:VolumetricCloud SpatiallyLoaded:0 Bounds:IsValid=true, Min=(X=-570.000 Y=0.000 Z=820.000), Max=(X=-570.000 Y=0.000 Z=820.000) RuntimeGrid:None EditorOnly:0 RuntimeOnly:0 HLODRelevant:0 FolderPath:Lighting FolderGuid:963EC3EB4002CCE9759E2EBA541A873A
 |   |   |- [+] [ 10]
 |   |   |   |- Guid:E5A0F79841730FC62EAFCF84BFA190A6 BaseClass: NativeClass:/Script/Engine.StaticMeshActor Name:StaticMeshActor_UAID_309C23D1F6A6EE6301_1559123612 Label:SM_Cube111 SpatiallyLoaded:1 Bounds:IsValid=true, Min=(X=-3476.000 Y=1480.000 Z=200.000), Max=(X=-3426.000 Y=1630.000 Z=225.000) RuntimeGrid:None EditorOnly:0 RuntimeOnly:0 HLODRelevant:1 FolderPath:Playground FolderGuid:C73F09FC4215536B1DCE2A9E0A830C70
 |   |   |- [+] [ 11]
 |   |   |   |- Guid:900B0A9C4C43577A4E3DDB971E94085A BaseClass: NativeClass:/Script/Engine.StaticMeshActor Name:StaticMeshActor_UAID_309C23D1F6A68E6401_1260549754 Label:SM_Cube138 SpatiallyLoaded:1 Bounds:IsValid=true, Min=(X=-4125.000 Y=1079.000 Z=351.000), Max=(X=-3450.000 Y=1204.000 Z=351.000) RuntimeGrid:None EditorOnly:0 RuntimeOnly:0 HLODRelevant:1 FolderPath:Playground FolderGuid:C73F09FC4215536B1DCE2A9E0A830C70
 |   |   |- [+] [ 12]
 |   |   |   |- Guid:F6025AD34CCAB64C709EF09329ED1247 BaseClass: NativeClass:/Script/Engine.StaticMeshActor Name:StaticMeshActor_UAID_309C23D1F6A6EE6301_1565777613 Label:SM_Cube112 SpatiallyLoaded:1 Bounds:IsValid=true, Min=(X=-3451.000 Y=1480.000 Z=226.000), Max=(X=-3426.000 Y=1630.000 Z=226.000) RuntimeGrid:None EditorOnly:0 RuntimeOnly:0 HLODRelevant:1 FolderPath:Playground FolderGuid:C73F09FC4215536B1DCE2A9E0A830C70
 |   |   |- [+] [ 13]
 |   |   |   |- Guid:FA9DE1A447BCCE9D4980AAA63977DAF4 BaseClass: NativeClass:/Script/Engine.StaticMeshActor Name:StaticMeshActor_UAID_309C23D1F6A6EF6301_1247505817 Label:SM_Cube128 SpatiallyLoaded:1 Bounds:IsValid=true, Min=(X=-3651.000 Y=1454.000 Z=276.000), Max=(X=-3451.000 Y=1479.000 Z=276.000) RuntimeGrid:None EditorOnly:0 RuntimeOnly:0 HLODRelevant:1 FolderPath:Playground FolderGuid:C73F09FC4215536B1DCE2A9E0A830C70
 |   |   |- [+] [ 14]
 |   |   |   |- Guid:CCFF262C46EEFFDF319E7F9539CE697E BaseClass: NativeClass:/Script/Engine.SkyAtmosphere Name:SkyAtmosphere_0 Label:SkyAtmosphere SpatiallyLoaded:0 Bounds:IsValid=true, Min=(X=-540.000 Y=0.000 Z=1020.000), Max=(X=-540.000 Y=0.000 Z=1020.000) RuntimeGrid:None EditorOnly:0 RuntimeOnly:0 HLODRelevant:0 FolderPath:Lighting FolderGuid:963EC3EB4002CCE9759E2EBA541A873A
 |   |   |- [+] [ 15]
 |   |   |   |- Guid:0F4F992C47D0F3D0577010AC528F12C8 BaseClass: NativeClass:/Script/Engine.StaticMeshActor Name:StaticMeshActor_UAID_309C23D1F6A6ED6301_1700649416 Label:SM_Cube99 SpatiallyLoaded:1 Bounds:IsValid=true, Min=(X=-3326.000 Y=1330.000 Z=26.000), Max=(X=-3176.000 Y=1355.000 Z=26.000) RuntimeGrid:None EditorOnly:0 RuntimeOnly:0 HLODRelevant:1 FolderPath:Playground FolderGuid:C73F09FC4215536B1DCE2A9E0A830C70
 |   |   |- [+] [ 16]
 |   |   |   |- Guid:C406ECD94E4CBC651799C3B6BF62D4C5 BaseClass: NativeClass:/Script/Engine.StaticMeshActor Name:StaticMeshActor_UAID_309C23D1F6A6EE6301_1579461614 Label:SM_Cube113 SpatiallyLoaded:1 Bounds:IsValid=true, Min=(X=-3501.000 Y=1480.000 Z=225.000), Max=(X=-3451.000 Y=1630.000 Z=250.000) RuntimeGrid:None EditorOnly:0 RuntimeOnly:0 HLODRelevant:1 FolderPath:Playground FolderGuid:C73F09FC4215536B1DCE2A9E0A830C70
 |   |   |- [+] [ 17]
 |   |   |   |- Guid:34FD869C41EE9E29C6D1E7BE86F301D5 BaseClass: NativeClass:/Script/Engine.StaticMeshActor Name:StaticMeshActor_UAID_309C23D1F6A6EE6301_1751896619 Label:SM_Cube118 SpatiallyLoaded:1 Bounds:IsValid=true, Min=(X=-3650.000 Y=1580.000 Z=125.000), Max=(X=-3400.000 Y=1630.000 Z=150.000) RuntimeGrid:None EditorOnly:0 RuntimeOnly:0 HLODRelevant:1 FolderPath:Playground FolderGuid:C73F09FC4215536B1DCE2A9E0A830C70
 |   |   |- [+] [ 18]
 |   |   |   |- Guid:CB429A084647E482510672AF8476098E BaseClass: NativeClass:/Script/Engine.StaticMeshActor Name:StaticMeshActor_UAID_309C23D1F6A6EF6301_1280777821 Label:SM_Cube132 SpatiallyLoaded:1 Bounds:IsValid=true, Min=(X=-3651.000 Y=1204.000 Z=351.000), Max=(X=-3451.000 Y=1404.000 Z=351.000) RuntimeGrid:None EditorOnly:0 RuntimeOnly:0 HLODRelevant:1 FolderPath:Playground FolderGuid:C73F09FC4215536B1DCE2A9E0A830C70
 |   |   |- [+] [ 19]
 |   |   |   |- Guid:B785ED2844B84CFB91E7F39FE661CD99 BaseClass: NativeClass:/Script/Engine.DirectionalLight Name:DirectionalLight_0 Label:DirectionalLight SpatiallyLoaded:0 Bounds:IsValid=true, Min=(X=-4398046511104.000 Y=-4398046511104.000 Z=-4398046511104.000), Max=(X=4398046511104.000 Y=4398046511104.000 Z=4398046511104.000) RuntimeGrid:None EditorOnly:0 RuntimeOnly:0 HLODRelevant:0 FolderPath:Lighting FolderGuid:963EC3EB4002CCE9759E2EBA541A873A
 |   |   |- [+] [ 20]
 |   |   |   |- Guid:ADA015A748A79FA9C536C3A80BFE363E BaseClass: NativeClass:/Script/Engine.StaticMeshActor Name:StaticMeshActor_UAID_309C23D1F6A6EE6301_1535622610 Label:SM_Cube109 SpatiallyLoaded:1 Bounds:IsValid=true, Min=(X=-3451.000 Y=1480.000 Z=175.000), Max=(X=-3401.000 Y=1630.000 Z=200.000) RuntimeGrid:None EditorOnly:0 RuntimeOnly:0 HLODRelevant:1 FolderPath:Playground FolderGuid:C73F09FC4215536B1DCE2A9E0A830C70
 |   |   |- [+] [ 21]
 |   |   |   |- Guid:218BD71C4E4CB3C3B7A5D0AF879F04AB BaseClass: NativeClass:/Script/Engine.StaticMeshActor Name:StaticMeshActor_UAID_309C23D1F6A6EE6301_1548241611 Label:SM_Cube110 SpatiallyLoaded:1 Bounds:IsValid=true, Min=(X=-3426.000 Y=1480.000 Z=201.000), Max=(X=-3401.000 Y=1630.000 Z=201.000) RuntimeGrid:None EditorOnly:0 RuntimeOnly:0 HLODRelevant:1 FolderPath:Playground FolderGuid:C73F09FC4215536B1DCE2A9E0A830C70
 |   |   |- [+] [ 22]
 |   |   |   |- Guid:5244099248B689DCF5D71F937AA1D7F7 BaseClass: NativeClass:/Script/Engine.StaticMeshActor Name:StaticMeshActor_UAID_309C23D1F6A6ED6301_1681081415 Label:SM_Cube98 SpatiallyLoaded:1 Bounds:IsValid=true, Min=(X=-3326.000 Y=1355.000 Z=51.000), Max=(X=-3176.000 Y=1380.000 Z=51.000) RuntimeGrid:None EditorOnly:0 RuntimeOnly:0 HLODRelevant:1 FolderPath:Playground FolderGuid:C73F09FC4215536B1DCE2A9E0A830C70
 |   |   |- [+] [ 23]
 |   |   |   |- Guid:316CF2A6494ACA4C0E4180A87D36AB8F BaseClass: NativeClass:/Script/Engine.ExponentialHeightFog Name:ExponentialHeightFog_0 Label:ExponentialHeightFog SpatiallyLoaded:0 Bounds:IsValid=true, Min=(X=-5600.000 Y=-50.000 Z=-6850.000), Max=(X=-5600.000 Y=-50.000 Z=-6850.000) RuntimeGrid:None EditorOnly:0 RuntimeOnly:0 HLODRelevant:0 FolderPath:Lighting FolderGuid:963EC3EB4002CCE9759E2EBA541A873A
 |   |   |- [+] [ 24]
 |   |   |   |- Guid:11FE85AB4504171334028B93FDBE6719 BaseClass: NativeClass:/Script/Engine.StaticMeshActor Name:StaticMeshActor_UAID_309C23D1F6A6EE6301_1629604616 Label:SM_Cube115 SpatiallyLoaded:1 Bounds:IsValid=true, Min=(X=-3650.000 Y=1480.000 Z=225.000), Max=(X=-3500.000 Y=1630.000 Z=250.000) RuntimeGrid:None EditorOnly:0 RuntimeOnly:0 HLODRelevant:1 FolderPath:Playground FolderGuid:C73F09FC4215536B1DCE2A9E0A830C70
 |   |   |- [+] [ 25]
 |   |   |   |- Guid:95F9009D4C0B0994F41298886D00471F BaseClass: NativeClass:/Script/Engine.StaticMeshActor Name:StaticMeshActor_UAID_309C23D1F6A6EE6301_1209981602 Label:SM_Cube102 SpatiallyLoaded:1 Bounds:IsValid=true, Min=(X=-3401.000 Y=1480.000 Z=125.000), Max=(X=-3351.000 Y=1630.000 Z=150.000) RuntimeGrid:None EditorOnly:0 RuntimeOnly:0 HLODRelevant:1 FolderPath:Playground FolderGuid:C73F09FC4215536B1DCE2A9E0A830C70
 |   |   |- [+] [ 26]
 |   |   |   |- Guid:724CF94F411B0F2D756B749A8C074E6A BaseClass: NativeClass:/Script/Engine.StaticMeshActor Name:StaticMeshActor_UAID_309C23D1F6A63F6401_1208562850 Label:SM_Cube133 SpatiallyLoaded:1 Bounds:IsValid=true, Min=(X=-4176.000 Y=1204.000 Z=351.000), Max=(X=-3651.000 Y=1554.000 Z=351.000) RuntimeGrid:None EditorOnly:0 RuntimeOnly:0 HLODRelevant:1 FolderPath:Playground FolderGuid:C73F09FC4215536B1DCE2A9E0A830C70
 |   |   |- [+] [ 27]
 |   |   |   |- Guid:8ABAAA1E41C8D79E30D75E90107C2D17 BaseClass: NativeClass:/Script/Engine.StaticMeshActor Name:StaticMeshActor_UAID_309C23D1F6A6FD6201_1817378177 Label:SM_Cube94 SpatiallyLoaded:1 Bounds:IsValid=true, Min=(X=-3326.000 Y=1405.000 Z=75.000), Max=(X=-3176.000 Y=1480.000 Z=100.000) RuntimeGrid:None EditorOnly:0 RuntimeOnly:0 HLODRelevant:1 FolderPath:Playground FolderGuid:C73F09FC4215536B1DCE2A9E0A830C70
 |   |   |- [+] [ 28]
 |   |   |   |- Guid:ABFC15A34E92B4425FA1E48DEA849ECB BaseClass: NativeClass:/Script/Engine.StaticMeshActor Name:StaticMeshActor_UAID_309C23D1F6A6EE6301_1712415618 Label:SM_Cube117 SpatiallyLoaded:1 Bounds:IsValid=true, Min=(X=-3650.000 Y=1605.000 Z=0.000), Max=(X=-3375.000 Y=1630.000 Z=125.000) RuntimeGrid:None EditorOnly:0 RuntimeOnly:0 HLODRelevant:1 FolderPath:Playground FolderGuid:C73F09FC4215536B1DCE2A9E0A830C70
 |   |   |- [+] [ 29]
 |   |   |   |- Guid:2FB58999456391D349DC0F86DAC136ED BaseClass: NativeClass:/Script/Engine.SkyLight Name:SkyLight_1 Label:SkyLight SpatiallyLoaded:0 Bounds:IsValid=true, Min=(X=-570.000 Y=0.000 Z=690.000), Max=(X=-570.000 Y=0.000 Z=690.000) RuntimeGrid:None EditorOnly:0 RuntimeOnly:0 HLODRelevant:0 FolderPath:Lighting FolderGuid:963EC3EB4002CCE9759E2EBA541A873A
 |   |   |- [+] [ 30]
 |   |   |   |- Guid:5C2EE0C8401C2F7844CB7EB11C147BC7 BaseClass: NativeClass:/Script/Engine.StaticMeshActor Name:StaticMeshActor_UAID_309C23D1F6A6EF6301_1272806819 Label:SM_Cube130 SpatiallyLoaded:1 Bounds:IsValid=true, Min=(X=-3651.000 Y=1204.000 Z=325.000), Max=(X=-3451.000 Y=1404.000 Z=350.000) RuntimeGrid:None EditorOnly:0 RuntimeOnly:0 HLODRelevant:1 FolderPath:Playground FolderGuid:C73F09FC4215536B1DCE2A9E0A830C70
 |   |   |- [+] [ 31]
 |   |   |   |- Guid:D265F76E4F208730CBC7E5825AC65CAC BaseClass: NativeClass:/Script/Engine.StaticMeshActor Name:StaticMeshActor_UAID_309C23D1F6A6EE6301_1275032606 Label:SM_Cube106 SpatiallyLoaded:1 Bounds:IsValid=true, Min=(X=-3401.000 Y=1480.000 Z=176.000), Max=(X=-3376.000 Y=1630.000 Z=176.000) RuntimeGrid:None EditorOnly:0 RuntimeOnly:0 HLODRelevant:1 FolderPath:Playground FolderGuid:C73F09FC4215536B1DCE2A9E0A830C70
 |   |   |- [+] [ 32]
 |   |   |   |- Guid:060E654942A81DB0643D8DA9DBFDB0EA BaseClass: NativeClass:/Script/Engine.StaticMeshActor Name:StaticMeshActor_UAID_309C23D1F6A6EE6301_1792755623 Label:SM_Cube121 SpatiallyLoaded:1 Bounds:IsValid=true, Min=(X=-3650.000 Y=1580.000 Z=200.000), Max=(X=-3475.000 Y=1630.000 Z=225.000) RuntimeGrid:None EditorOnly:0 RuntimeOnly:0 HLODRelevant:1 FolderPath:Playground FolderGuid:C73F09FC4215536B1DCE2A9E0A830C70
 |   |   |- [+] [ 33]
 |   |   |   |- Guid:6AC012A24103639FFAC2318E28516DF1 BaseClass: NativeClass:/Script/Engine.StaticMeshActor Name:StaticMeshActor_UAID_309C23D1F6A6EE6301_1215443603 Label:SM_Cube103 SpatiallyLoaded:1 Bounds:IsValid=true, Min=(X=-3426.000 Y=1480.000 Z=150.000), Max=(X=-3376.000 Y=1630.000 Z=175.000) RuntimeGrid:None EditorOnly:0 RuntimeOnly:0 HLODRelevant:1 FolderPath:Playground FolderGuid:C73F09FC4215536B1DCE2A9E0A830C70
 |   |   |- [+] [ 34]
 |   |   |   |- Guid:7E1EB1574CDBE2BCE012A786A53697C8 BaseClass: NativeClass:/Script/Engine.StaticMeshActor Name:StaticMeshActor_UAID_309C23D1F6A6EE6301_1786917622 Label:SM_Cube120 SpatiallyLoaded:1 Bounds:IsValid=true, Min=(X=-3650.000 Y=1580.000 Z=175.000), Max=(X=-3450.000 Y=1630.000 Z=200.000) RuntimeGrid:None EditorOnly:0 RuntimeOnly:0 HLODRelevant:1 FolderPath:Playground FolderGuid:C73F09FC4215536B1DCE2A9E0A830C70
 |   |   |- [+] [ 35]
 |   |   |   |- Guid:4CFA7A7545193240B58EA3A2700841E0 BaseClass: NativeClass:/Script/Engine.StaticMeshActor Name:StaticMeshActor_UAID_309C23D1F6A6FC6201_2012911009 Label:SM_Cube77 SpatiallyLoaded:1 Bounds:IsValid=true, Min=(X=-3326.000 Y=1330.000 Z=0.000), Max=(X=-3176.000 Y=1480.000 Z=25.000) RuntimeGrid:None EditorOnly:0 RuntimeOnly:0 HLODRelevant:1 FolderPath:Playground FolderGuid:C73F09FC4215536B1DCE2A9E0A830C70
 |   |   |- [+] [ 36]
 |   |   |   |- Guid:81A695CC41E751C2E01BF6A409913D0A BaseClass: NativeClass:/Script/Engine.StaticMeshActor Name:StaticMeshActor_UAID_309C23D1F6A63F6401_1241256851 Label:SM_Cube134 SpatiallyLoaded:1 Bounds:IsValid=true, Min=(X=-4176.000 Y=1204.000 Z=325.000), Max=(X=-3651.000 Y=1554.000 Z=350.000) RuntimeGrid:None EditorOnly:0 RuntimeOnly:0 HLODRelevant:1 FolderPath:Playground FolderGuid:C73F09FC4215536B1DCE2A9E0A830C70
 |   |   |- [+] [ 37]
 |   |   |   |- Guid:87F33B9945E528220A34AEADE2FBA308 BaseClass: NativeClass:/Script/Engine.StaticMeshActor Name:StaticMeshActor_UAID_309C23D1F6A6EF6301_1186598816 Label:SM_Cube127 SpatiallyLoaded:1 Bounds:IsValid=true, Min=(X=-3651.000 Y=1429.000 Z=301.000), Max=(X=-3451.000 Y=1454.000 Z=301.000) RuntimeGrid:None EditorOnly:0 RuntimeOnly:0 HLODRelevant:1 FolderPath:Playground FolderGuid:C73F09FC4215536B1DCE2A9E0A830C70
 |   |   |- [+] [ 38]
 |   |   |   |- Guid:D24E39374134A6318C6B52987BB3CBFB BaseClass: NativeClass:/Script/Engine.StaticMeshActor Name:StaticMeshActor_UAID_309C23D1F6A6636701_1911841352 Label:SM_Cube139 SpatiallyLoaded:1 Bounds:IsValid=true, Min=(X=-3650.000 Y=1330.000 Z=125.000), Max=(X=-3625.000 Y=1580.000 Z=225.000) RuntimeGrid:None EditorOnly:0 RuntimeOnly:0 HLODRelevant:1 FolderPath:Playground FolderGuid:C73F09FC4215536B1DCE2A9E0A830C70
 |   |   |- [+] [ 39]
 |   |   |   |- Guid:BEBA0F284123E3B91EF618A40072FA6F BaseClass: NativeClass:/Script/Engine.StaticMeshActor Name:StaticMeshActor_UAID_309C23D1F6A6FD6201_2011637180 Label:SM_Cube97 SpatiallyLoaded:1 Bounds:IsValid=true, Min=(X=-3326.000 Y=1380.000 Z=76.000), Max=(X=-3176.000 Y=1405.000 Z=76.000) RuntimeGrid:None EditorOnly:0 RuntimeOnly:0 HLODRelevant:1 FolderPath:Playground FolderGuid:C73F09FC4215536B1DCE2A9E0A830C70
 |   |   |- [+] [ 40]
 |   |   |   |- Guid:F062EFDE434E9909EC5AD895555B5B2C BaseClass: NativeClass:/Script/Engine.StaticMeshActor Name:StaticMeshActor_UAID_309C23D1F6A63F6401_1647393853 Label:SM_Cube107 SpatiallyLoaded:1 Bounds:IsValid=true, Min=(X=-3626.000 Y=1524.000 Z=0.000), Max=(X=-3576.000 Y=1574.000 Z=225.000) RuntimeGrid:None EditorOnly:0 RuntimeOnly:0 HLODRelevant:1 FolderPath:Playground FolderGuid:C73F09FC4215536B1DCE2A9E0A830C70
 |   |   |- [+] [ 41]
 |   |   |   |- Guid:383B1EE341A081BC80E2A88D3669C9C3 BaseClass: NativeClass:/Script/Engine.StaticMeshActor Name:StaticMeshActor_UAID_309C23D1F6A6EE6301_2139707638 Label:SM_Cube125 SpatiallyLoaded:1 Bounds:IsValid=true, Min=(X=-3651.000 Y=1429.000 Z=250.000), Max=(X=-3451.000 Y=1479.000 Z=275.000) RuntimeGrid:None EditorOnly:0 RuntimeOnly:0 HLODRelevant:1 FolderPath:Playground FolderGuid:C73F09FC4215536B1DCE2A9E0A830C70
 |   |   |- [+] [ 42]
 |   |   |   |- Guid:3A00AA1C422CE54C0BDB60BAF471BFBB BaseClass: NativeClass:/Script/Engine.PlayerStart Name:PlayerStart_0 Label:PlayerStart SpatiallyLoaded:0 Bounds:IsValid=true, Min=(X=1450.000 Y=1300.000 Z=1765.013), Max=(X=1530.000 Y=1380.000 Z=1949.013) RuntimeGrid:None EditorOnly:0 RuntimeOnly:0 HLODRelevant:0
 |   |   |- [+] [ 43]
 |   |   |   |- Guid:849596F54F6C86BA7D7EFF8170A4E6EA BaseClass: NativeClass:/Script/Engine.StaticMeshActor Name:StaticMeshActor_UAID_309C23D1F6A6636701_1854258351 Label:SM_Cube135 SpatiallyLoaded:1 Bounds:IsValid=true, Min=(X=-3650.000 Y=1330.000 Z=0.000), Max=(X=-3625.000 Y=1605.000 Z=125.000) RuntimeGrid:None EditorOnly:0 RuntimeOnly:0 HLODRelevant:1 FolderPath:Playground FolderGuid:C73F09FC4215536B1DCE2A9E0A830C70
 |   |   |- [+] [ 44]
 |   |   |   |- Guid:C8FD73EE4ADD71705EEEEDBA480B5C8E BaseClass: NativeClass:/Script/Engine.StaticMeshActor Name:StaticMeshActor_UAID_309C23D1F6A6FD6201_1833053178 Label:SM_Cube95 SpatiallyLoaded:1 Bounds:IsValid=true, Min=(X=-3326.000 Y=1480.000 Z=0.000), Max=(X=-3176.000 Y=1630.000 Z=100.000) RuntimeGrid:None EditorOnly:0 RuntimeOnly:0 HLODRelevant:1 FolderPath:Playground FolderGuid:C73F09FC4215536B1DCE2A9E0A830C70
 |   |   |- [+] [ 45]
 |   |   |   |- Guid:047FE97B48C07E179ADDF699EEA3B681 BaseClass: NativeClass:/Script/Engine.StaticMeshActor Name:StaticMeshActor_UAID_309C23D1F6A6EE6301_1589292615 Label:SM_Cube114 SpatiallyLoaded:1 Bounds:IsValid=true, Min=(X=-3651.000 Y=1480.000 Z=251.000), Max=(X=-3451.000 Y=1630.000 Z=251.000) RuntimeGrid:None EditorOnly:0 RuntimeOnly:0 HLODRelevant:1 FolderPath:Playground FolderGuid:C73F09FC4215536B1DCE2A9E0A830C70
 |   |   |- [+] [ 46]
 |   |   |   |- Guid:3C919ED3447531AE34142EA2F31BE893 BaseClass: NativeClass:/Script/Engine.StaticMeshActor Name:StaticMeshActor_UAID_309C23D1F6A6FD6201_1792274175 Label:SM_Cube81 SpatiallyLoaded:1 Bounds:IsValid=true, Min=(X=-3326.000 Y=1355.000 Z=25.000), Max=(X=-3176.000 Y=1480.000 Z=50.000) RuntimeGrid:None EditorOnly:0 RuntimeOnly:0 HLODRelevant:1 FolderPath:Playground FolderGuid:C73F09FC4215536B1DCE2A9E0A830C70
 |   |   |- [+] [ 47]
 |   |   |   |- Guid:04F1E1964A24263CA530E99F7CAF59C0 BaseClass: NativeClass:/Script/Engine.StaticMeshActor Name:StaticMeshActor_UAID_309C23D1F6A6EE6301_1243974604 Label:SM_Cube104 SpatiallyLoaded:1 Bounds:IsValid=true, Min=(X=-3351.000 Y=1480.000 Z=126.000), Max=(X=-3326.000 Y=1630.000 Z=126.000) RuntimeGrid:None EditorOnly:0 RuntimeOnly:0 HLODRelevant:1 FolderPath:Playground FolderGuid:C73F09FC4215536B1DCE2A9E0A830C70
 |   |   |- [+] [ 48]
 |   |   |   |- Guid:40EC72184E56CB9735460B89F1F9016D BaseClass: NativeClass:/Script/Engine.StaticMeshActor Name:StaticMeshActor_UAID_309C23D1F6A6EE6301_1271362605 Label:SM_Cube105 SpatiallyLoaded:1 Bounds:IsValid=true, Min=(X=-3376.000 Y=1480.000 Z=151.000), Max=(X=-3351.000 Y=1630.000 Z=151.000) RuntimeGrid:None EditorOnly:0 RuntimeOnly:0 HLODRelevant:1 FolderPath:Playground FolderGuid:C73F09FC4215536B1DCE2A9E0A830C70
 |   |   |- [+] [ 49]
 |   |   |   |- Guid:496D732D4179A8707F33F293BC6E475C BaseClass: NativeClass:/Script/Engine.StaticMeshActor Name:StaticMeshActor_UAID_309C23D1F6A6ED6301_1707974417 Label:SM_Cube100 SpatiallyLoaded:1 Bounds:IsValid=true, Min=(X=-3326.000 Y=1405.000 Z=101.000), Max=(X=-3176.000 Y=1630.000 Z=101.000) RuntimeGrid:None EditorOnly:0 RuntimeOnly:0 HLODRelevant:1 FolderPath:Playground FolderGuid:C73F09FC4215536B1DCE2A9E0A830C70
 |- ContainerInstances:
 |- [+] MainContainer:
 |   |-        ID: 0x0000000000000000
 |   |-    Bounds: IsValid=false, Min=(X=0.000 Y=0.000 Z=0.000), Max=(X=0.000 Y=0.000 Z=0.000)
 |   |- Transform: 0.000000,0.000000,0.000000|0.000000,0.000000,-0.000000|1.000000,1.000000,1.000000
 |   |- Container: /Game/ThirdPerson/Maps/ThirdPersonMap
----------------------------------------------------------------------------------------------------------------
ThirdPersonMap - Persistent Level
----------------------------------------------------------------------------------------------------------------
Always loaded Actor Count: 162 

----------------------------------------------------------------------------------------------------------------
ThirdPersonMap - Runtime Spatial Hash - Streaming Grid - MainGrid
----------------------------------------------------------------------------------------------------------------
            Origin: X=0.000 Y=0.000 Z=0.000
         Cell Size: 12800
      World Bounds: IsValid=false, Min=(X=0.000 Y=0.000 Z=0.000), Max=(X=0.000 Y=0.000 Z=0.000)
     Loading Range: 25600.00
Block Slow Loading: No
 ClientOnlyVisible: No

[+] Grid Levels: 1
 |- Level  0: Cell Count    0 | Cell Size   12800 | Actor Count    0 (0.0%)

[+] Content of Grid Level 0

