[+] Containers:
 |- [+] Container: /Game/ThirdPerson/Maps/ThirdPersonMap
 |   |- [+] ActorDescs:
 |   |   |- Guid:0BC3ADF1457667266FB261ACC2FB936F BaseClass:/Game/StarterContent/Props/Facy-Door.Facy-Door_C NativeClass:/Script/Engine.Actor Name:Facy-Door_C_UAID_309C23D1F6A62F7001_1696267703 Label:Facy-Door SpatiallyLoaded:1 Bounds:IsValid=true, Min=(X=3353.480 Y=4590.000 Z=826.500), Max=(X=3512.041 Y=4702.000 Z=1076.550) RuntimeGrid:None EditorOnly:0 RuntimeOnly:0 HLODRelevant:0
 |   |   |- Guid:117D89EA41818C8FB9CB7C89FAD11FB4 BaseClass:/Game/StarterContent/Props/Wall-Mini.Wall-Mini_C NativeClass:/Script/Engine.Actor Name:Wall-Mini_C_UAID_309C23D1F6A6E06F01_1427656813 Label:Wall-Mini8 SpatiallyLoaded:1 Bounds:IsValid=true, Min=(X=2814.000 Y=4604.625 Z=822.750), Max=(X=3314.000 Y=4623.375 Z=848.250) RuntimeGrid:None EditorOnly:0 RuntimeOnly:0 HLODRelevant:0
 |   |   |- Guid:179C3AE3462341F5CC8827BB89613DAD BaseClass:/Game/StarterContent/Props/Light-Switch.Light-Switch_C NativeClass:/Script/Engine.Actor Name:Light-Switch_C_UAID_309C23D1F6A6C37101_1861510809 Label:Light-Switch2 SpatiallyLoaded:1 Bounds:IsValid=true, Min=(X=3346.500 Y=4694.000 Z=859.000), Max=(X=3448.500 Y=4796.000 Z=1081.000) RuntimeGrid:None EditorOnly:0 RuntimeOnly:0 HLODRelevant:0
 |   |   |- Guid:1AB30690486E1D8548EBAEA4F1D9BDEC BaseClass:/Game/StarterContent/Props/Wall-Mini.Wall-Mini_C NativeClass:/Script/Engine.Actor Name:Wall-Mini_C_UAID_309C23D1F6A6C27101_1536217633 Label:Wall-Mini12 SpatiallyLoaded:1 Bounds:IsValid=true, Min=(X=3514.750 Y=4265.625 Z=822.750), Max=(X=3577.250 Y=4284.375 Z=848.250) RuntimeGrid:None EditorOnly:0 RuntimeOnly:0 HLODRelevant:0
 |   |   |- Guid:234A45B448562C013E785F8FB5AAEBE4 BaseClass:/Game/StarterContent/Props/Wall-Mini.Wall-Mini_C NativeClass:/Script/Engine.Actor Name:Wall-Mini_C_UAID_309C23D1F6A6E06F01_1197796804 Label:Wall-Mini SpatiallyLoaded:1 Bounds:IsValid=true, Min=(X=2314.000 Y=4265.625 Z=822.750), Max=(X=2814.000 Y=4284.375 Z=848.250) RuntimeGrid:None EditorOnly:0 RuntimeOnly:0 HLODRelevant:0
 |   |   |- Guid:23BEEBBC400B5805BC77D7B02A2C009B BaseClass:/Game/StarterContent/Props/Wall-Mini.Wall-Mini_C NativeClass:/Script/Engine.Actor Name:Wall-Mini_C_UAID_309C23D1F6A6C27101_1586085634 Label:Wall-Mini13 SpatiallyLoaded:1 Bounds:IsValid=true, Min=(X=3300.750 Y=4604.625 Z=822.750), Max=(X=3363.250 Y=4623.375 Z=848.250) RuntimeGrid:None EditorOnly:0 RuntimeOnly:0 HLODRelevant:0
 |   |   |- Guid:296E09A04D4D5573BD3C91820E333804 BaseClass:/Game/StarterContent/Props/Roof-Light.Roof-Light_C NativeClass:/Script/Engine.Actor Name:Roof-Light_C_UAID_309C23D1F6A68F6F01_1611824545 Label:Roof-Light SpatiallyLoaded:1 Bounds:IsValid=true, Min=(X=4015.000 Y=4400.000 Z=1152.812), Max=(X=4115.000 Y=4500.000 Z=1187.188) RuntimeGrid:None EditorOnly:0 RuntimeOnly:0 HLODRelevant:0
 |   |   |- Guid:319F65CC42BCB84709B738BCFF34D9C9 BaseClass:/Game/StarterContent/Props/Wall-Mini.Wall-Mini_C NativeClass:/Script/Engine.Actor Name:Wall-Mini_C_UAID_309C23D1F6A6C27101_1607049635 Label:Wall-Mini14 SpatiallyLoaded:1 Bounds:IsValid=true, Min=(X=3514.750 Y=4604.625 Z=822.750), Max=(X=3577.250 Y=4623.375 Z=848.250) RuntimeGrid:None EditorOnly:0 RuntimeOnly:0 HLODRelevant:0
 |   |   |- Guid:3A00AA1C422CE54C0BDB60BAF471BFBB BaseClass: NativeClass:/Script/Engine.PlayerStart Name:PlayerStart_0 Label:PlayerStart SpatiallyLoaded:0 Bounds:IsValid=true, Min=(X=3406.787 Y=4416.176 Z=899.114), Max=(X=3486.787 Y=4496.176 Z=1083.114) RuntimeGrid:None EditorOnly:0 RuntimeOnly:0 HLODRelevant:0
 |   |   |- Guid:3A83C93E4C52E36E8405DFB8AFC91302 BaseClass:/Game/StarterContent/Props/Light.Light_C NativeClass:/Script/Engine.Actor Name:Light_C_UAID_309C23D1F6A6C37101_1846173808 Label:Light SpatiallyLoaded:1 Bounds:IsValid=true, Min=(X=3385.000 Y=4725.000 Z=1052.812), Max=(X=3485.000 Y=4825.000 Z=1087.188) RuntimeGrid:None EditorOnly:0 RuntimeOnly:0 HLODRelevant:0
 |   |   |- Guid:3CEFA2FF49CDE3E784875FA26EFCA2EE BaseClass: NativeClass:/Script/Engine.RectLight Name:RectLight_UAID_309C23D1F6A68F6F01_1766423546 Label:RectLight3 SpatiallyLoaded:1 Bounds:IsValid=true, Min=(X=1815.000 Y=3450.000 Z=165.000), Max=(X=3815.000 Y=5450.000 Z=2165.000) RuntimeGrid:None EditorOnly:0 RuntimeOnly:0 HLODRelevant:0
 |   |   |- Guid:4CADD9CA485811883FA8BE95F076D88B BaseClass:/Game/StarterContent/Props/Facy-Door.Facy-Door_C NativeClass:/Script/Engine.Actor Name:Facy-Door_C_UAID_309C23D1F6A6A47301_1372957463 Label:Facy-Door2 SpatiallyLoaded:1 Bounds:IsValid=true, Min=(X=3353.480 Y=4170.000 Z=826.500), Max=(X=3512.041 Y=4282.000 Z=1076.550) RuntimeGrid:None EditorOnly:0 RuntimeOnly:0 HLODRelevant:0
 |   |   |- Guid:5B26F1F54398ABA54D1D309922CDB701 BaseClass:/Game/StarterContent/Particles/DoorBP.DoorBP_C NativeClass:/Script/Engine.Actor Name:DoorBP_C_UAID_309C23D1F6A6A67301_2001635816 Label:DoorBP SpatiallyLoaded:1 Bounds:IsValid=true, Min=(X=3517.500 Y=4365.000 Z=835.000), Max=(X=3652.500 Y=4459.500 Z=1035.000) RuntimeGrid:None EditorOnly:0 RuntimeOnly:0 HLODRelevant:0
 |   |   |- Guid:5C909DC54567C5B290CB228AA105342D BaseClass:/Game/StarterContent/Props/Wall-Mini.Wall-Mini_C NativeClass:/Script/Engine.Actor Name:Wall-Mini_C_UAID_309C23D1F6A6E06F01_1477848816 Label:Wall-Mini11 SpatiallyLoaded:1 Bounds:IsValid=true, Min=(X=4064.000 Y=4604.625 Z=822.750), Max=(X=4564.000 Y=4623.375 Z=848.250) RuntimeGrid:None EditorOnly:0 RuntimeOnly:0 HLODRelevant:0
 |   |   |- Guid:6BAF4DDD444C60371492D3919DB42C97 BaseClass: NativeClass:/Script/Engine.WorldDataLayers Name:WorldDataLayers Label:WorldDataLayers SpatiallyLoaded:0 Bounds:IsValid=true, Min=(X=0.000 Y=0.000 Z=0.000), Max=(X=0.000 Y=0.000 Z=0.000) RuntimeGrid:None EditorOnly:0 RuntimeOnly:0 HLODRelevant:0
 |   |   |- Guid:6DB98750466C61588DFECA8566D9444D BaseClass: NativeClass:/Script/Engine.RectLight Name:RectLight_UAID_309C23D1F6A6727101_1654300554 Label:RectLight4 SpatiallyLoaded:1 Bounds:IsValid=true, Min=(X=2470.000 Y=2840.000 Z=165.000), Max=(X=4470.000 Y=4840.000 Z=2165.000) RuntimeGrid:None EditorOnly:0 RuntimeOnly:0 HLODRelevant:0
 |   |   |- Guid:75012FE94DF804D4B9B0ACA61288F705 BaseClass:/Game/StarterContent/Props/Wall-Mini.Wall-Mini_C NativeClass:/Script/Engine.Actor Name:Wall-Mini_C_UAID_309C23D1F6A6E06F01_1304632807 Label:Wall-Mini2 SpatiallyLoaded:1 Bounds:IsValid=true, Min=(X=2814.000 Y=4265.625 Z=822.750), Max=(X=3314.000 Y=4284.375 Z=848.250) RuntimeGrid:None EditorOnly:0 RuntimeOnly:0 HLODRelevant:0
 |   |   |- Guid:8C2BD5B3421BA36295C123B1DB2EB75F BaseClass: NativeClass:/Script/Engine.RectLight Name:RectLight_UAID_309C23D1F6A6EF6E01_1724587388 Label:RectLight SpatiallyLoaded:1 Bounds:IsValid=true, Min=(X=-3565.000 Y=-880.000 Z=-950.000), Max=(X=635.000 Y=3320.000 Z=3250.000) RuntimeGrid:None EditorOnly:0 RuntimeOnly:0 HLODRelevant:0
 |   |   |- Guid:95BE7F614138AC045E310785D384BE1B BaseClass: NativeClass:/Script/Engine.SkeletalMeshActor Name:SkeletalMeshActor_UAID_309C23D1F6A63F6F01_1662515465 Label:SK_Mannequin_PhysicsAsset SpatiallyLoaded:1 Bounds:IsValid=true, Min=(X=4053.981 Y=4462.771 Z=833.574), Max=(X=4198.089 Y=4500.056 Z=1020.456) RuntimeGrid:None EditorOnly:0 RuntimeOnly:0 HLODRelevant:0
 |   |   |- Guid:A1CF56194DBAE0CB740C50B3934D2A84 BaseClass:/Game/StarterContent/Props/Light.Light_C NativeClass:/Script/Engine.Actor Name:Light_C_UAID_309C23D1F6A6727101_1611698552 Label:Light2 SpatiallyLoaded:1 Bounds:IsValid=true, Min=(X=3500.000 Y=4090.000 Z=1147.812), Max=(X=3600.000 Y=4190.000 Z=1182.188) RuntimeGrid:None EditorOnly:0 RuntimeOnly:0 HLODRelevant:0
 |   |   |- Guid:BF3A0F0249F17DBB084DCF9746409808 BaseClass:/Game/StarterContent/Props/Wall-Mini.Wall-Mini_C NativeClass:/Script/Engine.Actor Name:Wall-Mini_C_UAID_309C23D1F6A6E06F01_1460576815 Label:Wall-Mini10 SpatiallyLoaded:1 Bounds:IsValid=true, Min=(X=3564.000 Y=4604.625 Z=822.750), Max=(X=4064.000 Y=4623.375 Z=848.250) RuntimeGrid:None EditorOnly:0 RuntimeOnly:0 HLODRelevant:0
 |   |   |- Guid:C002A844485E23C8D56BEBB694768F01 BaseClass:/Game/StarterContent/Props/Wall-Mini.Wall-Mini_C NativeClass:/Script/Engine.Actor Name:Wall-Mini_C_UAID_309C23D1F6A6E06F01_1356451810 Label:Wall-Mini5 SpatiallyLoaded:1 Bounds:IsValid=true, Min=(X=4064.000 Y=4265.625 Z=822.750), Max=(X=4564.000 Y=4284.375 Z=848.250) RuntimeGrid:None EditorOnly:0 RuntimeOnly:0 HLODRelevant:0
 |   |   |- Guid:C29207504C4E69A1C4C7F09A939FBB09 BaseClass:/Game/StarterContent/Props/Light-Switch.Light-Switch_C NativeClass:/Script/Engine.Actor Name:Light-Switch_C_UAID_309C23D1F6A6727101_1764412556 Label:Light-Switch SpatiallyLoaded:1 Bounds:IsValid=true, Min=(X=3492.000 Y=4102.000 Z=827.000), Max=(X=3628.000 Y=4238.000 Z=1123.000) RuntimeGrid:None EditorOnly:0 RuntimeOnly:0 HLODRelevant:0
 |   |   |- Guid:CBD00CF344947DF11E26359E9CDBA762 BaseClass:/Game/StarterContent/Props/Wall-Mini.Wall-Mini_C NativeClass:/Script/Engine.Actor Name:Wall-Mini_C_UAID_309C23D1F6A6E06F01_1402569812 Label:Wall-Mini7 SpatiallyLoaded:1 Bounds:IsValid=true, Min=(X=2314.000 Y=4604.625 Z=822.750), Max=(X=2814.000 Y=4623.375 Z=848.250) RuntimeGrid:None EditorOnly:0 RuntimeOnly:0 HLODRelevant:0
 |   |   |- Guid:CBF6D7634A030B9D185233B5D2EE2D49 BaseClass: NativeClass:/Script/Engine.RectLight Name:RectLight_UAID_309C23D1F6A63F6F01_1865286466 Label:RectLight2 SpatiallyLoaded:1 Bounds:IsValid=true, Min=(X=3065.000 Y=3450.000 Z=165.000), Max=(X=5065.000 Y=5450.000 Z=2165.000) RuntimeGrid:None EditorOnly:0 RuntimeOnly:0 HLODRelevant:0
 |   |   |- Guid:E08EE5E4426DEF735FF6C6B14138F243 BaseClass:/Game/StarterContent/Props/Wall-Mini.Wall-Mini_C NativeClass:/Script/Engine.Actor Name:Wall-Mini_C_UAID_309C23D1F6A6C27101_1511671632 Label:Wall-Mini9 SpatiallyLoaded:1 Bounds:IsValid=true, Min=(X=3300.750 Y=4265.625 Z=822.750), Max=(X=3363.250 Y=4284.375 Z=848.250) RuntimeGrid:None EditorOnly:0 RuntimeOnly:0 HLODRelevant:0
 |   |   |- Guid:F29DA99A4EC236210058A9A63777FCD4 BaseClass:/Game/StarterContent/Props/Wall-Mini.Wall-Mini_C NativeClass:/Script/Engine.Actor Name:Wall-Mini_C_UAID_309C23D1F6A6E06F01_1348642809 Label:Wall-Mini4 SpatiallyLoaded:1 Bounds:IsValid=true, Min=(X=3564.000 Y=4265.625 Z=822.750), Max=(X=4064.000 Y=4284.375 Z=848.250) RuntimeGrid:None EditorOnly:0 RuntimeOnly:0 HLODRelevant:0
 |   |   |- Guid:F3DAD98A43F61DD09074F58817B072F8 BaseClass:/Game/StarterContent/Props/Roof-Light.Roof-Light_C NativeClass:/Script/Engine.Actor Name:Roof-Light_C_UAID_309C23D1F6A68F6F01_1879090547 Label:Roof-Light2 SpatiallyLoaded:1 Bounds:IsValid=true, Min=(X=2765.000 Y=4400.000 Z=1152.812), Max=(X=2865.000 Y=4500.000 Z=1187.188) RuntimeGrid:None EditorOnly:0 RuntimeOnly:0 HLODRelevant:0
 |   |- [+] Clusters:
 |   |   |- [+] [  0]
 |   |   |   |- Guid:6BAF4DDD444C60371492D3919DB42C97 BaseClass: NativeClass:/Script/Engine.WorldDataLayers Name:WorldDataLayers Label:WorldDataLayers SpatiallyLoaded:0 Bounds:IsValid=true, Min=(X=0.000 Y=0.000 Z=0.000), Max=(X=0.000 Y=0.000 Z=0.000) RuntimeGrid:None EditorOnly:0 RuntimeOnly:0 HLODRelevant:0
 |   |   |- [+] [  1]
 |   |   |   |- Guid:1AB30690486E1D8548EBAEA4F1D9BDEC BaseClass:/Game/StarterContent/Props/Wall-Mini.Wall-Mini_C NativeClass:/Script/Engine.Actor Name:Wall-Mini_C_UAID_309C23D1F6A6C27101_1536217633 Label:Wall-Mini12 SpatiallyLoaded:1 Bounds:IsValid=true, Min=(X=3514.750 Y=4265.625 Z=822.750), Max=(X=3577.250 Y=4284.375 Z=848.250) RuntimeGrid:None EditorOnly:0 RuntimeOnly:0 HLODRelevant:0
 |   |   |- [+] [  2]
 |   |   |   |- Guid:C29207504C4E69A1C4C7F09A939FBB09 BaseClass:/Game/StarterContent/Props/Light-Switch.Light-Switch_C NativeClass:/Script/Engine.Actor Name:Light-Switch_C_UAID_309C23D1F6A6727101_1764412556 Label:Light-Switch SpatiallyLoaded:1 Bounds:IsValid=true, Min=(X=3492.000 Y=4102.000 Z=827.000), Max=(X=3628.000 Y=4238.000 Z=1123.000) RuntimeGrid:None EditorOnly:0 RuntimeOnly:0 HLODRelevant:0
 |   |   |- [+] [  3]
 |   |   |   |- Guid:8C2BD5B3421BA36295C123B1DB2EB75F BaseClass: NativeClass:/Script/Engine.RectLight Name:RectLight_UAID_309C23D1F6A6EF6E01_1724587388 Label:RectLight SpatiallyLoaded:1 Bounds:IsValid=true, Min=(X=-3565.000 Y=-880.000 Z=-950.000), Max=(X=635.000 Y=3320.000 Z=3250.000) RuntimeGrid:None EditorOnly:0 RuntimeOnly:0 HLODRelevant:0
 |   |   |- [+] [  4]
 |   |   |   |- Guid:319F65CC42BCB84709B738BCFF34D9C9 BaseClass:/Game/StarterContent/Props/Wall-Mini.Wall-Mini_C NativeClass:/Script/Engine.Actor Name:Wall-Mini_C_UAID_309C23D1F6A6C27101_1607049635 Label:Wall-Mini14 SpatiallyLoaded:1 Bounds:IsValid=true, Min=(X=3514.750 Y=4604.625 Z=822.750), Max=(X=3577.250 Y=4623.375 Z=848.250) RuntimeGrid:None EditorOnly:0 RuntimeOnly:0 HLODRelevant:0
 |   |   |- [+] [  5]
 |   |   |   |- Guid:0BC3ADF1457667266FB261ACC2FB936F BaseClass:/Game/StarterContent/Props/Facy-Door.Facy-Door_C NativeClass:/Script/Engine.Actor Name:Facy-Door_C_UAID_309C23D1F6A62F7001_1696267703 Label:Facy-Door SpatiallyLoaded:1 Bounds:IsValid=true, Min=(X=3353.480 Y=4590.000 Z=826.500), Max=(X=3512.041 Y=4702.000 Z=1076.550) RuntimeGrid:None EditorOnly:0 RuntimeOnly:0 HLODRelevant:0
 |   |   |- [+] [  6]
 |   |   |   |- Guid:75012FE94DF804D4B9B0ACA61288F705 BaseClass:/Game/StarterContent/Props/Wall-Mini.Wall-Mini_C NativeClass:/Script/Engine.Actor Name:Wall-Mini_C_UAID_309C23D1F6A6E06F01_1304632807 Label:Wall-Mini2 SpatiallyLoaded:1 Bounds:IsValid=true, Min=(X=2814.000 Y=4265.625 Z=822.750), Max=(X=3314.000 Y=4284.375 Z=848.250) RuntimeGrid:None EditorOnly:0 RuntimeOnly:0 HLODRelevant:0
 |   |   |- [+] [  7]
 |   |   |   |- Guid:BF3A0F0249F17DBB084DCF9746409808 BaseClass:/Game/StarterContent/Props/Wall-Mini.Wall-Mini_C NativeClass:/Script/Engine.Actor Name:Wall-Mini_C_UAID_309C23D1F6A6E06F01_1460576815 Label:Wall-Mini10 SpatiallyLoaded:1 Bounds:IsValid=true, Min=(X=3564.000 Y=4604.625 Z=822.750), Max=(X=4064.000 Y=4623.375 Z=848.250) RuntimeGrid:None EditorOnly:0 RuntimeOnly:0 HLODRelevant:0
 |   |   |- [+] [  8]
 |   |   |   |- Guid:5C909DC54567C5B290CB228AA105342D BaseClass:/Game/StarterContent/Props/Wall-Mini.Wall-Mini_C NativeClass:/Script/Engine.Actor Name:Wall-Mini_C_UAID_309C23D1F6A6E06F01_1477848816 Label:Wall-Mini11 SpatiallyLoaded:1 Bounds:IsValid=true, Min=(X=4064.000 Y=4604.625 Z=822.750), Max=(X=4564.000 Y=4623.375 Z=848.250) RuntimeGrid:None EditorOnly:0 RuntimeOnly:0 HLODRelevant:0
 |   |   |- [+] [  9]
 |   |   |   |- Guid:CBD00CF344947DF11E26359E9CDBA762 BaseClass:/Game/StarterContent/Props/Wall-Mini.Wall-Mini_C NativeClass:/Script/Engine.Actor Name:Wall-Mini_C_UAID_309C23D1F6A6E06F01_1402569812 Label:Wall-Mini7 SpatiallyLoaded:1 Bounds:IsValid=true, Min=(X=2314.000 Y=4604.625 Z=822.750), Max=(X=2814.000 Y=4623.375 Z=848.250) RuntimeGrid:None EditorOnly:0 RuntimeOnly:0 HLODRelevant:0
 |   |   |- [+] [ 10]
 |   |   |   |- Guid:6DB98750466C61588DFECA8566D9444D BaseClass: NativeClass:/Script/Engine.RectLight Name:RectLight_UAID_309C23D1F6A6727101_1654300554 Label:RectLight4 SpatiallyLoaded:1 Bounds:IsValid=true, Min=(X=2470.000 Y=2840.000 Z=165.000), Max=(X=4470.000 Y=4840.000 Z=2165.000) RuntimeGrid:None EditorOnly:0 RuntimeOnly:0 HLODRelevant:0
 |   |   |- [+] [ 11]
 |   |   |   |- Guid:179C3AE3462341F5CC8827BB89613DAD BaseClass:/Game/StarterContent/Props/Light-Switch.Light-Switch_C NativeClass:/Script/Engine.Actor Name:Light-Switch_C_UAID_309C23D1F6A6C37101_1861510809 Label:Light-Switch2 SpatiallyLoaded:1 Bounds:IsValid=true, Min=(X=3346.500 Y=4694.000 Z=859.000), Max=(X=3448.500 Y=4796.000 Z=1081.000) RuntimeGrid:None EditorOnly:0 RuntimeOnly:0 HLODRelevant:0
 |   |   |- [+] [ 12]
 |   |   |   |- Guid:A1CF56194DBAE0CB740C50B3934D2A84 BaseClass:/Game/StarterContent/Props/Light.Light_C NativeClass:/Script/Engine.Actor Name:Light_C_UAID_309C23D1F6A6727101_1611698552 Label:Light2 SpatiallyLoaded:1 Bounds:IsValid=true, Min=(X=3500.000 Y=4090.000 Z=1147.812), Max=(X=3600.000 Y=4190.000 Z=1182.188) RuntimeGrid:None EditorOnly:0 RuntimeOnly:0 HLODRelevant:0
 |   |   |- [+] [ 13]
 |   |   |   |- Guid:23BEEBBC400B5805BC77D7B02A2C009B BaseClass:/Game/StarterContent/Props/Wall-Mini.Wall-Mini_C NativeClass:/Script/Engine.Actor Name:Wall-Mini_C_UAID_309C23D1F6A6C27101_1586085634 Label:Wall-Mini13 SpatiallyLoaded:1 Bounds:IsValid=true, Min=(X=3300.750 Y=4604.625 Z=822.750), Max=(X=3363.250 Y=4623.375 Z=848.250) RuntimeGrid:None EditorOnly:0 RuntimeOnly:0 HLODRelevant:0
 |   |   |- [+] [ 14]
 |   |   |   |- Guid:117D89EA41818C8FB9CB7C89FAD11FB4 BaseClass:/Game/StarterContent/Props/Wall-Mini.Wall-Mini_C NativeClass:/Script/Engine.Actor Name:Wall-Mini_C_UAID_309C23D1F6A6E06F01_1427656813 Label:Wall-Mini8 SpatiallyLoaded:1 Bounds:IsValid=true, Min=(X=2814.000 Y=4604.625 Z=822.750), Max=(X=3314.000 Y=4623.375 Z=848.250) RuntimeGrid:None EditorOnly:0 RuntimeOnly:0 HLODRelevant:0
 |   |   |- [+] [ 15]
 |   |   |   |- Guid:F3DAD98A43F61DD09074F58817B072F8 BaseClass:/Game/StarterContent/Props/Roof-Light.Roof-Light_C NativeClass:/Script/Engine.Actor Name:Roof-Light_C_UAID_309C23D1F6A68F6F01_1879090547 Label:Roof-Light2 SpatiallyLoaded:1 Bounds:IsValid=true, Min=(X=2765.000 Y=4400.000 Z=1152.812), Max=(X=2865.000 Y=4500.000 Z=1187.188) RuntimeGrid:None EditorOnly:0 RuntimeOnly:0 HLODRelevant:0
 |   |   |- [+] [ 16]
 |   |   |   |- Guid:C002A844485E23C8D56BEBB694768F01 BaseClass:/Game/StarterContent/Props/Wall-Mini.Wall-Mini_C NativeClass:/Script/Engine.Actor Name:Wall-Mini_C_UAID_309C23D1F6A6E06F01_1356451810 Label:Wall-Mini5 SpatiallyLoaded:1 Bounds:IsValid=true, Min=(X=4064.000 Y=4265.625 Z=822.750), Max=(X=4564.000 Y=4284.375 Z=848.250) RuntimeGrid:None EditorOnly:0 RuntimeOnly:0 HLODRelevant:0
 |   |   |- [+] [ 17]
 |   |   |   |- Guid:3A83C93E4C52E36E8405DFB8AFC91302 BaseClass:/Game/StarterContent/Props/Light.Light_C NativeClass:/Script/Engine.Actor Name:Light_C_UAID_309C23D1F6A6C37101_1846173808 Label:Light SpatiallyLoaded:1 Bounds:IsValid=true, Min=(X=3385.000 Y=4725.000 Z=1052.812), Max=(X=3485.000 Y=4825.000 Z=1087.188) RuntimeGrid:None EditorOnly:0 RuntimeOnly:0 HLODRelevant:0
 |   |   |- [+] [ 18]
 |   |   |   |- Guid:E08EE5E4426DEF735FF6C6B14138F243 BaseClass:/Game/StarterContent/Props/Wall-Mini.Wall-Mini_C NativeClass:/Script/Engine.Actor Name:Wall-Mini_C_UAID_309C23D1F6A6C27101_1511671632 Label:Wall-Mini9 SpatiallyLoaded:1 Bounds:IsValid=true, Min=(X=3300.750 Y=4265.625 Z=822.750), Max=(X=3363.250 Y=4284.375 Z=848.250) RuntimeGrid:None EditorOnly:0 RuntimeOnly:0 HLODRelevant:0
 |   |   |- [+] [ 19]
 |   |   |   |- Guid:CBF6D7634A030B9D185233B5D2EE2D49 BaseClass: NativeClass:/Script/Engine.RectLight Name:RectLight_UAID_309C23D1F6A63F6F01_1865286466 Label:RectLight2 SpatiallyLoaded:1 Bounds:IsValid=true, Min=(X=3065.000 Y=3450.000 Z=165.000), Max=(X=5065.000 Y=5450.000 Z=2165.000) RuntimeGrid:None EditorOnly:0 RuntimeOnly:0 HLODRelevant:0
 |   |   |- [+] [ 20]
 |   |   |   |- Guid:95BE7F614138AC045E310785D384BE1B BaseClass: NativeClass:/Script/Engine.SkeletalMeshActor Name:SkeletalMeshActor_UAID_309C23D1F6A63F6F01_1662515465 Label:SK_Mannequin_PhysicsAsset SpatiallyLoaded:1 Bounds:IsValid=true, Min=(X=4053.981 Y=4462.771 Z=833.574), Max=(X=4198.089 Y=4500.056 Z=1020.456) RuntimeGrid:None EditorOnly:0 RuntimeOnly:0 HLODRelevant:0
 |   |   |- [+] [ 21]
 |   |   |   |- Guid:234A45B448562C013E785F8FB5AAEBE4 BaseClass:/Game/StarterContent/Props/Wall-Mini.Wall-Mini_C NativeClass:/Script/Engine.Actor Name:Wall-Mini_C_UAID_309C23D1F6A6E06F01_1197796804 Label:Wall-Mini SpatiallyLoaded:1 Bounds:IsValid=true, Min=(X=2314.000 Y=4265.625 Z=822.750), Max=(X=2814.000 Y=4284.375 Z=848.250) RuntimeGrid:None EditorOnly:0 RuntimeOnly:0 HLODRelevant:0
 |   |   |- [+] [ 22]
 |   |   |   |- Guid:F29DA99A4EC236210058A9A63777FCD4 BaseClass:/Game/StarterContent/Props/Wall-Mini.Wall-Mini_C NativeClass:/Script/Engine.Actor Name:Wall-Mini_C_UAID_309C23D1F6A6E06F01_1348642809 Label:Wall-Mini4 SpatiallyLoaded:1 Bounds:IsValid=true, Min=(X=3564.000 Y=4265.625 Z=822.750), Max=(X=4064.000 Y=4284.375 Z=848.250) RuntimeGrid:None EditorOnly:0 RuntimeOnly:0 HLODRelevant:0
 |   |   |- [+] [ 23]
 |   |   |   |- Guid:3CEFA2FF49CDE3E784875FA26EFCA2EE BaseClass: NativeClass:/Script/Engine.RectLight Name:RectLight_UAID_309C23D1F6A68F6F01_1766423546 Label:RectLight3 SpatiallyLoaded:1 Bounds:IsValid=true, Min=(X=1815.000 Y=3450.000 Z=165.000), Max=(X=3815.000 Y=5450.000 Z=2165.000) RuntimeGrid:None EditorOnly:0 RuntimeOnly:0 HLODRelevant:0
 |   |   |- [+] [ 24]
 |   |   |   |- Guid:3A00AA1C422CE54C0BDB60BAF471BFBB BaseClass: NativeClass:/Script/Engine.PlayerStart Name:PlayerStart_0 Label:PlayerStart SpatiallyLoaded:0 Bounds:IsValid=true, Min=(X=3406.787 Y=4416.176 Z=899.114), Max=(X=3486.787 Y=4496.176 Z=1083.114) RuntimeGrid:None EditorOnly:0 RuntimeOnly:0 HLODRelevant:0
 |   |   |- [+] [ 25]
 |   |   |   |- Guid:296E09A04D4D5573BD3C91820E333804 BaseClass:/Game/StarterContent/Props/Roof-Light.Roof-Light_C NativeClass:/Script/Engine.Actor Name:Roof-Light_C_UAID_309C23D1F6A68F6F01_1611824545 Label:Roof-Light SpatiallyLoaded:1 Bounds:IsValid=true, Min=(X=4015.000 Y=4400.000 Z=1152.812), Max=(X=4115.000 Y=4500.000 Z=1187.188) RuntimeGrid:None EditorOnly:0 RuntimeOnly:0 HLODRelevant:0
 |   |   |- [+] [ 26]
 |   |   |   |- Guid:4CADD9CA485811883FA8BE95F076D88B BaseClass:/Game/StarterContent/Props/Facy-Door.Facy-Door_C NativeClass:/Script/Engine.Actor Name:Facy-Door_C_UAID_309C23D1F6A6A47301_1372957463 Label:Facy-Door2 SpatiallyLoaded:1 Bounds:IsValid=true, Min=(X=3353.480 Y=4170.000 Z=826.500), Max=(X=3512.041 Y=4282.000 Z=1076.550) RuntimeGrid:None EditorOnly:0 RuntimeOnly:0 HLODRelevant:0
 |   |   |- [+] [ 27]
 |   |   |   |- Guid:5B26F1F54398ABA54D1D309922CDB701 BaseClass:/Game/StarterContent/Particles/DoorBP.DoorBP_C NativeClass:/Script/Engine.Actor Name:DoorBP_C_UAID_309C23D1F6A6A67301_2001635816 Label:DoorBP SpatiallyLoaded:1 Bounds:IsValid=true, Min=(X=3517.500 Y=4365.000 Z=835.000), Max=(X=3652.500 Y=4459.500 Z=1035.000) RuntimeGrid:None EditorOnly:0 RuntimeOnly:0 HLODRelevant:0
 |- ContainerInstances:
 |- [+] MainContainer:
 |   |-        ID: 0x0000000000000000
 |   |-    Bounds: IsValid=false, Min=(X=0.000 Y=0.000 Z=0.000), Max=(X=0.000 Y=0.000 Z=0.000)
 |   |- Transform: 0.000000,0.000000,0.000000|0.000000,0.000000,-0.000000|1.000000,1.000000,1.000000
 |   |- Container: /Game/ThirdPerson/Maps/ThirdPersonMap
----------------------------------------------------------------------------------------------------------------
ThirdPersonMap - Persistent Level
----------------------------------------------------------------------------------------------------------------
Always loaded Actor Count: 477 

----------------------------------------------------------------------------------------------------------------
ThirdPersonMap - Runtime Spatial Hash - Streaming Grid - MainGrid
----------------------------------------------------------------------------------------------------------------
            Origin: X=0.000 Y=0.000 Z=0.000
         Cell Size: 12800
      World Bounds: IsValid=false, Min=(X=0.000 Y=0.000 Z=0.000), Max=(X=0.000 Y=0.000 Z=0.000)
     Loading Range: 25600.00
Block Slow Loading: No
 ClientOnlyVisible: No

[+] Grid Levels: 1
 |- Level  0: Cell Count    0 | Cell Size   12800 | Actor Count    0 (0.0%)

[+] Content of Grid Level 0

