[+] Containers:
 |- [+] Container: /Game/ThirdPerson/Maps/ThirdPersonMap
 |   |- [+] ActorDescs:
 |   |   |- Guid:0BC3ADF1457667266FB261ACC2FB936F BaseClass:/Game/StarterContent/Props/Facy-Door.Facy-Door_C NativeClass:/Script/Engine.Actor Name:Facy-Door_C_UAID_309C23D1F6A62F7001_1696267703 Label:Facy-Door SpatiallyLoaded:1 Bounds:IsValid=true, Min=(X=3353.480 Y=4554.000 Z=826.500), Max=(X=3516.513 Y=4738.000 Z=1076.550) RuntimeGrid:None EditorOnly:0 RuntimeOnly:0 HLODRelevant:0
 |   |   |- Guid:1142994F417562463D45678F7EA72B3C BaseClass:/Game/StarterContent/Props/Books.Books_C NativeClass:/Script/Engine.Actor Name:Books_C_UAID_309C23D1F6A6977401_1165192235 Label:Books3 SpatiallyLoaded:1 Bounds:IsValid=true, Min=(X=3520.500 Y=4771.250 Z=980.625), Max=(X=3533.250 Y=4780.750 Z=999.375) RuntimeGrid:None EditorOnly:0 RuntimeOnly:0 HLODRelevant:0
 |   |   |- Guid:117D89EA41818C8FB9CB7C89FAD11FB4 BaseClass:/Game/StarterContent/Props/Wall-Mini.Wall-Mini_C NativeClass:/Script/Engine.Actor Name:Wall-Mini_C_UAID_309C23D1F6A6E06F01_1427656813 Label:Wall-Mini8 SpatiallyLoaded:1 Bounds:IsValid=true, Min=(X=2814.000 Y=4604.625 Z=822.750), Max=(X=3314.000 Y=4623.375 Z=848.250) RuntimeGrid:None EditorOnly:0 RuntimeOnly:0 HLODRelevant:0
 |   |   |- Guid:1353799245A1D633DBA67E907C21CF19 BaseClass:/Game/StarterContent/Emergency-Stairs.Emergency-Stairs_C NativeClass:/Script/Engine.Actor Name:Emergency-Stairs_C_UAID_309C23D1F6A6547E01_1736106001 Label:Emergency-Stairs SpatiallyLoaded:1 Bounds:IsValid=true, Min=(X=4657.900 Y=4621.250 Z=552.000), Max=(X=4907.900 Y=5333.750 Z=938.060) RuntimeGrid:None EditorOnly:0 RuntimeOnly:0 HLODRelevant:0
 |   |   |- Guid:179C3AE3462341F5CC8827BB89613DAD BaseClass:/Game/StarterContent/Props/Light-Switch.Light-Switch_C NativeClass:/Script/Engine.Actor Name:Light-Switch_C_UAID_309C23D1F6A6C37101_1861510809 Label:Light-Switch2 SpatiallyLoaded:1 Bounds:IsValid=true, Min=(X=3354.000 Y=4924.000 Z=873.000), Max=(X=3396.000 Y=5026.000 Z=1095.000) RuntimeGrid:None EditorOnly:0 RuntimeOnly:0 HLODRelevant:0
 |   |   |- Guid:1AB30690486E1D8548EBAEA4F1D9BDEC BaseClass:/Game/StarterContent/Props/Wall-Mini.Wall-Mini_C NativeClass:/Script/Engine.Actor Name:Wall-Mini_C_UAID_309C23D1F6A6C27101_1536217633 Label:Wall-Mini12 SpatiallyLoaded:1 Bounds:IsValid=true, Min=(X=3514.750 Y=4315.625 Z=822.750), Max=(X=3577.250 Y=4334.375 Z=848.250) RuntimeGrid:None EditorOnly:0 RuntimeOnly:0 HLODRelevant:0
 |   |   |- Guid:234A45B448562C013E785F8FB5AAEBE4 BaseClass:/Game/StarterContent/Props/Wall-Mini.Wall-Mini_C NativeClass:/Script/Engine.Actor Name:Wall-Mini_C_UAID_309C23D1F6A6E06F01_1197796804 Label:Wall-Mini SpatiallyLoaded:1 Bounds:IsValid=true, Min=(X=2314.000 Y=4315.625 Z=822.750), Max=(X=2814.000 Y=4334.375 Z=848.250) RuntimeGrid:None EditorOnly:0 RuntimeOnly:0 HLODRelevant:0
 |   |   |- Guid:23BEEBBC400B5805BC77D7B02A2C009B BaseClass:/Game/StarterContent/Props/Wall-Mini.Wall-Mini_C NativeClass:/Script/Engine.Actor Name:Wall-Mini_C_UAID_309C23D1F6A6C27101_1586085634 Label:Wall-Mini13 SpatiallyLoaded:1 Bounds:IsValid=true, Min=(X=3300.750 Y=4604.625 Z=822.750), Max=(X=3363.250 Y=4623.375 Z=848.250) RuntimeGrid:None EditorOnly:0 RuntimeOnly:0 HLODRelevant:0
 |   |   |- Guid:23D0CC494E411DE3BC339CB90C33513E BaseClass:/Game/StarterContent/Props/Wall-Mini-C.Wall-Mini-C_C NativeClass:/Script/Engine.Actor Name:Wall-Mini-C_C_UAID_309C23D1F6A6307B01_1226584498 Label:Wall-Mini-C3 SpatiallyLoaded:1 Bounds:IsValid=true, Min=(X=3506.621 Y=4604.248 Z=822.729), Max=(X=3549.496 Y=4647.123 Z=848.229) RuntimeGrid:None EditorOnly:0 RuntimeOnly:0 HLODRelevant:0
 |   |   |- Guid:247008F1426759BDA7F933895D0276A5 BaseClass:/Game/StarterContent/KeyPad-Door.KeyPad-Door_C NativeClass:/Script/Engine.Actor Name:KeyPad-Door_C_UAID_309C23D1F6A6547E01_1460767999 Label:KeyPad-Door SpatiallyLoaded:1 Bounds:IsValid=true, Min=(X=4532.500 Y=4381.000 Z=832.000), Max=(X=4646.862 Y=4516.000 Z=1132.000) RuntimeGrid:None EditorOnly:0 RuntimeOnly:0 HLODRelevant:0
 |   |   |- Guid:296E09A04D4D5573BD3C91820E333804 BaseClass:/Game/StarterContent/Props/Roof-Light.Roof-Light_C NativeClass:/Script/Engine.Actor Name:Roof-Light_C_UAID_309C23D1F6A68F6F01_1611824545 Label:Roof-Light SpatiallyLoaded:1 Bounds:IsValid=true, Min=(X=4015.000 Y=4400.000 Z=1192.812), Max=(X=4115.000 Y=4500.000 Z=1227.188) RuntimeGrid:None EditorOnly:0 RuntimeOnly:0 HLODRelevant:0
 |   |   |- Guid:319F65CC42BCB84709B738BCFF34D9C9 BaseClass:/Game/StarterContent/Props/Wall-Mini.Wall-Mini_C NativeClass:/Script/Engine.Actor Name:Wall-Mini_C_UAID_309C23D1F6A6C27101_1607049635 Label:Wall-Mini14 SpatiallyLoaded:1 Bounds:IsValid=true, Min=(X=3514.750 Y=4604.625 Z=822.750), Max=(X=3577.250 Y=4623.375 Z=848.250) RuntimeGrid:None EditorOnly:0 RuntimeOnly:0 HLODRelevant:0
 |   |   |- Guid:326D2CF547D8784F7E16AB97458E90AD BaseClass:/Game/StarterContent/Props/Candle.Candle_C NativeClass:/Script/Engine.Actor Name:Candle_C_UAID_309C23D1F6A6957401_1892254880 Label:Candle SpatiallyLoaded:1 Bounds:IsValid=true, Min=(X=3519.500 Y=4840.500 Z=1021.450), Max=(X=3536.932 Y=4855.500 Z=1047.329) RuntimeGrid:None EditorOnly:0 RuntimeOnly:0 HLODRelevant:0
 |   |   |- Guid:3A00AA1C422CE54C0BDB60BAF471BFBB BaseClass: NativeClass:/Script/Engine.PlayerStart Name:PlayerStart_0 Label:PlayerStart SpatiallyLoaded:0 Bounds:IsValid=true, Min=(X=3406.787 Y=4416.176 Z=899.114), Max=(X=3486.787 Y=4496.176 Z=1083.114) RuntimeGrid:None EditorOnly:0 RuntimeOnly:0 HLODRelevant:0
 |   |   |- Guid:3A83C93E4C52E36E8405DFB8AFC91302 BaseClass:/Game/StarterContent/Props/Light.Light_C NativeClass:/Script/Engine.Actor Name:Light_C_UAID_309C23D1F6A6C37101_1846173808 Label:Light SpatiallyLoaded:1 Bounds:IsValid=true, Min=(X=3385.000 Y=4795.000 Z=1097.812), Max=(X=3485.000 Y=4895.000 Z=1132.188) RuntimeGrid:None EditorOnly:0 RuntimeOnly:0 HLODRelevant:0
 |   |   |- Guid:3CEFA2FF49CDE3E784875FA26EFCA2EE BaseClass: NativeClass:/Script/Engine.RectLight Name:RectLight_UAID_309C23D1F6A68F6F01_1766423546 Label:RectLight3 SpatiallyLoaded:1 Bounds:IsValid=true, Min=(X=1815.000 Y=3450.000 Z=205.000), Max=(X=3815.000 Y=5450.000 Z=2205.000) RuntimeGrid:None EditorOnly:0 RuntimeOnly:0 HLODRelevant:0
 |   |   |- Guid:44D222A7410D9ADD4890C8B14B10B6EC BaseClass:/Game/StarterContent/Props/EXIT-Sign.EXIT-Sign_C NativeClass:/Script/Engine.Actor Name:EXIT-Sign_C_UAID_309C23D1F6A6FD7801_1747656407 Label:EXIT-Sign SpatiallyLoaded:1 Bounds:IsValid=true, Min=(X=4822.500 Y=4357.500 Z=1105.438), Max=(X=4847.500 Y=4582.500 Z=1208.562) RuntimeGrid:None EditorOnly:0 RuntimeOnly:0 HLODRelevant:0
 |   |   |- Guid:4CADD9CA485811883FA8BE95F076D88B BaseClass:/Game/StarterContent/Props/Facy-Door.Facy-Door_C NativeClass:/Script/Engine.Actor Name:Facy-Door_C_UAID_309C23D1F6A6A47301_1372957463 Label:Facy-Door2 SpatiallyLoaded:1 Bounds:IsValid=true, Min=(X=3353.480 Y=4204.000 Z=826.500), Max=(X=3516.513 Y=4388.000 Z=1076.550) RuntimeGrid:None EditorOnly:0 RuntimeOnly:0 HLODRelevant:0
 |   |   |- Guid:5C909DC54567C5B290CB228AA105342D BaseClass:/Game/StarterContent/Props/Wall-Mini.Wall-Mini_C NativeClass:/Script/Engine.Actor Name:Wall-Mini_C_UAID_309C23D1F6A6E06F01_1477848816 Label:Wall-Mini11 SpatiallyLoaded:1 Bounds:IsValid=true, Min=(X=4064.000 Y=4604.625 Z=822.750), Max=(X=4564.000 Y=4623.375 Z=848.250) RuntimeGrid:None EditorOnly:0 RuntimeOnly:0 HLODRelevant:0
 |   |   |- Guid:5DD639CD4A7E1F7621D9E59C18BBF953 BaseClass:/Game/StarterContent/Props/Books2.Books2_C NativeClass:/Script/Engine.Actor Name:Books2_C_UAID_309C23D1F6A60D7801_1240445172 Label:Books2 SpatiallyLoaded:1 Bounds:IsValid=true, Min=(X=3519.500 Y=4787.250 Z=1013.438), Max=(X=3532.250 Y=4796.750 Z=1041.562) RuntimeGrid:None EditorOnly:0 RuntimeOnly:0 HLODRelevant:0
 |   |   |- Guid:5DDB4A904ADA7FF6AC00A58CFC974026 BaseClass:/Game/StarterContent/Emergency-Stairs.Emergency-Stairs_C NativeClass:/Script/Engine.Actor Name:Emergency-Stairs_C_UAID_309C23D1F6A6547E01_1978760002 Label:Emergency-Stairs2 SpatiallyLoaded:1 Bounds:IsValid=true, Min=(X=4907.900 Y=4621.250 Z=302.000), Max=(X=5157.900 Y=5333.750 Z=688.060) RuntimeGrid:None EditorOnly:0 RuntimeOnly:0 HLODRelevant:0
 |   |   |- Guid:5FDF0C754C38366E586117935FD09F28 BaseClass:/Game/StarterContent/Carpet.Carpet_C NativeClass:/Script/Engine.Actor Name:Carpet_C_UAID_309C23D1F6A6A57E01_1860570256 Label:Carpet2 SpatiallyLoaded:1 Bounds:IsValid=true, Min=(X=2269.743 Y=4326.129 Z=826.069), Max=(X=3390.078 Y=4613.029 Z=840.652) RuntimeGrid:None EditorOnly:0 RuntimeOnly:0 HLODRelevant:0
 |   |   |- Guid:60EA5DE944BAFBD2E3FCCF8A497924D5 BaseClass:/Game/StarterContent/Props/Candle.Candle_C NativeClass:/Script/Engine.Actor Name:Candle_C_UAID_309C23D1F6A6977401_1932691236 Label:Candle2 SpatiallyLoaded:1 Bounds:IsValid=true, Min=(X=3519.500 Y=4883.500 Z=981.450), Max=(X=3536.932 Y=4898.500 Z=1007.329) RuntimeGrid:None EditorOnly:0 RuntimeOnly:0 HLODRelevant:0
 |   |   |- Guid:6556CF8348104A8E3A9271AB53259DA9 BaseClass:/Game/StarterContent/Props/Wall-Mini.Wall-Mini_C NativeClass:/Script/Engine.Actor Name:Wall-Mini_C_UAID_309C23D1F6A6AD7801_1612950332 Label:Wall-Mini16 SpatiallyLoaded:1 Bounds:IsValid=true, Min=(X=3343.750 Y=4620.625 Z=827.000), Max=(X=3369.250 Y=4639.375 Z=1077.000) RuntimeGrid:None EditorOnly:0 RuntimeOnly:0 HLODRelevant:0
 |   |   |- Guid:65DB6FB64D7A81089ADA3794A9CD3331 BaseClass: NativeClass:/Script/Engine.RectLight Name:RectLight_UAID_309C23D1F6A6457401_1998787801 Label:RectLight6 SpatiallyLoaded:1 Bounds:IsValid=true, Min=(X=2140.000 Y=4318.000 Z=165.000), Max=(X=4140.000 Y=6318.000 Z=2165.000) RuntimeGrid:None EditorOnly:0 RuntimeOnly:0 HLODRelevant:0
 |   |   |- Guid:6BAF4DDD444C60371492D3919DB42C97 BaseClass: NativeClass:/Script/Engine.WorldDataLayers Name:WorldDataLayers Label:WorldDataLayers SpatiallyLoaded:0 Bounds:IsValid=true, Min=(X=0.000 Y=0.000 Z=0.000), Max=(X=0.000 Y=0.000 Z=0.000) RuntimeGrid:None EditorOnly:0 RuntimeOnly:0 HLODRelevant:0
 |   |   |- Guid:75012FE94DF804D4B9B0ACA61288F705 BaseClass:/Game/StarterContent/Props/Wall-Mini.Wall-Mini_C NativeClass:/Script/Engine.Actor Name:Wall-Mini_C_UAID_309C23D1F6A6E06F01_1304632807 Label:Wall-Mini2 SpatiallyLoaded:1 Bounds:IsValid=true, Min=(X=2814.000 Y=4315.625 Z=822.750), Max=(X=3314.000 Y=4334.375 Z=848.250) RuntimeGrid:None EditorOnly:0 RuntimeOnly:0 HLODRelevant:0
 |   |   |- Guid:7E28CAD74A08521B4B373EBC705AEEDF BaseClass:/Game/StarterContent/Props/Wall-Mini.Wall-Mini_C NativeClass:/Script/Engine.Actor Name:Wall-Mini_C_UAID_309C23D1F6A6AD7801_1838655334 Label:Wall-Mini18 SpatiallyLoaded:1 Bounds:IsValid=true, Min=(X=3342.250 Y=4620.625 Z=1070.750), Max=(X=3529.750 Y=4639.375 Z=1096.250) RuntimeGrid:None EditorOnly:0 RuntimeOnly:0 HLODRelevant:0
 |   |   |- Guid:802EED0B4537AE4A1CDDF49BD61F0781 BaseClass:/Game/StarterContent/Props/Wall-Mini.Wall-Mini_C NativeClass:/Script/Engine.Actor Name:Wall-Mini_C_UAID_309C23D1F6A6AD7801_1737347333 Label:Wall-Mini17 SpatiallyLoaded:1 Bounds:IsValid=true, Min=(X=3509.750 Y=4620.625 Z=827.000), Max=(X=3535.250 Y=4639.375 Z=1077.000) RuntimeGrid:None EditorOnly:0 RuntimeOnly:0 HLODRelevant:0
 |   |   |- Guid:8C2BD5B3421BA36295C123B1DB2EB75F BaseClass: NativeClass:/Script/Engine.RectLight Name:RectLight_UAID_309C23D1F6A6EF6E01_1724587388 Label:RectLight SpatiallyLoaded:1 Bounds:IsValid=true, Min=(X=-3565.000 Y=-880.000 Z=-950.000), Max=(X=635.000 Y=3320.000 Z=3250.000) RuntimeGrid:None EditorOnly:0 RuntimeOnly:0 HLODRelevant:0
 |   |   |- Guid:95BE7F614138AC045E310785D384BE1B BaseClass: NativeClass:/Script/Engine.SkeletalMeshActor Name:SkeletalMeshActor_UAID_309C23D1F6A63F6F01_1662515465 Label:SK_Mannequin_PhysicsAsset SpatiallyLoaded:1 Bounds:IsValid=true, Min=(X=4053.981 Y=4420.771 Z=833.574), Max=(X=4198.089 Y=4458.056 Z=1020.456) RuntimeGrid:None EditorOnly:0 RuntimeOnly:0 HLODRelevant:0
 |   |   |- Guid:9A1E4DC14682F066A2C4D8AAE3603DAA BaseClass:/Game/StarterContent/Props/Wall-Mini-C.Wall-Mini-C_C NativeClass:/Script/Engine.Actor Name:Wall-Mini-C_C_UAID_309C23D1F6A6307B01_1285585499 Label:Wall-Mini-C4 SpatiallyLoaded:1 Bounds:IsValid=true, Min=(X=3328.496 Y=4603.248 Z=822.729), Max=(X=3371.371 Y=4646.123 Z=848.229) RuntimeGrid:None EditorOnly:0 RuntimeOnly:0 HLODRelevant:0
 |   |   |- Guid:9AB8893041C688E0BE72FE88983B284F BaseClass:/Game/StarterContent/Props/Wall-Mini-C.Wall-Mini-C_C NativeClass:/Script/Engine.Actor Name:Wall-Mini-C_C_UAID_309C23D1F6A6307B01_1132361496 Label:Wall-Mini-C SpatiallyLoaded:1 Bounds:IsValid=true, Min=(X=3328.496 Y=4292.123 Z=822.729), Max=(X=3371.371 Y=4334.998 Z=848.229) RuntimeGrid:None EditorOnly:0 RuntimeOnly:0 HLODRelevant:0
 |   |   |- Guid:9D3336DD4ABE0202915A55A9EC40CBC8 BaseClass: NativeClass:/Script/Engine.RectLight Name:RectLight_UAID_309C23D1F6A6547E01_1993732003 Label:RectLight4 SpatiallyLoaded:1 Bounds:IsValid=true, Min=(X=4080.000 Y=4205.000 Z=85.000), Max=(X=6080.000 Y=6205.000 Z=2085.000) RuntimeGrid:None EditorOnly:0 RuntimeOnly:0 HLODRelevant:0
 |   |   |- Guid:9F9EA0DC4A5B3ED52295AB8B1609AA7C BaseClass:/Game/StarterContent/Painting_1.Painting_1_C NativeClass:/Script/Engine.Actor Name:Painting_1_C_UAID_309C23D1F6A6547E01_1624857000 Label:Painting_1 SpatiallyLoaded:1 Bounds:IsValid=true, Min=(X=3610.000 Y=4617.500 Z=942.500), Max=(X=3670.000 Y=4622.500 Z=977.500) RuntimeGrid:None EditorOnly:0 RuntimeOnly:0 HLODRelevant:0
 |   |   |- Guid:B59F97D347B2AE239C71A88153A431AD BaseClass:/Game/StarterContent/Props/Books.Books_C NativeClass:/Script/Engine.Actor Name:Books_C_UAID_309C23D1F6A6967401_2133789057 Label:Books SpatiallyLoaded:1 Bounds:IsValid=true, Min=(X=3517.066 Y=4782.114 Z=981.250), Max=(X=3534.234 Y=4803.525 Z=990.750) RuntimeGrid:None EditorOnly:0 RuntimeOnly:0 HLODRelevant:0
 |   |   |- Guid:BADA2D224ADE57EB244DE5B1748FFF23 BaseClass:/Game/StarterContent/Props/Books.Books_C NativeClass:/Script/Engine.Actor Name:Books_C_UAID_309C23D1F6A60C7801_1956302991 Label:Books4 SpatiallyLoaded:1 Bounds:IsValid=true, Min=(X=3520.500 Y=4771.250 Z=1020.625), Max=(X=3533.250 Y=4780.750 Z=1039.375) RuntimeGrid:None EditorOnly:0 RuntimeOnly:0 HLODRelevant:0
 |   |   |- Guid:BEEB012D457C36492AB55A9E59DE3557 BaseClass: NativeClass:/Script/Engine.StaticMeshActor Name:StaticMeshActor_UAID_309C23D1F6A6637D01_1893466586 Label:untitled SpatiallyLoaded:1 Bounds:IsValid=true, Min=(X=4667.000 Y=4399.000 Z=862.000), Max=(X=4667.000 Y=4399.000 Z=862.000) RuntimeGrid:None EditorOnly:0 RuntimeOnly:0 HLODRelevant:0
 |   |   |- Guid:BF3A0F0249F17DBB084DCF9746409808 BaseClass:/Game/StarterContent/Props/Wall-Mini.Wall-Mini_C NativeClass:/Script/Engine.Actor Name:Wall-Mini_C_UAID_309C23D1F6A6E06F01_1460576815 Label:Wall-Mini10 SpatiallyLoaded:1 Bounds:IsValid=true, Min=(X=3564.000 Y=4604.625 Z=822.750), Max=(X=4064.000 Y=4623.375 Z=848.250) RuntimeGrid:None EditorOnly:0 RuntimeOnly:0 HLODRelevant:0
 |   |   |- Guid:C002A844485E23C8D56BEBB694768F01 BaseClass:/Game/StarterContent/Props/Wall-Mini.Wall-Mini_C NativeClass:/Script/Engine.Actor Name:Wall-Mini_C_UAID_309C23D1F6A6E06F01_1356451810 Label:Wall-Mini5 SpatiallyLoaded:1 Bounds:IsValid=true, Min=(X=4064.000 Y=4315.625 Z=822.750), Max=(X=4564.000 Y=4334.375 Z=848.250) RuntimeGrid:None EditorOnly:0 RuntimeOnly:0 HLODRelevant:0
 |   |   |- Guid:C3FEEA544A6D24B1FB9CA2AC4D45866E BaseClass:/Game/StarterContent/Props/Books1.Books1_C NativeClass:/Script/Engine.Actor Name:Books1_C_UAID_309C23D1F6A60D7801_1126318171 Label:Books1 SpatiallyLoaded:1 Bounds:IsValid=true, Min=(X=3519.500 Y=4782.125 Z=1020.625), Max=(X=3532.250 Y=4786.875 Z=1039.375) RuntimeGrid:None EditorOnly:0 RuntimeOnly:0 HLODRelevant:0
 |   |   |- Guid:C55AEED7471869952FD3569B39557152 BaseClass:/Game/StarterContent/Props/Books.Books_C NativeClass:/Script/Engine.Actor Name:Books_C_UAID_309C23D1F6A60D7801_1429800173 Label:Books5 SpatiallyLoaded:1 Bounds:IsValid=true, Min=(X=3517.066 Y=4798.114 Z=1021.375), Max=(X=3534.234 Y=4819.525 Z=1035.625) RuntimeGrid:None EditorOnly:0 RuntimeOnly:0 HLODRelevant:0
 |   |   |- Guid:CBD00CF344947DF11E26359E9CDBA762 BaseClass:/Game/StarterContent/Props/Wall-Mini.Wall-Mini_C NativeClass:/Script/Engine.Actor Name:Wall-Mini_C_UAID_309C23D1F6A6E06F01_1402569812 Label:Wall-Mini7 SpatiallyLoaded:1 Bounds:IsValid=true, Min=(X=2314.000 Y=4604.625 Z=822.750), Max=(X=2814.000 Y=4623.375 Z=848.250) RuntimeGrid:None EditorOnly:0 RuntimeOnly:0 HLODRelevant:0
 |   |   |- Guid:CBF6D7634A030B9D185233B5D2EE2D49 BaseClass: NativeClass:/Script/Engine.RectLight Name:RectLight_UAID_309C23D1F6A63F6F01_1865286466 Label:RectLight2 SpatiallyLoaded:1 Bounds:IsValid=true, Min=(X=3065.000 Y=3450.000 Z=205.000), Max=(X=5065.000 Y=5450.000 Z=2205.000) RuntimeGrid:None EditorOnly:0 RuntimeOnly:0 HLODRelevant:0
 |   |   |- Guid:CFF1C3774FE6D9AEBBF663AC68F261B0 BaseClass:/Game/StarterContent/Props/Wall-Mini.Wall-Mini_C NativeClass:/Script/Engine.Actor Name:Wall-Mini_C_UAID_309C23D1F6A6AD7801_1466430330 Label:Wall-Mini15 SpatiallyLoaded:1 Bounds:IsValid=true, Min=(X=3342.250 Y=4300.625 Z=1070.750), Max=(X=3529.750 Y=4319.375 Z=1096.250) RuntimeGrid:None EditorOnly:0 RuntimeOnly:0 HLODRelevant:0
 |   |   |- Guid:D8AADF074BF78778623D3AB5D28CCD23 BaseClass:/Game/StarterContent/Props/Wall-Mini.Wall-Mini_C NativeClass:/Script/Engine.Actor Name:Wall-Mini_C_UAID_309C23D1F6A6AD7801_1301699328 Label:Wall-Mini3 SpatiallyLoaded:1 Bounds:IsValid=true, Min=(X=3342.750 Y=4300.625 Z=827.000), Max=(X=3368.250 Y=4319.375 Z=1077.000) RuntimeGrid:None EditorOnly:0 RuntimeOnly:0 HLODRelevant:0
 |   |   |- Guid:DB0AA50E48DECE0221DEA9BABB35FFED BaseClass: NativeClass:/Script/Engine.StaticMeshActor Name:StaticMeshActor_UAID_309C23D1F6A6E07A01_1615158416 Label:carpet SpatiallyLoaded:1 Bounds:IsValid=true, Min=(X=4595.000 Y=4485.000 Z=950.000), Max=(X=4595.000 Y=4485.000 Z=950.000) RuntimeGrid:None EditorOnly:0 RuntimeOnly:0 HLODRelevant:0
 |   |   |- Guid:E08EE5E4426DEF735FF6C6B14138F243 BaseClass:/Game/StarterContent/Props/Wall-Mini.Wall-Mini_C NativeClass:/Script/Engine.Actor Name:Wall-Mini_C_UAID_309C23D1F6A6C27101_1511671632 Label:Wall-Mini9 SpatiallyLoaded:1 Bounds:IsValid=true, Min=(X=3300.750 Y=4315.625 Z=822.750), Max=(X=3363.250 Y=4334.375 Z=848.250) RuntimeGrid:None EditorOnly:0 RuntimeOnly:0 HLODRelevant:0
 |   |   |- Guid:F226C53D4BB404D841CC94844E61074F BaseClass:/Game/StarterContent/Props/Wall-Mini.Wall-Mini_C NativeClass:/Script/Engine.Actor Name:Wall-Mini_C_UAID_309C23D1F6A6AD7801_1362009329 Label:Wall-Mini6 SpatiallyLoaded:1 Bounds:IsValid=true, Min=(X=3510.750 Y=4300.625 Z=827.000), Max=(X=3536.250 Y=4319.375 Z=1077.000) RuntimeGrid:None EditorOnly:0 RuntimeOnly:0 HLODRelevant:0
 |   |   |- Guid:F231F7834DD38B4745DCC69072463373 BaseClass: NativeClass:/Script/Engine.StaticMeshActor Name:StaticMeshActor_UAID_309C23D1F6A6E17A01_1250366591 Label:carpet_mtl SpatiallyLoaded:1 Bounds:IsValid=true, Min=(X=4725.000 Y=4495.000 Z=1005.000), Max=(X=4725.000 Y=4495.000 Z=1005.000) RuntimeGrid:None EditorOnly:0 RuntimeOnly:0 HLODRelevant:0
 |   |   |- Guid:F28B48A64A1A60786EE7CB8F618BD6AE BaseClass:/Game/StarterContent/Props/Wall-Mini-C.Wall-Mini-C_C NativeClass:/Script/Engine.Actor Name:Wall-Mini-C_C_UAID_309C23D1F6A6307B01_1192377497 Label:Wall-Mini-C2 SpatiallyLoaded:1 Bounds:IsValid=true, Min=(X=3506.621 Y=4292.123 Z=822.729), Max=(X=3549.496 Y=4334.998 Z=848.229) RuntimeGrid:None EditorOnly:0 RuntimeOnly:0 HLODRelevant:0
 |   |   |- Guid:F29DA99A4EC236210058A9A63777FCD4 BaseClass:/Game/StarterContent/Props/Wall-Mini.Wall-Mini_C NativeClass:/Script/Engine.Actor Name:Wall-Mini_C_UAID_309C23D1F6A6E06F01_1348642809 Label:Wall-Mini4 SpatiallyLoaded:1 Bounds:IsValid=true, Min=(X=3564.000 Y=4315.625 Z=822.750), Max=(X=4064.000 Y=4334.375 Z=848.250) RuntimeGrid:None EditorOnly:0 RuntimeOnly:0 HLODRelevant:0
 |   |   |- Guid:F3DAD98A43F61DD09074F58817B072F8 BaseClass:/Game/StarterContent/Props/Roof-Light.Roof-Light_C NativeClass:/Script/Engine.Actor Name:Roof-Light_C_UAID_309C23D1F6A68F6F01_1879090547 Label:Roof-Light2 SpatiallyLoaded:1 Bounds:IsValid=true, Min=(X=2765.000 Y=4400.000 Z=1192.812), Max=(X=2865.000 Y=4500.000 Z=1227.188) RuntimeGrid:None EditorOnly:0 RuntimeOnly:0 HLODRelevant:0
 |   |- [+] Clusters:
 |   |   |- [+] [  0]
 |   |   |   |- Guid:6BAF4DDD444C60371492D3919DB42C97 BaseClass: NativeClass:/Script/Engine.WorldDataLayers Name:WorldDataLayers Label:WorldDataLayers SpatiallyLoaded:0 Bounds:IsValid=true, Min=(X=0.000 Y=0.000 Z=0.000), Max=(X=0.000 Y=0.000 Z=0.000) RuntimeGrid:None EditorOnly:0 RuntimeOnly:0 HLODRelevant:0
 |   |   |- [+] [  1]
 |   |   |   |- Guid:1AB30690486E1D8548EBAEA4F1D9BDEC BaseClass:/Game/StarterContent/Props/Wall-Mini.Wall-Mini_C NativeClass:/Script/Engine.Actor Name:Wall-Mini_C_UAID_309C23D1F6A6C27101_1536217633 Label:Wall-Mini12 SpatiallyLoaded:1 Bounds:IsValid=true, Min=(X=3514.750 Y=4315.625 Z=822.750), Max=(X=3577.250 Y=4334.375 Z=848.250) RuntimeGrid:None EditorOnly:0 RuntimeOnly:0 HLODRelevant:0
 |   |   |- [+] [  2]
 |   |   |   |- Guid:C3FEEA544A6D24B1FB9CA2AC4D45866E BaseClass:/Game/StarterContent/Props/Books1.Books1_C NativeClass:/Script/Engine.Actor Name:Books1_C_UAID_309C23D1F6A60D7801_1126318171 Label:Books1 SpatiallyLoaded:1 Bounds:IsValid=true, Min=(X=3519.500 Y=4782.125 Z=1020.625), Max=(X=3532.250 Y=4786.875 Z=1039.375) RuntimeGrid:None EditorOnly:0 RuntimeOnly:0 HLODRelevant:0
 |   |   |- [+] [  3]
 |   |   |   |- Guid:7E28CAD74A08521B4B373EBC705AEEDF BaseClass:/Game/StarterContent/Props/Wall-Mini.Wall-Mini_C NativeClass:/Script/Engine.Actor Name:Wall-Mini_C_UAID_309C23D1F6A6AD7801_1838655334 Label:Wall-Mini18 SpatiallyLoaded:1 Bounds:IsValid=true, Min=(X=3342.250 Y=4620.625 Z=1070.750), Max=(X=3529.750 Y=4639.375 Z=1096.250) RuntimeGrid:None EditorOnly:0 RuntimeOnly:0 HLODRelevant:0
 |   |   |- [+] [  4]
 |   |   |   |- Guid:8C2BD5B3421BA36295C123B1DB2EB75F BaseClass: NativeClass:/Script/Engine.RectLight Name:RectLight_UAID_309C23D1F6A6EF6E01_1724587388 Label:RectLight SpatiallyLoaded:1 Bounds:IsValid=true, Min=(X=-3565.000 Y=-880.000 Z=-950.000), Max=(X=635.000 Y=3320.000 Z=3250.000) RuntimeGrid:None EditorOnly:0 RuntimeOnly:0 HLODRelevant:0
 |   |   |- [+] [  5]
 |   |   |   |- Guid:DB0AA50E48DECE0221DEA9BABB35FFED BaseClass: NativeClass:/Script/Engine.StaticMeshActor Name:StaticMeshActor_UAID_309C23D1F6A6E07A01_1615158416 Label:carpet SpatiallyLoaded:1 Bounds:IsValid=true, Min=(X=4595.000 Y=4485.000 Z=950.000), Max=(X=4595.000 Y=4485.000 Z=950.000) RuntimeGrid:None EditorOnly:0 RuntimeOnly:0 HLODRelevant:0
 |   |   |- [+] [  6]
 |   |   |   |- Guid:319F65CC42BCB84709B738BCFF34D9C9 BaseClass:/Game/StarterContent/Props/Wall-Mini.Wall-Mini_C NativeClass:/Script/Engine.Actor Name:Wall-Mini_C_UAID_309C23D1F6A6C27101_1607049635 Label:Wall-Mini14 SpatiallyLoaded:1 Bounds:IsValid=true, Min=(X=3514.750 Y=4604.625 Z=822.750), Max=(X=3577.250 Y=4623.375 Z=848.250) RuntimeGrid:None EditorOnly:0 RuntimeOnly:0 HLODRelevant:0
 |   |   |- [+] [  7]
 |   |   |   |- Guid:1142994F417562463D45678F7EA72B3C BaseClass:/Game/StarterContent/Props/Books.Books_C NativeClass:/Script/Engine.Actor Name:Books_C_UAID_309C23D1F6A6977401_1165192235 Label:Books3 SpatiallyLoaded:1 Bounds:IsValid=true, Min=(X=3520.500 Y=4771.250 Z=980.625), Max=(X=3533.250 Y=4780.750 Z=999.375) RuntimeGrid:None EditorOnly:0 RuntimeOnly:0 HLODRelevant:0
 |   |   |- [+] [  8]
 |   |   |   |- Guid:0BC3ADF1457667266FB261ACC2FB936F BaseClass:/Game/StarterContent/Props/Facy-Door.Facy-Door_C NativeClass:/Script/Engine.Actor Name:Facy-Door_C_UAID_309C23D1F6A62F7001_1696267703 Label:Facy-Door SpatiallyLoaded:1 Bounds:IsValid=true, Min=(X=3353.480 Y=4554.000 Z=826.500), Max=(X=3516.513 Y=4738.000 Z=1076.550) RuntimeGrid:None EditorOnly:0 RuntimeOnly:0 HLODRelevant:0
 |   |   |- [+] [  9]
 |   |   |   |- Guid:75012FE94DF804D4B9B0ACA61288F705 BaseClass:/Game/StarterContent/Props/Wall-Mini.Wall-Mini_C NativeClass:/Script/Engine.Actor Name:Wall-Mini_C_UAID_309C23D1F6A6E06F01_1304632807 Label:Wall-Mini2 SpatiallyLoaded:1 Bounds:IsValid=true, Min=(X=2814.000 Y=4315.625 Z=822.750), Max=(X=3314.000 Y=4334.375 Z=848.250) RuntimeGrid:None EditorOnly:0 RuntimeOnly:0 HLODRelevant:0
 |   |   |- [+] [ 10]
 |   |   |   |- Guid:9F9EA0DC4A5B3ED52295AB8B1609AA7C BaseClass:/Game/StarterContent/Painting_1.Painting_1_C NativeClass:/Script/Engine.Actor Name:Painting_1_C_UAID_309C23D1F6A6547E01_1624857000 Label:Painting_1 SpatiallyLoaded:1 Bounds:IsValid=true, Min=(X=3610.000 Y=4617.500 Z=942.500), Max=(X=3670.000 Y=4622.500 Z=977.500) RuntimeGrid:None EditorOnly:0 RuntimeOnly:0 HLODRelevant:0
 |   |   |- [+] [ 11]
 |   |   |   |- Guid:326D2CF547D8784F7E16AB97458E90AD BaseClass:/Game/StarterContent/Props/Candle.Candle_C NativeClass:/Script/Engine.Actor Name:Candle_C_UAID_309C23D1F6A6957401_1892254880 Label:Candle SpatiallyLoaded:1 Bounds:IsValid=true, Min=(X=3519.500 Y=4840.500 Z=1021.450), Max=(X=3536.932 Y=4855.500 Z=1047.329) RuntimeGrid:None EditorOnly:0 RuntimeOnly:0 HLODRelevant:0
 |   |   |- [+] [ 12]
 |   |   |   |- Guid:F231F7834DD38B4745DCC69072463373 BaseClass: NativeClass:/Script/Engine.StaticMeshActor Name:StaticMeshActor_UAID_309C23D1F6A6E17A01_1250366591 Label:carpet_mtl SpatiallyLoaded:1 Bounds:IsValid=true, Min=(X=4725.000 Y=4495.000 Z=1005.000), Max=(X=4725.000 Y=4495.000 Z=1005.000) RuntimeGrid:None EditorOnly:0 RuntimeOnly:0 HLODRelevant:0
 |   |   |- [+] [ 13]
 |   |   |   |- Guid:BF3A0F0249F17DBB084DCF9746409808 BaseClass:/Game/StarterContent/Props/Wall-Mini.Wall-Mini_C NativeClass:/Script/Engine.Actor Name:Wall-Mini_C_UAID_309C23D1F6A6E06F01_1460576815 Label:Wall-Mini10 SpatiallyLoaded:1 Bounds:IsValid=true, Min=(X=3564.000 Y=4604.625 Z=822.750), Max=(X=4064.000 Y=4623.375 Z=848.250) RuntimeGrid:None EditorOnly:0 RuntimeOnly:0 HLODRelevant:0
 |   |   |- [+] [ 14]
 |   |   |   |- Guid:5C909DC54567C5B290CB228AA105342D BaseClass:/Game/StarterContent/Props/Wall-Mini.Wall-Mini_C NativeClass:/Script/Engine.Actor Name:Wall-Mini_C_UAID_309C23D1F6A6E06F01_1477848816 Label:Wall-Mini11 SpatiallyLoaded:1 Bounds:IsValid=true, Min=(X=4064.000 Y=4604.625 Z=822.750), Max=(X=4564.000 Y=4623.375 Z=848.250) RuntimeGrid:None EditorOnly:0 RuntimeOnly:0 HLODRelevant:0
 |   |   |- [+] [ 15]
 |   |   |   |- Guid:65DB6FB64D7A81089ADA3794A9CD3331 BaseClass: NativeClass:/Script/Engine.RectLight Name:RectLight_UAID_309C23D1F6A6457401_1998787801 Label:RectLight6 SpatiallyLoaded:1 Bounds:IsValid=true, Min=(X=2140.000 Y=4318.000 Z=165.000), Max=(X=4140.000 Y=6318.000 Z=2165.000) RuntimeGrid:None EditorOnly:0 RuntimeOnly:0 HLODRelevant:0
 |   |   |- [+] [ 16]
 |   |   |   |- Guid:5DD639CD4A7E1F7621D9E59C18BBF953 BaseClass:/Game/StarterContent/Props/Books2.Books2_C NativeClass:/Script/Engine.Actor Name:Books2_C_UAID_309C23D1F6A60D7801_1240445172 Label:Books2 SpatiallyLoaded:1 Bounds:IsValid=true, Min=(X=3519.500 Y=4787.250 Z=1013.438), Max=(X=3532.250 Y=4796.750 Z=1041.562) RuntimeGrid:None EditorOnly:0 RuntimeOnly:0 HLODRelevant:0
 |   |   |- [+] [ 17]
 |   |   |   |- Guid:CBD00CF344947DF11E26359E9CDBA762 BaseClass:/Game/StarterContent/Props/Wall-Mini.Wall-Mini_C NativeClass:/Script/Engine.Actor Name:Wall-Mini_C_UAID_309C23D1F6A6E06F01_1402569812 Label:Wall-Mini7 SpatiallyLoaded:1 Bounds:IsValid=true, Min=(X=2314.000 Y=4604.625 Z=822.750), Max=(X=2814.000 Y=4623.375 Z=848.250) RuntimeGrid:None EditorOnly:0 RuntimeOnly:0 HLODRelevant:0
 |   |   |- [+] [ 18]
 |   |   |   |- Guid:CFF1C3774FE6D9AEBBF663AC68F261B0 BaseClass:/Game/StarterContent/Props/Wall-Mini.Wall-Mini_C NativeClass:/Script/Engine.Actor Name:Wall-Mini_C_UAID_309C23D1F6A6AD7801_1466430330 Label:Wall-Mini15 SpatiallyLoaded:1 Bounds:IsValid=true, Min=(X=3342.250 Y=4300.625 Z=1070.750), Max=(X=3529.750 Y=4319.375 Z=1096.250) RuntimeGrid:None EditorOnly:0 RuntimeOnly:0 HLODRelevant:0
 |   |   |- [+] [ 19]
 |   |   |   |- Guid:179C3AE3462341F5CC8827BB89613DAD BaseClass:/Game/StarterContent/Props/Light-Switch.Light-Switch_C NativeClass:/Script/Engine.Actor Name:Light-Switch_C_UAID_309C23D1F6A6C37101_1861510809 Label:Light-Switch2 SpatiallyLoaded:1 Bounds:IsValid=true, Min=(X=3354.000 Y=4924.000 Z=873.000), Max=(X=3396.000 Y=5026.000 Z=1095.000) RuntimeGrid:None EditorOnly:0 RuntimeOnly:0 HLODRelevant:0
 |   |   |- [+] [ 20]
 |   |   |   |- Guid:60EA5DE944BAFBD2E3FCCF8A497924D5 BaseClass:/Game/StarterContent/Props/Candle.Candle_C NativeClass:/Script/Engine.Actor Name:Candle_C_UAID_309C23D1F6A6977401_1932691236 Label:Candle2 SpatiallyLoaded:1 Bounds:IsValid=true, Min=(X=3519.500 Y=4883.500 Z=981.450), Max=(X=3536.932 Y=4898.500 Z=1007.329) RuntimeGrid:None EditorOnly:0 RuntimeOnly:0 HLODRelevant:0
 |   |   |- [+] [ 21]
 |   |   |   |- Guid:247008F1426759BDA7F933895D0276A5 BaseClass:/Game/StarterContent/KeyPad-Door.KeyPad-Door_C NativeClass:/Script/Engine.Actor Name:KeyPad-Door_C_UAID_309C23D1F6A6547E01_1460767999 Label:KeyPad-Door SpatiallyLoaded:1 Bounds:IsValid=true, Min=(X=4532.500 Y=4381.000 Z=832.000), Max=(X=4646.862 Y=4516.000 Z=1132.000) RuntimeGrid:None EditorOnly:0 RuntimeOnly:0 HLODRelevant:0
 |   |   |- [+] [ 22]
 |   |   |   |- Guid:23BEEBBC400B5805BC77D7B02A2C009B BaseClass:/Game/StarterContent/Props/Wall-Mini.Wall-Mini_C NativeClass:/Script/Engine.Actor Name:Wall-Mini_C_UAID_309C23D1F6A6C27101_1586085634 Label:Wall-Mini13 SpatiallyLoaded:1 Bounds:IsValid=true, Min=(X=3300.750 Y=4604.625 Z=822.750), Max=(X=3363.250 Y=4623.375 Z=848.250) RuntimeGrid:None EditorOnly:0 RuntimeOnly:0 HLODRelevant:0
 |   |   |- [+] [ 23]
 |   |   |   |- Guid:23D0CC494E411DE3BC339CB90C33513E BaseClass:/Game/StarterContent/Props/Wall-Mini-C.Wall-Mini-C_C NativeClass:/Script/Engine.Actor Name:Wall-Mini-C_C_UAID_309C23D1F6A6307B01_1226584498 Label:Wall-Mini-C3 SpatiallyLoaded:1 Bounds:IsValid=true, Min=(X=3506.621 Y=4604.248 Z=822.729), Max=(X=3549.496 Y=4647.123 Z=848.229) RuntimeGrid:None EditorOnly:0 RuntimeOnly:0 HLODRelevant:0
 |   |   |- [+] [ 24]
 |   |   |   |- Guid:F28B48A64A1A60786EE7CB8F618BD6AE BaseClass:/Game/StarterContent/Props/Wall-Mini-C.Wall-Mini-C_C NativeClass:/Script/Engine.Actor Name:Wall-Mini-C_C_UAID_309C23D1F6A6307B01_1192377497 Label:Wall-Mini-C2 SpatiallyLoaded:1 Bounds:IsValid=true, Min=(X=3506.621 Y=4292.123 Z=822.729), Max=(X=3549.496 Y=4334.998 Z=848.229) RuntimeGrid:None EditorOnly:0 RuntimeOnly:0 HLODRelevant:0
 |   |   |- [+] [ 25]
 |   |   |   |- Guid:117D89EA41818C8FB9CB7C89FAD11FB4 BaseClass:/Game/StarterContent/Props/Wall-Mini.Wall-Mini_C NativeClass:/Script/Engine.Actor Name:Wall-Mini_C_UAID_309C23D1F6A6E06F01_1427656813 Label:Wall-Mini8 SpatiallyLoaded:1 Bounds:IsValid=true, Min=(X=2814.000 Y=4604.625 Z=822.750), Max=(X=3314.000 Y=4623.375 Z=848.250) RuntimeGrid:None EditorOnly:0 RuntimeOnly:0 HLODRelevant:0
 |   |   |- [+] [ 26]
 |   |   |   |- Guid:B59F97D347B2AE239C71A88153A431AD BaseClass:/Game/StarterContent/Props/Books.Books_C NativeClass:/Script/Engine.Actor Name:Books_C_UAID_309C23D1F6A6967401_2133789057 Label:Books SpatiallyLoaded:1 Bounds:IsValid=true, Min=(X=3517.066 Y=4782.114 Z=981.250), Max=(X=3534.234 Y=4803.525 Z=990.750) RuntimeGrid:None EditorOnly:0 RuntimeOnly:0 HLODRelevant:0
 |   |   |- [+] [ 27]
 |   |   |   |- Guid:802EED0B4537AE4A1CDDF49BD61F0781 BaseClass:/Game/StarterContent/Props/Wall-Mini.Wall-Mini_C NativeClass:/Script/Engine.Actor Name:Wall-Mini_C_UAID_309C23D1F6A6AD7801_1737347333 Label:Wall-Mini17 SpatiallyLoaded:1 Bounds:IsValid=true, Min=(X=3509.750 Y=4620.625 Z=827.000), Max=(X=3535.250 Y=4639.375 Z=1077.000) RuntimeGrid:None EditorOnly:0 RuntimeOnly:0 HLODRelevant:0
 |   |   |- [+] [ 28]
 |   |   |   |- Guid:9A1E4DC14682F066A2C4D8AAE3603DAA BaseClass:/Game/StarterContent/Props/Wall-Mini-C.Wall-Mini-C_C NativeClass:/Script/Engine.Actor Name:Wall-Mini-C_C_UAID_309C23D1F6A6307B01_1285585499 Label:Wall-Mini-C4 SpatiallyLoaded:1 Bounds:IsValid=true, Min=(X=3328.496 Y=4603.248 Z=822.729), Max=(X=3371.371 Y=4646.123 Z=848.229) RuntimeGrid:None EditorOnly:0 RuntimeOnly:0 HLODRelevant:0
 |   |   |- [+] [ 29]
 |   |   |   |- Guid:BEEB012D457C36492AB55A9E59DE3557 BaseClass: NativeClass:/Script/Engine.StaticMeshActor Name:StaticMeshActor_UAID_309C23D1F6A6637D01_1893466586 Label:untitled SpatiallyLoaded:1 Bounds:IsValid=true, Min=(X=4667.000 Y=4399.000 Z=862.000), Max=(X=4667.000 Y=4399.000 Z=862.000) RuntimeGrid:None EditorOnly:0 RuntimeOnly:0 HLODRelevant:0
 |   |   |- [+] [ 30]
 |   |   |   |- Guid:F3DAD98A43F61DD09074F58817B072F8 BaseClass:/Game/StarterContent/Props/Roof-Light.Roof-Light_C NativeClass:/Script/Engine.Actor Name:Roof-Light_C_UAID_309C23D1F6A68F6F01_1879090547 Label:Roof-Light2 SpatiallyLoaded:1 Bounds:IsValid=true, Min=(X=2765.000 Y=4400.000 Z=1192.812), Max=(X=2865.000 Y=4500.000 Z=1227.188) RuntimeGrid:None EditorOnly:0 RuntimeOnly:0 HLODRelevant:0
 |   |   |- [+] [ 31]
 |   |   |   |- Guid:C002A844485E23C8D56BEBB694768F01 BaseClass:/Game/StarterContent/Props/Wall-Mini.Wall-Mini_C NativeClass:/Script/Engine.Actor Name:Wall-Mini_C_UAID_309C23D1F6A6E06F01_1356451810 Label:Wall-Mini5 SpatiallyLoaded:1 Bounds:IsValid=true, Min=(X=4064.000 Y=4315.625 Z=822.750), Max=(X=4564.000 Y=4334.375 Z=848.250) RuntimeGrid:None EditorOnly:0 RuntimeOnly:0 HLODRelevant:0
 |   |   |- [+] [ 32]
 |   |   |   |- Guid:9AB8893041C688E0BE72FE88983B284F BaseClass:/Game/StarterContent/Props/Wall-Mini-C.Wall-Mini-C_C NativeClass:/Script/Engine.Actor Name:Wall-Mini-C_C_UAID_309C23D1F6A6307B01_1132361496 Label:Wall-Mini-C SpatiallyLoaded:1 Bounds:IsValid=true, Min=(X=3328.496 Y=4292.123 Z=822.729), Max=(X=3371.371 Y=4334.998 Z=848.229) RuntimeGrid:None EditorOnly:0 RuntimeOnly:0 HLODRelevant:0
 |   |   |- [+] [ 33]
 |   |   |   |- Guid:3A83C93E4C52E36E8405DFB8AFC91302 BaseClass:/Game/StarterContent/Props/Light.Light_C NativeClass:/Script/Engine.Actor Name:Light_C_UAID_309C23D1F6A6C37101_1846173808 Label:Light SpatiallyLoaded:1 Bounds:IsValid=true, Min=(X=3385.000 Y=4795.000 Z=1097.812), Max=(X=3485.000 Y=4895.000 Z=1132.188) RuntimeGrid:None EditorOnly:0 RuntimeOnly:0 HLODRelevant:0
 |   |   |- [+] [ 34]
 |   |   |   |- Guid:E08EE5E4426DEF735FF6C6B14138F243 BaseClass:/Game/StarterContent/Props/Wall-Mini.Wall-Mini_C NativeClass:/Script/Engine.Actor Name:Wall-Mini_C_UAID_309C23D1F6A6C27101_1511671632 Label:Wall-Mini9 SpatiallyLoaded:1 Bounds:IsValid=true, Min=(X=3300.750 Y=4315.625 Z=822.750), Max=(X=3363.250 Y=4334.375 Z=848.250) RuntimeGrid:None EditorOnly:0 RuntimeOnly:0 HLODRelevant:0
 |   |   |- [+] [ 35]
 |   |   |   |- Guid:4CADD9CA485811883FA8BE95F076D88B BaseClass:/Game/StarterContent/Props/Facy-Door.Facy-Door_C NativeClass:/Script/Engine.Actor Name:Facy-Door_C_UAID_309C23D1F6A6A47301_1372957463 Label:Facy-Door2 SpatiallyLoaded:1 Bounds:IsValid=true, Min=(X=3353.480 Y=4204.000 Z=826.500), Max=(X=3516.513 Y=4388.000 Z=1076.550) RuntimeGrid:None EditorOnly:0 RuntimeOnly:0 HLODRelevant:0
 |   |   |- [+] [ 36]
 |   |   |   |- Guid:6556CF8348104A8E3A9271AB53259DA9 BaseClass:/Game/StarterContent/Props/Wall-Mini.Wall-Mini_C NativeClass:/Script/Engine.Actor Name:Wall-Mini_C_UAID_309C23D1F6A6AD7801_1612950332 Label:Wall-Mini16 SpatiallyLoaded:1 Bounds:IsValid=true, Min=(X=3343.750 Y=4620.625 Z=827.000), Max=(X=3369.250 Y=4639.375 Z=1077.000) RuntimeGrid:None EditorOnly:0 RuntimeOnly:0 HLODRelevant:0
 |   |   |- [+] [ 37]
 |   |   |   |- Guid:BADA2D224ADE57EB244DE5B1748FFF23 BaseClass:/Game/StarterContent/Props/Books.Books_C NativeClass:/Script/Engine.Actor Name:Books_C_UAID_309C23D1F6A60C7801_1956302991 Label:Books4 SpatiallyLoaded:1 Bounds:IsValid=true, Min=(X=3520.500 Y=4771.250 Z=1020.625), Max=(X=3533.250 Y=4780.750 Z=1039.375) RuntimeGrid:None EditorOnly:0 RuntimeOnly:0 HLODRelevant:0
 |   |   |- [+] [ 38]
 |   |   |   |- Guid:CBF6D7634A030B9D185233B5D2EE2D49 BaseClass: NativeClass:/Script/Engine.RectLight Name:RectLight_UAID_309C23D1F6A63F6F01_1865286466 Label:RectLight2 SpatiallyLoaded:1 Bounds:IsValid=true, Min=(X=3065.000 Y=3450.000 Z=205.000), Max=(X=5065.000 Y=5450.000 Z=2205.000) RuntimeGrid:None EditorOnly:0 RuntimeOnly:0 HLODRelevant:0
 |   |   |- [+] [ 39]
 |   |   |   |- Guid:1353799245A1D633DBA67E907C21CF19 BaseClass:/Game/StarterContent/Emergency-Stairs.Emergency-Stairs_C NativeClass:/Script/Engine.Actor Name:Emergency-Stairs_C_UAID_309C23D1F6A6547E01_1736106001 Label:Emergency-Stairs SpatiallyLoaded:1 Bounds:IsValid=true, Min=(X=4657.900 Y=4621.250 Z=552.000), Max=(X=4907.900 Y=5333.750 Z=938.060) RuntimeGrid:None EditorOnly:0 RuntimeOnly:0 HLODRelevant:0
 |   |   |- [+] [ 40]
 |   |   |   |- Guid:95BE7F614138AC045E310785D384BE1B BaseClass: NativeClass:/Script/Engine.SkeletalMeshActor Name:SkeletalMeshActor_UAID_309C23D1F6A63F6F01_1662515465 Label:SK_Mannequin_PhysicsAsset SpatiallyLoaded:1 Bounds:IsValid=true, Min=(X=4053.981 Y=4420.771 Z=833.574), Max=(X=4198.089 Y=4458.056 Z=1020.456) RuntimeGrid:None EditorOnly:0 RuntimeOnly:0 HLODRelevant:0
 |   |   |- [+] [ 41]
 |   |   |   |- Guid:F226C53D4BB404D841CC94844E61074F BaseClass:/Game/StarterContent/Props/Wall-Mini.Wall-Mini_C NativeClass:/Script/Engine.Actor Name:Wall-Mini_C_UAID_309C23D1F6A6AD7801_1362009329 Label:Wall-Mini6 SpatiallyLoaded:1 Bounds:IsValid=true, Min=(X=3510.750 Y=4300.625 Z=827.000), Max=(X=3536.250 Y=4319.375 Z=1077.000) RuntimeGrid:None EditorOnly:0 RuntimeOnly:0 HLODRelevant:0
 |   |   |- [+] [ 42]
 |   |   |   |- Guid:44D222A7410D9ADD4890C8B14B10B6EC BaseClass:/Game/StarterContent/Props/EXIT-Sign.EXIT-Sign_C NativeClass:/Script/Engine.Actor Name:EXIT-Sign_C_UAID_309C23D1F6A6FD7801_1747656407 Label:EXIT-Sign SpatiallyLoaded:1 Bounds:IsValid=true, Min=(X=4822.500 Y=4357.500 Z=1105.438), Max=(X=4847.500 Y=4582.500 Z=1208.562) RuntimeGrid:None EditorOnly:0 RuntimeOnly:0 HLODRelevant:0
 |   |   |- [+] [ 43]
 |   |   |   |- Guid:234A45B448562C013E785F8FB5AAEBE4 BaseClass:/Game/StarterContent/Props/Wall-Mini.Wall-Mini_C NativeClass:/Script/Engine.Actor Name:Wall-Mini_C_UAID_309C23D1F6A6E06F01_1197796804 Label:Wall-Mini SpatiallyLoaded:1 Bounds:IsValid=true, Min=(X=2314.000 Y=4315.625 Z=822.750), Max=(X=2814.000 Y=4334.375 Z=848.250) RuntimeGrid:None EditorOnly:0 RuntimeOnly:0 HLODRelevant:0
 |   |   |- [+] [ 44]
 |   |   |   |- Guid:D8AADF074BF78778623D3AB5D28CCD23 BaseClass:/Game/StarterContent/Props/Wall-Mini.Wall-Mini_C NativeClass:/Script/Engine.Actor Name:Wall-Mini_C_UAID_309C23D1F6A6AD7801_1301699328 Label:Wall-Mini3 SpatiallyLoaded:1 Bounds:IsValid=true, Min=(X=3342.750 Y=4300.625 Z=827.000), Max=(X=3368.250 Y=4319.375 Z=1077.000) RuntimeGrid:None EditorOnly:0 RuntimeOnly:0 HLODRelevant:0
 |   |   |- [+] [ 45]
 |   |   |   |- Guid:F29DA99A4EC236210058A9A63777FCD4 BaseClass:/Game/StarterContent/Props/Wall-Mini.Wall-Mini_C NativeClass:/Script/Engine.Actor Name:Wall-Mini_C_UAID_309C23D1F6A6E06F01_1348642809 Label:Wall-Mini4 SpatiallyLoaded:1 Bounds:IsValid=true, Min=(X=3564.000 Y=4315.625 Z=822.750), Max=(X=4064.000 Y=4334.375 Z=848.250) RuntimeGrid:None EditorOnly:0 RuntimeOnly:0 HLODRelevant:0
 |   |   |- [+] [ 46]
 |   |   |   |- Guid:3CEFA2FF49CDE3E784875FA26EFCA2EE BaseClass: NativeClass:/Script/Engine.RectLight Name:RectLight_UAID_309C23D1F6A68F6F01_1766423546 Label:RectLight3 SpatiallyLoaded:1 Bounds:IsValid=true, Min=(X=1815.000 Y=3450.000 Z=205.000), Max=(X=3815.000 Y=5450.000 Z=2205.000) RuntimeGrid:None EditorOnly:0 RuntimeOnly:0 HLODRelevant:0
 |   |   |- [+] [ 47]
 |   |   |   |- Guid:3A00AA1C422CE54C0BDB60BAF471BFBB BaseClass: NativeClass:/Script/Engine.PlayerStart Name:PlayerStart_0 Label:PlayerStart SpatiallyLoaded:0 Bounds:IsValid=true, Min=(X=3406.787 Y=4416.176 Z=899.114), Max=(X=3486.787 Y=4496.176 Z=1083.114) RuntimeGrid:None EditorOnly:0 RuntimeOnly:0 HLODRelevant:0
 |   |   |- [+] [ 48]
 |   |   |   |- Guid:5DDB4A904ADA7FF6AC00A58CFC974026 BaseClass:/Game/StarterContent/Emergency-Stairs.Emergency-Stairs_C NativeClass:/Script/Engine.Actor Name:Emergency-Stairs_C_UAID_309C23D1F6A6547E01_1978760002 Label:Emergency-Stairs2 SpatiallyLoaded:1 Bounds:IsValid=true, Min=(X=4907.900 Y=4621.250 Z=302.000), Max=(X=5157.900 Y=5333.750 Z=688.060) RuntimeGrid:None EditorOnly:0 RuntimeOnly:0 HLODRelevant:0
 |   |   |- [+] [ 49]
 |   |   |   |- Guid:9D3336DD4ABE0202915A55A9EC40CBC8 BaseClass: NativeClass:/Script/Engine.RectLight Name:RectLight_UAID_309C23D1F6A6547E01_1993732003 Label:RectLight4 SpatiallyLoaded:1 Bounds:IsValid=true, Min=(X=4080.000 Y=4205.000 Z=85.000), Max=(X=6080.000 Y=6205.000 Z=2085.000) RuntimeGrid:None EditorOnly:0 RuntimeOnly:0 HLODRelevant:0
 |   |   |- [+] [ 50]
 |   |   |   |- Guid:C55AEED7471869952FD3569B39557152 BaseClass:/Game/StarterContent/Props/Books.Books_C NativeClass:/Script/Engine.Actor Name:Books_C_UAID_309C23D1F6A60D7801_1429800173 Label:Books5 SpatiallyLoaded:1 Bounds:IsValid=true, Min=(X=3517.066 Y=4798.114 Z=1021.375), Max=(X=3534.234 Y=4819.525 Z=1035.625) RuntimeGrid:None EditorOnly:0 RuntimeOnly:0 HLODRelevant:0
 |   |   |- [+] [ 51]
 |   |   |   |- Guid:296E09A04D4D5573BD3C91820E333804 BaseClass:/Game/StarterContent/Props/Roof-Light.Roof-Light_C NativeClass:/Script/Engine.Actor Name:Roof-Light_C_UAID_309C23D1F6A68F6F01_1611824545 Label:Roof-Light SpatiallyLoaded:1 Bounds:IsValid=true, Min=(X=4015.000 Y=4400.000 Z=1192.812), Max=(X=4115.000 Y=4500.000 Z=1227.188) RuntimeGrid:None EditorOnly:0 RuntimeOnly:0 HLODRelevant:0
 |   |   |- [+] [ 52]
 |   |   |   |- Guid:5FDF0C754C38366E586117935FD09F28 BaseClass:/Game/StarterContent/Carpet.Carpet_C NativeClass:/Script/Engine.Actor Name:Carpet_C_UAID_309C23D1F6A6A57E01_1860570256 Label:Carpet2 SpatiallyLoaded:1 Bounds:IsValid=true, Min=(X=2269.743 Y=4326.129 Z=826.069), Max=(X=3390.078 Y=4613.029 Z=840.652) RuntimeGrid:None EditorOnly:0 RuntimeOnly:0 HLODRelevant:0
 |- ContainerInstances:
 |- [+] MainContainer:
 |   |-        ID: 0x0000000000000000
 |   |-    Bounds: IsValid=false, Min=(X=0.000 Y=0.000 Z=0.000), Max=(X=0.000 Y=0.000 Z=0.000)
 |   |- Transform: 0.000000,0.000000,0.000000|0.000000,0.000000,-0.000000|1.000000,1.000000,1.000000
 |   |- Container: /Game/ThirdPerson/Maps/ThirdPersonMap
----------------------------------------------------------------------------------------------------------------
ThirdPersonMap - Persistent Level
----------------------------------------------------------------------------------------------------------------
Always loaded Actor Count: 470 

----------------------------------------------------------------------------------------------------------------
ThirdPersonMap - Runtime Spatial Hash - Streaming Grid - MainGrid
----------------------------------------------------------------------------------------------------------------
            Origin: X=0.000 Y=0.000 Z=0.000
         Cell Size: 12800
      World Bounds: IsValid=false, Min=(X=0.000 Y=0.000 Z=0.000), Max=(X=0.000 Y=0.000 Z=0.000)
     Loading Range: 25600.00
Block Slow Loading: No
 ClientOnlyVisible: No

[+] Grid Levels: 1
 |- Level  0: Cell Count    0 | Cell Size   12800 | Actor Count    0 (0.0%)

[+] Content of Grid Level 0

