[+] Containers:
 |- [+] Container: /Game/ThirdPerson/Maps/ThirdPersonMap
 |   |- [+] ActorDescs:
 |   |   |- Guid:123EB3254FDBB98F50D9D2A14E631F85 BaseClass: NativeClass:/Script/Engine.StaticMeshActor Name:StaticMeshActor_UAID_309C23D1F6A6465E01_2076124762 Label:SM_Cube33 SpatiallyLoaded:1 Bounds:IsValid=true, Min=(X=2450.000 Y=1550.000 Z=450.000), Max=(X=2575.000 Y=1675.000 Z=850.000) RuntimeGrid:None EditorOnly:0 RuntimeOnly:0 HLODRelevant:1 FolderPath:Playground FolderGuid:C73F09FC4215536B1DCE2A9E0A830C70
 |   |   |- Guid:134AD4B64660D0DC4EE721B2398CA475 BaseClass: NativeClass:/Script/Engine.StaticMeshActor Name:StaticMeshActor_UAID_309C23D1F6A6465E01_2045350756 Label:SM_Cube27 SpatiallyLoaded:1 Bounds:IsValid=true, Min=(X=-50.000 Y=1625.000 Z=450.000), Max=(X=425.000 Y=1675.000 Z=850.000) RuntimeGrid:None EditorOnly:0 RuntimeOnly:0 HLODRelevant:1 FolderPath:Playground FolderGuid:C73F09FC4215536B1DCE2A9E0A830C70
 |   |   |- Guid:165ED9814026E4D382592C8FA345983B BaseClass: NativeClass:/Script/Engine.StaticMeshActor Name:StaticMeshActor_UAID_309C23D1F6A6465E01_2096608767 Label:SM_Cube38 SpatiallyLoaded:1 Bounds:IsValid=true, Min=(X=125.000 Y=0.000 Z=450.000), Max=(X=2875.000 Y=25.000 Z=850.000) RuntimeGrid:None EditorOnly:0 RuntimeOnly:0 HLODRelevant:1 FolderPath:Playground FolderGuid:C73F09FC4215536B1DCE2A9E0A830C70
 |   |   |- Guid:20C0457644D820811E8F1589B27E8079 BaseClass: NativeClass:/Script/Engine.PointLight Name:PointLight_UAID_309C23D1F6A6725B01_2005606357 Label:PointLight3 SpatiallyLoaded:1 Bounds:IsValid=true, Min=(X=-572.053 Y=-199.891 Z=-733.414), Max=(X=1427.947 Y=1800.109 Z=1266.586) RuntimeGrid:None EditorOnly:0 RuntimeOnly:0 HLODRelevant:0
 |   |   |- Guid:24D650BE45E410D57E0CAEAF1384D71F BaseClass: NativeClass:/Script/Engine.StaticMeshActor Name:StaticMeshActor_UAID_309C23D1F6A6715B01_2113411144 Label:SM_SkySphere2 SpatiallyLoaded:0 Bounds:IsValid=true, Min=(X=-1636435.000 Y=-1638400.000 Z=-1638400.000), Max=(X=1640365.000 Y=1638400.000 Z=1638400.000) RuntimeGrid:None EditorOnly:0 RuntimeOnly:0 HLODRelevant:1 FolderPath:Lighting FolderGuid:963EC3EB4002CCE9759E2EBA541A873A
 |   |   |- Guid:261C5DFD49FC870943BA6BA5E1E36A7B BaseClass: NativeClass:/Script/Engine.StaticMeshActor Name:StaticMeshActor_UAID_309C23D1F6A6725B01_1543453336 Label:SM_Cube19 SpatiallyLoaded:1 Bounds:IsValid=true, Min=(X=2450.000 Y=1550.000 Z=0.000), Max=(X=2575.000 Y=1675.000 Z=400.000) RuntimeGrid:None EditorOnly:0 RuntimeOnly:0 HLODRelevant:1 FolderPath:Playground FolderGuid:C73F09FC4215536B1DCE2A9E0A830C70
 |   |   |- Guid:2FB58999456391D349DC0F86DAC136ED BaseClass: NativeClass:/Script/Engine.SkyLight Name:SkyLight_1 Label:SkyLight SpatiallyLoaded:0 Bounds:IsValid=true, Min=(X=0.000 Y=0.000 Z=690.000), Max=(X=0.000 Y=0.000 Z=690.000) RuntimeGrid:None EditorOnly:0 RuntimeOnly:0 HLODRelevant:0 FolderPath:Lighting FolderGuid:963EC3EB4002CCE9759E2EBA541A873A
 |   |   |- Guid:316CF2A6494ACA4C0E4180A87D36AB8F BaseClass: NativeClass:/Script/Engine.ExponentialHeightFog Name:ExponentialHeightFog_0 Label:ExponentialHeightFog SpatiallyLoaded:0 Bounds:IsValid=true, Min=(X=-5600.000 Y=-50.000 Z=-6850.000), Max=(X=-5600.000 Y=-50.000 Z=-6850.000) RuntimeGrid:None EditorOnly:0 RuntimeOnly:0 HLODRelevant:0 FolderPath:Lighting FolderGuid:963EC3EB4002CCE9759E2EBA541A873A
 |   |   |- Guid:383329F14EB7D30BA42927A354582082 BaseClass: NativeClass:/Script/Engine.StaticMeshActor Name:StaticMeshActor_UAID_309C23D1F6A6725B01_1777869342 Label:SM_Cube3 SpatiallyLoaded:1 Bounds:IsValid=true, Min=(X=0.000 Y=0.000 Z=400.000), Max=(X=3000.000 Y=1625.000 Z=425.000) RuntimeGrid:None EditorOnly:0 RuntimeOnly:0 HLODRelevant:1 FolderPath:Playground FolderGuid:C73F09FC4215536B1DCE2A9E0A830C70
 |   |   |- Guid:3A00AA1C422CE54C0BDB60BAF471BFBB BaseClass: NativeClass:/Script/Engine.PlayerStart Name:PlayerStart_0 Label:PlayerStart SpatiallyLoaded:0 Bounds:IsValid=true, Min=(X=1450.000 Y=1300.000 Z=0.013), Max=(X=1530.000 Y=1380.000 Z=184.013) RuntimeGrid:None EditorOnly:0 RuntimeOnly:0 HLODRelevant:0
 |   |   |- Guid:3D7E4CC6479A6700670990A99AF144C5 BaseClass: NativeClass:/Script/Engine.PointLight Name:PointLight_UAID_309C23D1F6A6725B01_2015994358 Label:PointLight4 SpatiallyLoaded:1 Bounds:IsValid=true, Min=(X=-572.053 Y=-449.891 Z=-733.414), Max=(X=1427.947 Y=1550.109 Z=1266.586) RuntimeGrid:None EditorOnly:0 RuntimeOnly:0 HLODRelevant:0
 |   |   |- Guid:3E2500194A45EA407443C987D500F21A BaseClass: NativeClass:/Script/Engine.StaticMeshActor Name:StaticMeshActor_UAID_309C23D1F6A6725B01_1108003322 Label:SM_Cube6 SpatiallyLoaded:1 Bounds:IsValid=true, Min=(X=2975.000 Y=125.000 Z=0.000), Max=(X=3000.000 Y=1625.000 Z=400.000) RuntimeGrid:None EditorOnly:0 RuntimeOnly:0 HLODRelevant:1 FolderPath:Playground FolderGuid:C73F09FC4215536B1DCE2A9E0A830C70
 |   |   |- Guid:4D3BE93F4146AAAC8BBE79999D96D57F BaseClass: NativeClass:/Script/Engine.VolumetricCloud Name:VolumetricCloud_0 Label:VolumetricCloud SpatiallyLoaded:0 Bounds:IsValid=true, Min=(X=0.000 Y=0.000 Z=820.000), Max=(X=0.000 Y=0.000 Z=820.000) RuntimeGrid:None EditorOnly:0 RuntimeOnly:0 HLODRelevant:0 FolderPath:Lighting FolderGuid:963EC3EB4002CCE9759E2EBA541A873A
 |   |   |- Guid:53DCB39F4219F6FD5866DD8015AFA814 BaseClass: NativeClass:/Script/Engine.StaticMeshActor Name:StaticMeshActor_UAID_309C23D1F6A6465E01_2067629760 Label:SM_Cube31 SpatiallyLoaded:1 Bounds:IsValid=true, Min=(X=2575.000 Y=1625.000 Z=450.000), Max=(X=3050.000 Y=1675.000 Z=850.000) RuntimeGrid:None EditorOnly:0 RuntimeOnly:0 HLODRelevant:1 FolderPath:Playground FolderGuid:C73F09FC4215536B1DCE2A9E0A830C70
 |   |   |- Guid:548845D744C1DF6E7EFECCACA50106E5 BaseClass: NativeClass:/Script/Engine.StaticMeshActor Name:StaticMeshActor_UAID_309C23D1F6A6465E01_2083327764 Label:SM_Cube35 SpatiallyLoaded:1 Bounds:IsValid=true, Min=(X=1025.000 Y=1550.000 Z=450.000), Max=(X=1150.000 Y=1675.000 Z=850.000) RuntimeGrid:None EditorOnly:0 RuntimeOnly:0 HLODRelevant:1 FolderPath:Playground FolderGuid:C73F09FC4215536B1DCE2A9E0A830C70
 |   |   |- Guid:56C4B33C4D18ED62BC8EBFB6C280058A BaseClass: NativeClass:/Script/Engine.StaticMeshActor Name:StaticMeshActor_UAID_309C23D1F6A6465E01_2041983755 Label:SM_Cube26 SpatiallyLoaded:1 Bounds:IsValid=true, Min=(X=-0.000 Y=125.000 Z=450.000), Max=(X=25.000 Y=1625.000 Z=850.000) RuntimeGrid:None EditorOnly:0 RuntimeOnly:0 HLODRelevant:1 FolderPath:Playground FolderGuid:C73F09FC4215536B1DCE2A9E0A830C70
 |   |   |- Guid:6BAF4DDD444C60371492D3919DB42C97 BaseClass: NativeClass:/Script/Engine.WorldDataLayers Name:WorldDataLayers Label:WorldDataLayers SpatiallyLoaded:0 Bounds:IsValid=true, Min=(X=0.000 Y=0.000 Z=0.000), Max=(X=0.000 Y=0.000 Z=0.000) RuntimeGrid:None EditorOnly:0 RuntimeOnly:0 HLODRelevant:0
 |   |   |- Guid:6CF253B044862DCCBC07BCBBA3F5899D BaseClass: NativeClass:/Script/Engine.StaticMeshActor Name:StaticMeshActor_UAID_309C23D1F6A6725B01_1266122327 Label:SM_Cube12 SpatiallyLoaded:1 Bounds:IsValid=true, Min=(X=-50.000 Y=1625.000 Z=400.000), Max=(X=3050.000 Y=1675.000 Z=450.000) RuntimeGrid:None EditorOnly:0 RuntimeOnly:0 HLODRelevant:1 FolderPath:Playground FolderGuid:C73F09FC4215536B1DCE2A9E0A830C70
 |   |   |- Guid:6D3F083E4BC0BC2F56F5C9A7B8F1D599 BaseClass: NativeClass:/Script/Engine.StaticMeshActor Name:StaticMeshActor_UAID_309C23D1F6A6725B01_1251687326 Label:SM_Cube11 SpatiallyLoaded:1 Bounds:IsValid=true, Min=(X=-50.000 Y=1625.000 Z=-50.000), Max=(X=3050.000 Y=1675.000 Z=0.000) RuntimeGrid:None EditorOnly:0 RuntimeOnly:0 HLODRelevant:1 FolderPath:Playground FolderGuid:C73F09FC4215536B1DCE2A9E0A830C70
 |   |   |- Guid:79771DB749016C35A4706AA5DC303D58 BaseClass: NativeClass:/Script/Engine.StaticMeshActor Name:StaticMeshActor_UAID_309C23D1F6A6725B01_1640091339 Label:SM_Cube21 SpatiallyLoaded:1 Bounds:IsValid=true, Min=(X=1975.000 Y=1625.000 Z=0.000), Max=(X=2450.000 Y=1675.000 Z=400.000) RuntimeGrid:None EditorOnly:0 RuntimeOnly:0 HLODRelevant:1 FolderPath:Playground FolderGuid:C73F09FC4215536B1DCE2A9E0A830C70
 |   |   |- Guid:8F3DFEE84823F92F57A478B8235C95D4 BaseClass: NativeClass:/Script/Engine.StaticMeshActor Name:StaticMeshActor_UAID_309C23D1F6A6465E01_2088600766 Label:SM_Cube37 SpatiallyLoaded:1 Bounds:IsValid=true, Min=(X=425.000 Y=1550.000 Z=450.000), Max=(X=550.000 Y=1675.000 Z=850.000) RuntimeGrid:None EditorOnly:0 RuntimeOnly:0 HLODRelevant:1 FolderPath:Playground FolderGuid:C73F09FC4215536B1DCE2A9E0A830C70
 |   |   |- Guid:944D7499415FD61ACB3B7F854508A87D BaseClass: NativeClass:/Script/Engine.StaticMeshActor Name:StaticMeshActor_UAID_309C23D1F6A6465E01_2078745763 Label:SM_Cube34 SpatiallyLoaded:1 Bounds:IsValid=true, Min=(X=1850.000 Y=1550.000 Z=450.000), Max=(X=1975.000 Y=1675.000 Z=850.000) RuntimeGrid:None EditorOnly:0 RuntimeOnly:0 HLODRelevant:1 FolderPath:Playground FolderGuid:C73F09FC4215536B1DCE2A9E0A830C70
 |   |   |- Guid:9A4FF3E84E2C49643359BB9018ED9315 BaseClass: NativeClass:/Script/Engine.StaticMeshActor Name:StaticMeshActor_UAID_309C23D1F6A6725B01_1627943338 Label:SM_Cube20 SpatiallyLoaded:1 Bounds:IsValid=true, Min=(X=550.000 Y=1625.000 Z=0.000), Max=(X=1025.000 Y=1675.000 Z=400.000) RuntimeGrid:None EditorOnly:0 RuntimeOnly:0 HLODRelevant:1 FolderPath:Playground FolderGuid:C73F09FC4215536B1DCE2A9E0A830C70
 |   |   |- Guid:9A73EBA0411B80A403C614967F71288A BaseClass: NativeClass:/Script/Engine.StaticMeshActor Name:StaticMeshActor_UAID_309C23D1F6A6465E01_2085590765 Label:SM_Cube36 SpatiallyLoaded:1 Bounds:IsValid=true, Min=(X=550.000 Y=1625.000 Z=450.000), Max=(X=1025.000 Y=1675.000 Z=850.000) RuntimeGrid:None EditorOnly:0 RuntimeOnly:0 HLODRelevant:1 FolderPath:Playground FolderGuid:C73F09FC4215536B1DCE2A9E0A830C70
 |   |   |- Guid:9A8D31414EEEC5632AF7FF873B09A8CB BaseClass: NativeClass:/Script/Engine.StaticMeshActor Name:StaticMeshActor_UAID_309C23D1F6A6725B01_1466219333 Label:SM_Cube16 SpatiallyLoaded:1 Bounds:IsValid=true, Min=(X=-50.000 Y=1625.000 Z=0.000), Max=(X=425.000 Y=1675.000 Z=400.000) RuntimeGrid:None EditorOnly:0 RuntimeOnly:0 HLODRelevant:1 FolderPath:Playground FolderGuid:C73F09FC4215536B1DCE2A9E0A830C70
 |   |   |- Guid:9EBA24484087F4EE59D9CAB6295EACC4 BaseClass: NativeClass:/Script/Engine.StaticMeshActor Name:StaticMeshActor_UAID_309C23D1F6A6475E01_1165638946 Label:SM_Cube41 SpatiallyLoaded:1 Bounds:IsValid=true, Min=(X=-50.000 Y=1625.000 Z=850.000), Max=(X=3050.000 Y=1675.000 Z=900.000) RuntimeGrid:None EditorOnly:0 RuntimeOnly:0 HLODRelevant:1 FolderPath:Playground FolderGuid:C73F09FC4215536B1DCE2A9E0A830C70
 |   |   |- Guid:A01D12B64548E17A9062F3BA641C0F15 BaseClass: NativeClass:/Script/Engine.StaticMeshActor Name:StaticMeshActor_UAID_309C23D1F6A6725B01_1529505335 Label:SM_Cube18 SpatiallyLoaded:1 Bounds:IsValid=true, Min=(X=425.000 Y=1550.000 Z=0.000), Max=(X=550.000 Y=1675.000 Z=400.000) RuntimeGrid:None EditorOnly:0 RuntimeOnly:0 HLODRelevant:1 FolderPath:Playground FolderGuid:C73F09FC4215536B1DCE2A9E0A830C70
 |   |   |- Guid:A02CBE1A4C335465689E339B68D0F319 BaseClass: NativeClass:/Script/Engine.StaticMeshActor Name:StaticMeshActor_UAID_309C23D1F6A6465E01_2032872754 Label:SM_Cube25 SpatiallyLoaded:1 Bounds:IsValid=true, Min=(X=0.000 Y=0.000 Z=450.000), Max=(X=125.000 Y=125.000 Z=850.000) RuntimeGrid:None EditorOnly:0 RuntimeOnly:0 HLODRelevant:1 FolderPath:Playground FolderGuid:C73F09FC4215536B1DCE2A9E0A830C70
 |   |   |- Guid:A07324034F3EE4DC5540E5BC44B61FBF BaseClass: NativeClass:/Script/Engine.StaticMeshActor Name:StaticMeshActor_UAID_309C23D1F6A6475E01_1196839947 Label:SM_Cube42 SpatiallyLoaded:1 Bounds:IsValid=true, Min=(X=3000.000 Y=0.000 Z=850.000), Max=(X=3050.000 Y=1625.000 Z=900.000) RuntimeGrid:None EditorOnly:0 RuntimeOnly:0 HLODRelevant:1 FolderPath:Playground FolderGuid:C73F09FC4215536B1DCE2A9E0A830C70
 |   |   |- Guid:A1F29B9A4FCB3F2FDEAFAA94E8C1899B BaseClass: NativeClass:/Script/Engine.StaticMeshActor Name:StaticMeshActor_UAID_309C23D1F6A6725B01_1665851341 Label:SM_Cube23 SpatiallyLoaded:1 Bounds:IsValid=true, Min=(X=1025.000 Y=1550.000 Z=0.000), Max=(X=1150.000 Y=1675.000 Z=400.000) RuntimeGrid:None EditorOnly:0 RuntimeOnly:0 HLODRelevant:1 FolderPath:Playground FolderGuid:C73F09FC4215536B1DCE2A9E0A830C70
 |   |   |- Guid:A2D6A65E4EE244E5EAC4F9B06E83074F BaseClass: NativeClass:/Script/Engine.StaticMeshActor Name:StaticMeshActor_UAID_309C23D1F6A6725B01_1329038331 Label:SM_Cube15 SpatiallyLoaded:1 Bounds:IsValid=true, Min=(X=3000.000 Y=0.000 Z=400.000), Max=(X=3050.000 Y=1625.000 Z=450.000) RuntimeGrid:None EditorOnly:0 RuntimeOnly:0 HLODRelevant:1 FolderPath:Playground FolderGuid:C73F09FC4215536B1DCE2A9E0A830C70
 |   |   |- Guid:A56216954B2165CF0F35A886B537D536 BaseClass: NativeClass:/Script/Engine.StaticMeshActor Name:StaticMeshActor_0 Label:SM_Cube5 SpatiallyLoaded:1 Bounds:IsValid=true, Min=(X=-0.000 Y=125.000 Z=0.000), Max=(X=25.000 Y=1625.000 Z=400.000) RuntimeGrid:None EditorOnly:0 RuntimeOnly:0 HLODRelevant:1 FolderPath:Playground FolderGuid:C73F09FC4215536B1DCE2A9E0A830C70
 |   |   |- Guid:A790B44848C20C63C7ED7CA2B5415E4D BaseClass: NativeClass:/Script/Engine.StaticMeshActor Name:StaticMeshActor_UAID_309C23D1F6A6715B01_2001049143 Label:SM_Cube4 SpatiallyLoaded:1 Bounds:IsValid=true, Min=(X=0.000 Y=0.000 Z=0.000), Max=(X=125.000 Y=125.000 Z=400.000) RuntimeGrid:None EditorOnly:0 RuntimeOnly:0 HLODRelevant:1 FolderPath:Playground FolderGuid:C73F09FC4215536B1DCE2A9E0A830C70
 |   |   |- Guid:ABD1F6CC4447D78254DF80931B59B9AB BaseClass: NativeClass:/Script/Engine.PointLight Name:PointLight_UAID_309C23D1F6A6725B01_2024811359 Label:PointLight5 SpatiallyLoaded:1 Bounds:IsValid=true, Min=(X=-572.053 Y=-699.891 Z=-733.414), Max=(X=1427.947 Y=1300.109 Z=1266.586) RuntimeGrid:None EditorOnly:0 RuntimeOnly:0 HLODRelevant:0
 |   |   |- Guid:B2FA615F45A7283FDD8D318BF48B37A6 BaseClass: NativeClass:/Script/Engine.StaticMeshActor Name:StaticMeshActor_UAID_309C23D1F6A6715B01_2120349145 Label:SM_Cube7 SpatiallyLoaded:1 Bounds:IsValid=true, Min=(X=2875.000 Y=0.000 Z=0.000), Max=(X=3000.000 Y=125.000 Z=400.000) RuntimeGrid:None EditorOnly:0 RuntimeOnly:0 HLODRelevant:1 FolderPath:Playground FolderGuid:C73F09FC4215536B1DCE2A9E0A830C70
 |   |   |- Guid:B42C73514DE2A93C5A47D8A3C961719A BaseClass: NativeClass:/Script/Engine.StaticMeshActor Name:StaticMeshActor_UAID_309C23D1F6A6465E01_2054037757 Label:SM_Cube28 SpatiallyLoaded:1 Bounds:IsValid=true, Min=(X=-50.000 Y=-50.000 Z=850.000), Max=(X=3050.000 Y=0.000 Z=900.000) RuntimeGrid:None EditorOnly:0 RuntimeOnly:0 HLODRelevant:1 FolderPath:Playground FolderGuid:C73F09FC4215536B1DCE2A9E0A830C70
 |   |   |- Guid:B785ED2844B84CFB91E7F39FE661CD99 BaseClass: NativeClass:/Script/Engine.DirectionalLight Name:DirectionalLight_0 Label:DirectionalLight SpatiallyLoaded:0 Bounds:IsValid=true, Min=(X=-1048576.000 Y=-1048576.000 Z=-1048576.000), Max=(X=1048576.000 Y=1048576.000 Z=1048576.000) RuntimeGrid:None EditorOnly:0 RuntimeOnly:0 HLODRelevant:0 FolderPath:Lighting FolderGuid:963EC3EB4002CCE9759E2EBA541A873A
 |   |   |- Guid:BC08B79C4EA3C961CFF75EBBE83B367D BaseClass: NativeClass:/Script/Engine.StaticMeshActor Name:StaticMeshActor_5 Label:SM_Cube2 SpatiallyLoaded:1 Bounds:IsValid=true, Min=(X=125.000 Y=0.000 Z=0.000), Max=(X=2875.000 Y=25.000 Z=400.000) RuntimeGrid:None EditorOnly:0 RuntimeOnly:0 HLODRelevant:1 FolderPath:Playground FolderGuid:C73F09FC4215536B1DCE2A9E0A830C70
 |   |   |- Guid:BE72BAF1450614098240A4A46DF763CE BaseClass: NativeClass:/Script/Engine.StaticMeshActor Name:StaticMeshActor_UAID_309C23D1F6A6725B01_1319495330 Label:SM_Cube14 SpatiallyLoaded:1 Bounds:IsValid=true, Min=(X=-50.000 Y=-50.000 Z=400.000), Max=(X=3050.000 Y=0.000 Z=450.000) RuntimeGrid:None EditorOnly:0 RuntimeOnly:0 HLODRelevant:1 FolderPath:Playground FolderGuid:C73F09FC4215536B1DCE2A9E0A830C70
 |   |   |- Guid:C39D1D9A4AE63D5C0C3A87B302723A9D BaseClass: NativeClass:/Script/Engine.StaticMeshActor Name:StaticMeshActor_UAID_309C23D1F6A6725B01_1840307343 Label:SM_Cube24 SpatiallyLoaded:1 Bounds:IsValid=true, Min=(X=0.000 Y=0.000 Z=425.000), Max=(X=3000.000 Y=1625.000 Z=450.000) RuntimeGrid:None EditorOnly:0 RuntimeOnly:0 HLODRelevant:1 FolderPath:Playground FolderGuid:C73F09FC4215536B1DCE2A9E0A830C70
 |   |   |- Guid:CCFF262C46EEFFDF319E7F9539CE697E BaseClass: NativeClass:/Script/Engine.SkyAtmosphere Name:SkyAtmosphere_0 Label:SkyAtmosphere SpatiallyLoaded:0 Bounds:IsValid=true, Min=(X=0.000 Y=0.000 Z=1020.000), Max=(X=0.000 Y=0.000 Z=1020.000) RuntimeGrid:None EditorOnly:0 RuntimeOnly:0 HLODRelevant:0 FolderPath:Lighting FolderGuid:963EC3EB4002CCE9759E2EBA541A873A
 |   |   |- Guid:CF88569C484D8B1417FBCB8C19703AFC BaseClass: NativeClass:/Script/Engine.StaticMeshActor Name:StaticMeshActor_UAID_309C23D1F6A6725B01_1175225325 Label:SM_Cube10 SpatiallyLoaded:1 Bounds:IsValid=true, Min=(X=-50.000 Y=-50.000 Z=-50.000), Max=(X=3050.000 Y=0.000 Z=0.000) RuntimeGrid:None EditorOnly:0 RuntimeOnly:0 HLODRelevant:1 FolderPath:Playground FolderGuid:C73F09FC4215536B1DCE2A9E0A830C70
 |   |   |- Guid:D08E77274B0581FF6A7194BA83D4FAD9 BaseClass: NativeClass:/Script/Engine.StaticMeshActor Name:StaticMeshActor_UAID_309C23D1F6A6725B01_1122221323 Label:SM_Cube8 SpatiallyLoaded:1 Bounds:IsValid=true, Min=(X=-50.000 Y=0.000 Z=-50.000), Max=(X=0.000 Y=1625.000 Z=0.000) RuntimeGrid:None EditorOnly:0 RuntimeOnly:0 HLODRelevant:1 FolderPath:Playground FolderGuid:C73F09FC4215536B1DCE2A9E0A830C70
 |   |   |- Guid:D36657DB4A8217BC66D4158C6D2ACB21 BaseClass: NativeClass:/Script/Engine.StaticMeshActor Name:StaticMeshActor_UAID_309C23D1F6A6725B01_1153903324 Label:SM_Cube9 SpatiallyLoaded:1 Bounds:IsValid=true, Min=(X=3000.000 Y=0.000 Z=-50.000), Max=(X=3050.000 Y=1625.000 Z=0.000) RuntimeGrid:None EditorOnly:0 RuntimeOnly:0 HLODRelevant:1 FolderPath:Playground FolderGuid:C73F09FC4215536B1DCE2A9E0A830C70
 |   |   |- Guid:D3FA41B146EC87E2A9276C8B54FC2DE2 BaseClass: NativeClass:/Script/Engine.StaticMeshActor Name:StaticMeshActor_UAID_309C23D1F6A6465E01_2064511759 Label:SM_Cube30 SpatiallyLoaded:1 Bounds:IsValid=true, Min=(X=2975.000 Y=125.000 Z=450.000), Max=(X=3000.000 Y=1625.000 Z=850.000) RuntimeGrid:None EditorOnly:0 RuntimeOnly:0 HLODRelevant:1 FolderPath:Playground FolderGuid:C73F09FC4215536B1DCE2A9E0A830C70
 |   |   |- Guid:D69DF01B4D460FB97EC03EA8D0828469 BaseClass: NativeClass:/Script/Engine.StaticMeshActor Name:StaticMeshActor_UAID_309C23D1F6A6475E01_1117280944 Label:SM_Cube39 SpatiallyLoaded:1 Bounds:IsValid=true, Min=(X=0.000 Y=0.000 Z=850.000), Max=(X=3000.000 Y=1625.000 Z=875.000) RuntimeGrid:None EditorOnly:0 RuntimeOnly:0 HLODRelevant:1 FolderPath:Playground FolderGuid:C73F09FC4215536B1DCE2A9E0A830C70
 |   |   |- Guid:E1FFC7A7425BB9AC629604A5DA0E7B4C BaseClass: NativeClass:/Script/Engine.StaticMeshActor Name:StaticMeshActor_UAID_309C23D1F6A6465E01_2059961758 Label:SM_Cube29 SpatiallyLoaded:1 Bounds:IsValid=true, Min=(X=2875.000 Y=0.000 Z=450.000), Max=(X=3000.000 Y=125.000 Z=850.000) RuntimeGrid:None EditorOnly:0 RuntimeOnly:0 HLODRelevant:1 FolderPath:Playground FolderGuid:C73F09FC4215536B1DCE2A9E0A830C70
 |   |   |- Guid:E26F60004281428861684B8EBAE6091C BaseClass: NativeClass:/Script/Engine.StaticMeshActor Name:StaticMeshActor_UAID_309C23D1F6A6465E01_2073252761 Label:SM_Cube32 SpatiallyLoaded:1 Bounds:IsValid=true, Min=(X=1975.000 Y=1625.000 Z=450.000), Max=(X=2450.000 Y=1675.000 Z=850.000) RuntimeGrid:None EditorOnly:0 RuntimeOnly:0 HLODRelevant:1 FolderPath:Playground FolderGuid:C73F09FC4215536B1DCE2A9E0A830C70
 |   |   |- Guid:E848295041EA984E4C46A1B53DF9841C BaseClass: NativeClass:/Script/Engine.PointLight Name:PointLight_UAID_309C23D1F6A6725B01_1996648356 Label:PointLight2 SpatiallyLoaded:1 Bounds:IsValid=true, Min=(X=-572.053 Y=50.109 Z=-733.414), Max=(X=1427.947 Y=2050.109 Z=1266.586) RuntimeGrid:None EditorOnly:0 RuntimeOnly:0 HLODRelevant:0
 |   |   |- Guid:E90C697949011343F9B188A5E5316D81 BaseClass: NativeClass:/Script/Engine.StaticMeshActor Name:StaticMeshActor_UAID_309C23D1F6A6725B01_1514368334 Label:SM_Cube17 SpatiallyLoaded:1 Bounds:IsValid=true, Min=(X=2575.000 Y=1625.000 Z=0.000), Max=(X=3050.000 Y=1675.000 Z=400.000) RuntimeGrid:None EditorOnly:0 RuntimeOnly:0 HLODRelevant:1 FolderPath:Playground FolderGuid:C73F09FC4215536B1DCE2A9E0A830C70
 |   |   |- Guid:E928ED15439833F013E02EB287E129FE BaseClass: NativeClass:/Script/Engine.StaticMeshActor Name:StaticMeshActor_UAID_309C23D1F6A6725B01_1651128340 Label:SM_Cube22 SpatiallyLoaded:1 Bounds:IsValid=true, Min=(X=1850.000 Y=1550.000 Z=0.000), Max=(X=1975.000 Y=1675.000 Z=400.000) RuntimeGrid:None EditorOnly:0 RuntimeOnly:0 HLODRelevant:1 FolderPath:Playground FolderGuid:C73F09FC4215536B1DCE2A9E0A830C70
 |   |   |- Guid:EC4E0C944CE6AC6E784BC6BB2916EA13 BaseClass: NativeClass:/Script/Engine.StaticMeshActor Name:StaticMeshActor_UAID_A4AE111137DC5EFB00_1110535423 Label:SM_SkySphere SpatiallyLoaded:0 Bounds:IsValid=true, Min=(X=-1638400.000 Y=-1638400.000 Z=-1638400.000), Max=(X=1638400.000 Y=1638400.000 Z=1638400.000) RuntimeGrid:None EditorOnly:0 RuntimeOnly:0 HLODRelevant:1 FolderPath:Lighting FolderGuid:963EC3EB4002CCE9759E2EBA541A873A
 |   |   |- Guid:F0365E924C10A8BC86BC62B61A615170 BaseClass: NativeClass:/Script/Engine.StaticMeshActor Name:StaticMeshActor_UAID_309C23D1F6A6725B01_1276395328 Label:SM_Cube13 SpatiallyLoaded:1 Bounds:IsValid=true, Min=(X=-50.000 Y=0.000 Z=400.000), Max=(X=0.000 Y=1625.000 Z=450.000) RuntimeGrid:None EditorOnly:0 RuntimeOnly:0 HLODRelevant:1 FolderPath:Playground FolderGuid:C73F09FC4215536B1DCE2A9E0A830C70
 |   |   |- Guid:F1924B8D48954B30891B2DB6A694F9CC BaseClass: NativeClass:/Script/Engine.StaticMeshActor Name:StaticMeshActor_1 Label:SM_Cube SpatiallyLoaded:1 Bounds:IsValid=true, Min=(X=0.000 Y=0.000 Z=-50.000), Max=(X=3000.000 Y=1625.000 Z=0.000) RuntimeGrid:None EditorOnly:0 RuntimeOnly:0 HLODRelevant:1 FolderPath:Playground FolderGuid:C73F09FC4215536B1DCE2A9E0A830C70
 |   |   |- Guid:F5E3FEB3450C49844FD93DA8E083C8AD BaseClass: NativeClass:/Script/Engine.PostProcessVolume Name:PostProcessVolume_0 Label:PostProcessVolume SpatiallyLoaded:0 Bounds:IsValid=true, Min=(X=0.000 Y=0.000 Z=400.000), Max=(X=200.000 Y=200.000 Z=600.000) RuntimeGrid:None EditorOnly:0 RuntimeOnly:0 HLODRelevant:0 FolderPath:Lighting FolderGuid:963EC3EB4002CCE9759E2EBA541A873A
 |   |   |- Guid:F65445694CA70A3CB2651C840A503D1D BaseClass: NativeClass:/Script/Engine.StaticMeshActor Name:StaticMeshActor_UAID_309C23D1F6A6475E01_1154634945 Label:SM_Cube40 SpatiallyLoaded:1 Bounds:IsValid=true, Min=(X=-50.000 Y=0.000 Z=850.000), Max=(X=0.000 Y=1625.000 Z=900.000) RuntimeGrid:None EditorOnly:0 RuntimeOnly:0 HLODRelevant:1 FolderPath:Playground FolderGuid:C73F09FC4215536B1DCE2A9E0A830C70
 |   |- [+] Clusters:
 |   |   |- [+] [  0]
 |   |   |   |- Guid:6BAF4DDD444C60371492D3919DB42C97 BaseClass: NativeClass:/Script/Engine.WorldDataLayers Name:WorldDataLayers Label:WorldDataLayers SpatiallyLoaded:0 Bounds:IsValid=true, Min=(X=0.000 Y=0.000 Z=0.000), Max=(X=0.000 Y=0.000 Z=0.000) RuntimeGrid:None EditorOnly:0 RuntimeOnly:0 HLODRelevant:0
 |   |   |- [+] [  1]
 |   |   |   |- Guid:24D650BE45E410D57E0CAEAF1384D71F BaseClass: NativeClass:/Script/Engine.StaticMeshActor Name:StaticMeshActor_UAID_309C23D1F6A6715B01_2113411144 Label:SM_SkySphere2 SpatiallyLoaded:0 Bounds:IsValid=true, Min=(X=-1636435.000 Y=-1638400.000 Z=-1638400.000), Max=(X=1640365.000 Y=1638400.000 Z=1638400.000) RuntimeGrid:None EditorOnly:0 RuntimeOnly:0 HLODRelevant:1 FolderPath:Lighting FolderGuid:963EC3EB4002CCE9759E2EBA541A873A
 |   |   |- [+] [  2]
 |   |   |   |- Guid:3E2500194A45EA407443C987D500F21A BaseClass: NativeClass:/Script/Engine.StaticMeshActor Name:StaticMeshActor_UAID_309C23D1F6A6725B01_1108003322 Label:SM_Cube6 SpatiallyLoaded:1 Bounds:IsValid=true, Min=(X=2975.000 Y=125.000 Z=0.000), Max=(X=3000.000 Y=1625.000 Z=400.000) RuntimeGrid:None EditorOnly:0 RuntimeOnly:0 HLODRelevant:1 FolderPath:Playground FolderGuid:C73F09FC4215536B1DCE2A9E0A830C70
 |   |   |- [+] [  3]
 |   |   |   |- Guid:F0365E924C10A8BC86BC62B61A615170 BaseClass: NativeClass:/Script/Engine.StaticMeshActor Name:StaticMeshActor_UAID_309C23D1F6A6725B01_1276395328 Label:SM_Cube13 SpatiallyLoaded:1 Bounds:IsValid=true, Min=(X=-50.000 Y=0.000 Z=400.000), Max=(X=0.000 Y=1625.000 Z=450.000) RuntimeGrid:None EditorOnly:0 RuntimeOnly:0 HLODRelevant:1 FolderPath:Playground FolderGuid:C73F09FC4215536B1DCE2A9E0A830C70
 |   |   |- [+] [  4]
 |   |   |   |- Guid:ABD1F6CC4447D78254DF80931B59B9AB BaseClass: NativeClass:/Script/Engine.PointLight Name:PointLight_UAID_309C23D1F6A6725B01_2024811359 Label:PointLight5 SpatiallyLoaded:1 Bounds:IsValid=true, Min=(X=-572.053 Y=-699.891 Z=-733.414), Max=(X=1427.947 Y=1300.109 Z=1266.586) RuntimeGrid:None EditorOnly:0 RuntimeOnly:0 HLODRelevant:0
 |   |   |- [+] [  5]
 |   |   |   |- Guid:BE72BAF1450614098240A4A46DF763CE BaseClass: NativeClass:/Script/Engine.StaticMeshActor Name:StaticMeshActor_UAID_309C23D1F6A6725B01_1319495330 Label:SM_Cube14 SpatiallyLoaded:1 Bounds:IsValid=true, Min=(X=-50.000 Y=-50.000 Z=400.000), Max=(X=3050.000 Y=0.000 Z=450.000) RuntimeGrid:None EditorOnly:0 RuntimeOnly:0 HLODRelevant:1 FolderPath:Playground FolderGuid:C73F09FC4215536B1DCE2A9E0A830C70
 |   |   |- [+] [  6]
 |   |   |   |- Guid:F5E3FEB3450C49844FD93DA8E083C8AD BaseClass: NativeClass:/Script/Engine.PostProcessVolume Name:PostProcessVolume_0 Label:PostProcessVolume SpatiallyLoaded:0 Bounds:IsValid=true, Min=(X=0.000 Y=0.000 Z=400.000), Max=(X=200.000 Y=200.000 Z=600.000) RuntimeGrid:None EditorOnly:0 RuntimeOnly:0 HLODRelevant:0 FolderPath:Lighting FolderGuid:963EC3EB4002CCE9759E2EBA541A873A
 |   |   |- [+] [  7]
 |   |   |   |- Guid:6D3F083E4BC0BC2F56F5C9A7B8F1D599 BaseClass: NativeClass:/Script/Engine.StaticMeshActor Name:StaticMeshActor_UAID_309C23D1F6A6725B01_1251687326 Label:SM_Cube11 SpatiallyLoaded:1 Bounds:IsValid=true, Min=(X=-50.000 Y=1625.000 Z=-50.000), Max=(X=3050.000 Y=1675.000 Z=0.000) RuntimeGrid:None EditorOnly:0 RuntimeOnly:0 HLODRelevant:1 FolderPath:Playground FolderGuid:C73F09FC4215536B1DCE2A9E0A830C70
 |   |   |- [+] [  8]
 |   |   |   |- Guid:A2D6A65E4EE244E5EAC4F9B06E83074F BaseClass: NativeClass:/Script/Engine.StaticMeshActor Name:StaticMeshActor_UAID_309C23D1F6A6725B01_1329038331 Label:SM_Cube15 SpatiallyLoaded:1 Bounds:IsValid=true, Min=(X=3000.000 Y=0.000 Z=400.000), Max=(X=3050.000 Y=1625.000 Z=450.000) RuntimeGrid:None EditorOnly:0 RuntimeOnly:0 HLODRelevant:1 FolderPath:Playground FolderGuid:C73F09FC4215536B1DCE2A9E0A830C70
 |   |   |- [+] [  9]
 |   |   |   |- Guid:C39D1D9A4AE63D5C0C3A87B302723A9D BaseClass: NativeClass:/Script/Engine.StaticMeshActor Name:StaticMeshActor_UAID_309C23D1F6A6725B01_1840307343 Label:SM_Cube24 SpatiallyLoaded:1 Bounds:IsValid=true, Min=(X=0.000 Y=0.000 Z=425.000), Max=(X=3000.000 Y=1625.000 Z=450.000) RuntimeGrid:None EditorOnly:0 RuntimeOnly:0 HLODRelevant:1 FolderPath:Playground FolderGuid:C73F09FC4215536B1DCE2A9E0A830C70
 |   |   |- [+] [ 10]
 |   |   |   |- Guid:4D3BE93F4146AAAC8BBE79999D96D57F BaseClass: NativeClass:/Script/Engine.VolumetricCloud Name:VolumetricCloud_0 Label:VolumetricCloud SpatiallyLoaded:0 Bounds:IsValid=true, Min=(X=0.000 Y=0.000 Z=820.000), Max=(X=0.000 Y=0.000 Z=820.000) RuntimeGrid:None EditorOnly:0 RuntimeOnly:0 HLODRelevant:0 FolderPath:Lighting FolderGuid:963EC3EB4002CCE9759E2EBA541A873A
 |   |   |- [+] [ 11]
 |   |   |   |- Guid:A01D12B64548E17A9062F3BA641C0F15 BaseClass: NativeClass:/Script/Engine.StaticMeshActor Name:StaticMeshActor_UAID_309C23D1F6A6725B01_1529505335 Label:SM_Cube18 SpatiallyLoaded:1 Bounds:IsValid=true, Min=(X=425.000 Y=1550.000 Z=0.000), Max=(X=550.000 Y=1675.000 Z=400.000) RuntimeGrid:None EditorOnly:0 RuntimeOnly:0 HLODRelevant:1 FolderPath:Playground FolderGuid:C73F09FC4215536B1DCE2A9E0A830C70
 |   |   |- [+] [ 12]
 |   |   |   |- Guid:CCFF262C46EEFFDF319E7F9539CE697E BaseClass: NativeClass:/Script/Engine.SkyAtmosphere Name:SkyAtmosphere_0 Label:SkyAtmosphere SpatiallyLoaded:0 Bounds:IsValid=true, Min=(X=0.000 Y=0.000 Z=1020.000), Max=(X=0.000 Y=0.000 Z=1020.000) RuntimeGrid:None EditorOnly:0 RuntimeOnly:0 HLODRelevant:0 FolderPath:Lighting FolderGuid:963EC3EB4002CCE9759E2EBA541A873A
 |   |   |- [+] [ 13]
 |   |   |   |- Guid:EC4E0C944CE6AC6E784BC6BB2916EA13 BaseClass: NativeClass:/Script/Engine.StaticMeshActor Name:StaticMeshActor_UAID_A4AE111137DC5EFB00_1110535423 Label:SM_SkySphere SpatiallyLoaded:0 Bounds:IsValid=true, Min=(X=-1638400.000 Y=-1638400.000 Z=-1638400.000), Max=(X=1638400.000 Y=1638400.000 Z=1638400.000) RuntimeGrid:None EditorOnly:0 RuntimeOnly:0 HLODRelevant:1 FolderPath:Lighting FolderGuid:963EC3EB4002CCE9759E2EBA541A873A
 |   |   |- [+] [ 14]
 |   |   |   |- Guid:B785ED2844B84CFB91E7F39FE661CD99 BaseClass: NativeClass:/Script/Engine.DirectionalLight Name:DirectionalLight_0 Label:DirectionalLight SpatiallyLoaded:0 Bounds:IsValid=true, Min=(X=-1048576.000 Y=-1048576.000 Z=-1048576.000), Max=(X=1048576.000 Y=1048576.000 Z=1048576.000) RuntimeGrid:None EditorOnly:0 RuntimeOnly:0 HLODRelevant:0 FolderPath:Lighting FolderGuid:963EC3EB4002CCE9759E2EBA541A873A
 |   |   |- [+] [ 15]
 |   |   |   |- Guid:20C0457644D820811E8F1589B27E8079 BaseClass: NativeClass:/Script/Engine.PointLight Name:PointLight_UAID_309C23D1F6A6725B01_2005606357 Label:PointLight3 SpatiallyLoaded:1 Bounds:IsValid=true, Min=(X=-572.053 Y=-199.891 Z=-733.414), Max=(X=1427.947 Y=1800.109 Z=1266.586) RuntimeGrid:None EditorOnly:0 RuntimeOnly:0 HLODRelevant:0
 |   |   |- [+] [ 16]
 |   |   |   |- Guid:D08E77274B0581FF6A7194BA83D4FAD9 BaseClass: NativeClass:/Script/Engine.StaticMeshActor Name:StaticMeshActor_UAID_309C23D1F6A6725B01_1122221323 Label:SM_Cube8 SpatiallyLoaded:1 Bounds:IsValid=true, Min=(X=-50.000 Y=0.000 Z=-50.000), Max=(X=0.000 Y=1625.000 Z=0.000) RuntimeGrid:None EditorOnly:0 RuntimeOnly:0 HLODRelevant:1 FolderPath:Playground FolderGuid:C73F09FC4215536B1DCE2A9E0A830C70
 |   |   |- [+] [ 17]
 |   |   |   |- Guid:316CF2A6494ACA4C0E4180A87D36AB8F BaseClass: NativeClass:/Script/Engine.ExponentialHeightFog Name:ExponentialHeightFog_0 Label:ExponentialHeightFog SpatiallyLoaded:0 Bounds:IsValid=true, Min=(X=-5600.000 Y=-50.000 Z=-6850.000), Max=(X=-5600.000 Y=-50.000 Z=-6850.000) RuntimeGrid:None EditorOnly:0 RuntimeOnly:0 HLODRelevant:0 FolderPath:Lighting FolderGuid:963EC3EB4002CCE9759E2EBA541A873A
 |   |   |- [+] [ 18]
 |   |   |   |- Guid:E90C697949011343F9B188A5E5316D81 BaseClass: NativeClass:/Script/Engine.StaticMeshActor Name:StaticMeshActor_UAID_309C23D1F6A6725B01_1514368334 Label:SM_Cube17 SpatiallyLoaded:1 Bounds:IsValid=true, Min=(X=2575.000 Y=1625.000 Z=0.000), Max=(X=3050.000 Y=1675.000 Z=400.000) RuntimeGrid:None EditorOnly:0 RuntimeOnly:0 HLODRelevant:1 FolderPath:Playground FolderGuid:C73F09FC4215536B1DCE2A9E0A830C70
 |   |   |- [+] [ 19]
 |   |   |   |- Guid:F1924B8D48954B30891B2DB6A694F9CC BaseClass: NativeClass:/Script/Engine.StaticMeshActor Name:StaticMeshActor_1 Label:SM_Cube SpatiallyLoaded:1 Bounds:IsValid=true, Min=(X=0.000 Y=0.000 Z=-50.000), Max=(X=3000.000 Y=1625.000 Z=0.000) RuntimeGrid:None EditorOnly:0 RuntimeOnly:0 HLODRelevant:1 FolderPath:Playground FolderGuid:C73F09FC4215536B1DCE2A9E0A830C70
 |   |   |- [+] [ 20]
 |   |   |   |- Guid:A1F29B9A4FCB3F2FDEAFAA94E8C1899B BaseClass: NativeClass:/Script/Engine.StaticMeshActor Name:StaticMeshActor_UAID_309C23D1F6A6725B01_1665851341 Label:SM_Cube23 SpatiallyLoaded:1 Bounds:IsValid=true, Min=(X=1025.000 Y=1550.000 Z=0.000), Max=(X=1150.000 Y=1675.000 Z=400.000) RuntimeGrid:None EditorOnly:0 RuntimeOnly:0 HLODRelevant:1 FolderPath:Playground FolderGuid:C73F09FC4215536B1DCE2A9E0A830C70
 |   |   |- [+] [ 21]
 |   |   |   |- Guid:383329F14EB7D30BA42927A354582082 BaseClass: NativeClass:/Script/Engine.StaticMeshActor Name:StaticMeshActor_UAID_309C23D1F6A6725B01_1777869342 Label:SM_Cube3 SpatiallyLoaded:1 Bounds:IsValid=true, Min=(X=0.000 Y=0.000 Z=400.000), Max=(X=3000.000 Y=1625.000 Z=425.000) RuntimeGrid:None EditorOnly:0 RuntimeOnly:0 HLODRelevant:1 FolderPath:Playground FolderGuid:C73F09FC4215536B1DCE2A9E0A830C70
 |   |   |- [+] [ 22]
 |   |   |   |- Guid:D36657DB4A8217BC66D4158C6D2ACB21 BaseClass: NativeClass:/Script/Engine.StaticMeshActor Name:StaticMeshActor_UAID_309C23D1F6A6725B01_1153903324 Label:SM_Cube9 SpatiallyLoaded:1 Bounds:IsValid=true, Min=(X=3000.000 Y=0.000 Z=-50.000), Max=(X=3050.000 Y=1625.000 Z=0.000) RuntimeGrid:None EditorOnly:0 RuntimeOnly:0 HLODRelevant:1 FolderPath:Playground FolderGuid:C73F09FC4215536B1DCE2A9E0A830C70
 |   |   |- [+] [ 23]
 |   |   |   |- Guid:A790B44848C20C63C7ED7CA2B5415E4D BaseClass: NativeClass:/Script/Engine.StaticMeshActor Name:StaticMeshActor_UAID_309C23D1F6A6715B01_2001049143 Label:SM_Cube4 SpatiallyLoaded:1 Bounds:IsValid=true, Min=(X=0.000 Y=0.000 Z=0.000), Max=(X=125.000 Y=125.000 Z=400.000) RuntimeGrid:None EditorOnly:0 RuntimeOnly:0 HLODRelevant:1 FolderPath:Playground FolderGuid:C73F09FC4215536B1DCE2A9E0A830C70
 |   |   |- [+] [ 24]
 |   |   |   |- Guid:2FB58999456391D349DC0F86DAC136ED BaseClass: NativeClass:/Script/Engine.SkyLight Name:SkyLight_1 Label:SkyLight SpatiallyLoaded:0 Bounds:IsValid=true, Min=(X=0.000 Y=0.000 Z=690.000), Max=(X=0.000 Y=0.000 Z=690.000) RuntimeGrid:None EditorOnly:0 RuntimeOnly:0 HLODRelevant:0 FolderPath:Lighting FolderGuid:963EC3EB4002CCE9759E2EBA541A873A
 |   |   |- [+] [ 25]
 |   |   |   |- Guid:9A8D31414EEEC5632AF7FF873B09A8CB BaseClass: NativeClass:/Script/Engine.StaticMeshActor Name:StaticMeshActor_UAID_309C23D1F6A6725B01_1466219333 Label:SM_Cube16 SpatiallyLoaded:1 Bounds:IsValid=true, Min=(X=-50.000 Y=1625.000 Z=0.000), Max=(X=425.000 Y=1675.000 Z=400.000) RuntimeGrid:None EditorOnly:0 RuntimeOnly:0 HLODRelevant:1 FolderPath:Playground FolderGuid:C73F09FC4215536B1DCE2A9E0A830C70
 |   |   |- [+] [ 26]
 |   |   |   |- Guid:6CF253B044862DCCBC07BCBBA3F5899D BaseClass: NativeClass:/Script/Engine.StaticMeshActor Name:StaticMeshActor_UAID_309C23D1F6A6725B01_1266122327 Label:SM_Cube12 SpatiallyLoaded:1 Bounds:IsValid=true, Min=(X=-50.000 Y=1625.000 Z=400.000), Max=(X=3050.000 Y=1675.000 Z=450.000) RuntimeGrid:None EditorOnly:0 RuntimeOnly:0 HLODRelevant:1 FolderPath:Playground FolderGuid:C73F09FC4215536B1DCE2A9E0A830C70
 |   |   |- [+] [ 27]
 |   |   |   |- Guid:A56216954B2165CF0F35A886B537D536 BaseClass: NativeClass:/Script/Engine.StaticMeshActor Name:StaticMeshActor_0 Label:SM_Cube5 SpatiallyLoaded:1 Bounds:IsValid=true, Min=(X=-0.000 Y=125.000 Z=0.000), Max=(X=25.000 Y=1625.000 Z=400.000) RuntimeGrid:None EditorOnly:0 RuntimeOnly:0 HLODRelevant:1 FolderPath:Playground FolderGuid:C73F09FC4215536B1DCE2A9E0A830C70
 |   |   |- [+] [ 28]
 |   |   |   |- Guid:9A4FF3E84E2C49643359BB9018ED9315 BaseClass: NativeClass:/Script/Engine.StaticMeshActor Name:StaticMeshActor_UAID_309C23D1F6A6725B01_1627943338 Label:SM_Cube20 SpatiallyLoaded:1 Bounds:IsValid=true, Min=(X=550.000 Y=1625.000 Z=0.000), Max=(X=1025.000 Y=1675.000 Z=400.000) RuntimeGrid:None EditorOnly:0 RuntimeOnly:0 HLODRelevant:1 FolderPath:Playground FolderGuid:C73F09FC4215536B1DCE2A9E0A830C70
 |   |   |- [+] [ 29]
 |   |   |   |- Guid:E928ED15439833F013E02EB287E129FE BaseClass: NativeClass:/Script/Engine.StaticMeshActor Name:StaticMeshActor_UAID_309C23D1F6A6725B01_1651128340 Label:SM_Cube22 SpatiallyLoaded:1 Bounds:IsValid=true, Min=(X=1850.000 Y=1550.000 Z=0.000), Max=(X=1975.000 Y=1675.000 Z=400.000) RuntimeGrid:None EditorOnly:0 RuntimeOnly:0 HLODRelevant:1 FolderPath:Playground FolderGuid:C73F09FC4215536B1DCE2A9E0A830C70
 |   |   |- [+] [ 30]
 |   |   |   |- Guid:79771DB749016C35A4706AA5DC303D58 BaseClass: NativeClass:/Script/Engine.StaticMeshActor Name:StaticMeshActor_UAID_309C23D1F6A6725B01_1640091339 Label:SM_Cube21 SpatiallyLoaded:1 Bounds:IsValid=true, Min=(X=1975.000 Y=1625.000 Z=0.000), Max=(X=2450.000 Y=1675.000 Z=400.000) RuntimeGrid:None EditorOnly:0 RuntimeOnly:0 HLODRelevant:1 FolderPath:Playground FolderGuid:C73F09FC4215536B1DCE2A9E0A830C70
 |   |   |- [+] [ 31]
 |   |   |   |- Guid:B2FA615F45A7283FDD8D318BF48B37A6 BaseClass: NativeClass:/Script/Engine.StaticMeshActor Name:StaticMeshActor_UAID_309C23D1F6A6715B01_2120349145 Label:SM_Cube7 SpatiallyLoaded:1 Bounds:IsValid=true, Min=(X=2875.000 Y=0.000 Z=0.000), Max=(X=3000.000 Y=125.000 Z=400.000) RuntimeGrid:None EditorOnly:0 RuntimeOnly:0 HLODRelevant:1 FolderPath:Playground FolderGuid:C73F09FC4215536B1DCE2A9E0A830C70
 |   |   |- [+] [ 32]
 |   |   |   |- Guid:CF88569C484D8B1417FBCB8C19703AFC BaseClass: NativeClass:/Script/Engine.StaticMeshActor Name:StaticMeshActor_UAID_309C23D1F6A6725B01_1175225325 Label:SM_Cube10 SpatiallyLoaded:1 Bounds:IsValid=true, Min=(X=-50.000 Y=-50.000 Z=-50.000), Max=(X=3050.000 Y=0.000 Z=0.000) RuntimeGrid:None EditorOnly:0 RuntimeOnly:0 HLODRelevant:1 FolderPath:Playground FolderGuid:C73F09FC4215536B1DCE2A9E0A830C70
 |   |   |- [+] [ 33]
 |   |   |   |- Guid:BC08B79C4EA3C961CFF75EBBE83B367D BaseClass: NativeClass:/Script/Engine.StaticMeshActor Name:StaticMeshActor_5 Label:SM_Cube2 SpatiallyLoaded:1 Bounds:IsValid=true, Min=(X=125.000 Y=0.000 Z=0.000), Max=(X=2875.000 Y=25.000 Z=400.000) RuntimeGrid:None EditorOnly:0 RuntimeOnly:0 HLODRelevant:1 FolderPath:Playground FolderGuid:C73F09FC4215536B1DCE2A9E0A830C70
 |   |   |- [+] [ 34]
 |   |   |   |- Guid:3D7E4CC6479A6700670990A99AF144C5 BaseClass: NativeClass:/Script/Engine.PointLight Name:PointLight_UAID_309C23D1F6A6725B01_2015994358 Label:PointLight4 SpatiallyLoaded:1 Bounds:IsValid=true, Min=(X=-572.053 Y=-449.891 Z=-733.414), Max=(X=1427.947 Y=1550.109 Z=1266.586) RuntimeGrid:None EditorOnly:0 RuntimeOnly:0 HLODRelevant:0
 |   |   |- [+] [ 35]
 |   |   |   |- Guid:E848295041EA984E4C46A1B53DF9841C BaseClass: NativeClass:/Script/Engine.PointLight Name:PointLight_UAID_309C23D1F6A6725B01_1996648356 Label:PointLight2 SpatiallyLoaded:1 Bounds:IsValid=true, Min=(X=-572.053 Y=50.109 Z=-733.414), Max=(X=1427.947 Y=2050.109 Z=1266.586) RuntimeGrid:None EditorOnly:0 RuntimeOnly:0 HLODRelevant:0
 |   |   |- [+] [ 36]
 |   |   |   |- Guid:3A00AA1C422CE54C0BDB60BAF471BFBB BaseClass: NativeClass:/Script/Engine.PlayerStart Name:PlayerStart_0 Label:PlayerStart SpatiallyLoaded:0 Bounds:IsValid=true, Min=(X=1450.000 Y=1300.000 Z=0.013), Max=(X=1530.000 Y=1380.000 Z=184.013) RuntimeGrid:None EditorOnly:0 RuntimeOnly:0 HLODRelevant:0
 |   |   |- [+] [ 37]
 |   |   |   |- Guid:261C5DFD49FC870943BA6BA5E1E36A7B BaseClass: NativeClass:/Script/Engine.StaticMeshActor Name:StaticMeshActor_UAID_309C23D1F6A6725B01_1543453336 Label:SM_Cube19 SpatiallyLoaded:1 Bounds:IsValid=true, Min=(X=2450.000 Y=1550.000 Z=0.000), Max=(X=2575.000 Y=1675.000 Z=400.000) RuntimeGrid:None EditorOnly:0 RuntimeOnly:0 HLODRelevant:1 FolderPath:Playground FolderGuid:C73F09FC4215536B1DCE2A9E0A830C70
 |   |   |- [+] [ 38]
 |   |   |   |- Guid:A02CBE1A4C335465689E339B68D0F319 BaseClass: NativeClass:/Script/Engine.StaticMeshActor Name:StaticMeshActor_UAID_309C23D1F6A6465E01_2032872754 Label:SM_Cube25 SpatiallyLoaded:1 Bounds:IsValid=true, Min=(X=0.000 Y=0.000 Z=450.000), Max=(X=125.000 Y=125.000 Z=850.000) RuntimeGrid:None EditorOnly:0 RuntimeOnly:0 HLODRelevant:1 FolderPath:Playground FolderGuid:C73F09FC4215536B1DCE2A9E0A830C70
 |   |   |- [+] [ 39]
 |   |   |   |- Guid:56C4B33C4D18ED62BC8EBFB6C280058A BaseClass: NativeClass:/Script/Engine.StaticMeshActor Name:StaticMeshActor_UAID_309C23D1F6A6465E01_2041983755 Label:SM_Cube26 SpatiallyLoaded:1 Bounds:IsValid=true, Min=(X=-0.000 Y=125.000 Z=450.000), Max=(X=25.000 Y=1625.000 Z=850.000) RuntimeGrid:None EditorOnly:0 RuntimeOnly:0 HLODRelevant:1 FolderPath:Playground FolderGuid:C73F09FC4215536B1DCE2A9E0A830C70
 |   |   |- [+] [ 40]
 |   |   |   |- Guid:134AD4B64660D0DC4EE721B2398CA475 BaseClass: NativeClass:/Script/Engine.StaticMeshActor Name:StaticMeshActor_UAID_309C23D1F6A6465E01_2045350756 Label:SM_Cube27 SpatiallyLoaded:1 Bounds:IsValid=true, Min=(X=-50.000 Y=1625.000 Z=450.000), Max=(X=425.000 Y=1675.000 Z=850.000) RuntimeGrid:None EditorOnly:0 RuntimeOnly:0 HLODRelevant:1 FolderPath:Playground FolderGuid:C73F09FC4215536B1DCE2A9E0A830C70
 |   |   |- [+] [ 41]
 |   |   |   |- Guid:B42C73514DE2A93C5A47D8A3C961719A BaseClass: NativeClass:/Script/Engine.StaticMeshActor Name:StaticMeshActor_UAID_309C23D1F6A6465E01_2054037757 Label:SM_Cube28 SpatiallyLoaded:1 Bounds:IsValid=true, Min=(X=-50.000 Y=-50.000 Z=850.000), Max=(X=3050.000 Y=0.000 Z=900.000) RuntimeGrid:None EditorOnly:0 RuntimeOnly:0 HLODRelevant:1 FolderPath:Playground FolderGuid:C73F09FC4215536B1DCE2A9E0A830C70
 |   |   |- [+] [ 42]
 |   |   |   |- Guid:E1FFC7A7425BB9AC629604A5DA0E7B4C BaseClass: NativeClass:/Script/Engine.StaticMeshActor Name:StaticMeshActor_UAID_309C23D1F6A6465E01_2059961758 Label:SM_Cube29 SpatiallyLoaded:1 Bounds:IsValid=true, Min=(X=2875.000 Y=0.000 Z=450.000), Max=(X=3000.000 Y=125.000 Z=850.000) RuntimeGrid:None EditorOnly:0 RuntimeOnly:0 HLODRelevant:1 FolderPath:Playground FolderGuid:C73F09FC4215536B1DCE2A9E0A830C70
 |   |   |- [+] [ 43]
 |   |   |   |- Guid:D3FA41B146EC87E2A9276C8B54FC2DE2 BaseClass: NativeClass:/Script/Engine.StaticMeshActor Name:StaticMeshActor_UAID_309C23D1F6A6465E01_2064511759 Label:SM_Cube30 SpatiallyLoaded:1 Bounds:IsValid=true, Min=(X=2975.000 Y=125.000 Z=450.000), Max=(X=3000.000 Y=1625.000 Z=850.000) RuntimeGrid:None EditorOnly:0 RuntimeOnly:0 HLODRelevant:1 FolderPath:Playground FolderGuid:C73F09FC4215536B1DCE2A9E0A830C70
 |   |   |- [+] [ 44]
 |   |   |   |- Guid:53DCB39F4219F6FD5866DD8015AFA814 BaseClass: NativeClass:/Script/Engine.StaticMeshActor Name:StaticMeshActor_UAID_309C23D1F6A6465E01_2067629760 Label:SM_Cube31 SpatiallyLoaded:1 Bounds:IsValid=true, Min=(X=2575.000 Y=1625.000 Z=450.000), Max=(X=3050.000 Y=1675.000 Z=850.000) RuntimeGrid:None EditorOnly:0 RuntimeOnly:0 HLODRelevant:1 FolderPath:Playground FolderGuid:C73F09FC4215536B1DCE2A9E0A830C70
 |   |   |- [+] [ 45]
 |   |   |   |- Guid:E26F60004281428861684B8EBAE6091C BaseClass: NativeClass:/Script/Engine.StaticMeshActor Name:StaticMeshActor_UAID_309C23D1F6A6465E01_2073252761 Label:SM_Cube32 SpatiallyLoaded:1 Bounds:IsValid=true, Min=(X=1975.000 Y=1625.000 Z=450.000), Max=(X=2450.000 Y=1675.000 Z=850.000) RuntimeGrid:None EditorOnly:0 RuntimeOnly:0 HLODRelevant:1 FolderPath:Playground FolderGuid:C73F09FC4215536B1DCE2A9E0A830C70
 |   |   |- [+] [ 46]
 |   |   |   |- Guid:123EB3254FDBB98F50D9D2A14E631F85 BaseClass: NativeClass:/Script/Engine.StaticMeshActor Name:StaticMeshActor_UAID_309C23D1F6A6465E01_2076124762 Label:SM_Cube33 SpatiallyLoaded:1 Bounds:IsValid=true, Min=(X=2450.000 Y=1550.000 Z=450.000), Max=(X=2575.000 Y=1675.000 Z=850.000) RuntimeGrid:None EditorOnly:0 RuntimeOnly:0 HLODRelevant:1 FolderPath:Playground FolderGuid:C73F09FC4215536B1DCE2A9E0A830C70
 |   |   |- [+] [ 47]
 |   |   |   |- Guid:944D7499415FD61ACB3B7F854508A87D BaseClass: NativeClass:/Script/Engine.StaticMeshActor Name:StaticMeshActor_UAID_309C23D1F6A6465E01_2078745763 Label:SM_Cube34 SpatiallyLoaded:1 Bounds:IsValid=true, Min=(X=1850.000 Y=1550.000 Z=450.000), Max=(X=1975.000 Y=1675.000 Z=850.000) RuntimeGrid:None EditorOnly:0 RuntimeOnly:0 HLODRelevant:1 FolderPath:Playground FolderGuid:C73F09FC4215536B1DCE2A9E0A830C70
 |   |   |- [+] [ 48]
 |   |   |   |- Guid:548845D744C1DF6E7EFECCACA50106E5 BaseClass: NativeClass:/Script/Engine.StaticMeshActor Name:StaticMeshActor_UAID_309C23D1F6A6465E01_2083327764 Label:SM_Cube35 SpatiallyLoaded:1 Bounds:IsValid=true, Min=(X=1025.000 Y=1550.000 Z=450.000), Max=(X=1150.000 Y=1675.000 Z=850.000) RuntimeGrid:None EditorOnly:0 RuntimeOnly:0 HLODRelevant:1 FolderPath:Playground FolderGuid:C73F09FC4215536B1DCE2A9E0A830C70
 |   |   |- [+] [ 49]
 |   |   |   |- Guid:9A73EBA0411B80A403C614967F71288A BaseClass: NativeClass:/Script/Engine.StaticMeshActor Name:StaticMeshActor_UAID_309C23D1F6A6465E01_2085590765 Label:SM_Cube36 SpatiallyLoaded:1 Bounds:IsValid=true, Min=(X=550.000 Y=1625.000 Z=450.000), Max=(X=1025.000 Y=1675.000 Z=850.000) RuntimeGrid:None EditorOnly:0 RuntimeOnly:0 HLODRelevant:1 FolderPath:Playground FolderGuid:C73F09FC4215536B1DCE2A9E0A830C70
 |   |   |- [+] [ 50]
 |   |   |   |- Guid:8F3DFEE84823F92F57A478B8235C95D4 BaseClass: NativeClass:/Script/Engine.StaticMeshActor Name:StaticMeshActor_UAID_309C23D1F6A6465E01_2088600766 Label:SM_Cube37 SpatiallyLoaded:1 Bounds:IsValid=true, Min=(X=425.000 Y=1550.000 Z=450.000), Max=(X=550.000 Y=1675.000 Z=850.000) RuntimeGrid:None EditorOnly:0 RuntimeOnly:0 HLODRelevant:1 FolderPath:Playground FolderGuid:C73F09FC4215536B1DCE2A9E0A830C70
 |   |   |- [+] [ 51]
 |   |   |   |- Guid:165ED9814026E4D382592C8FA345983B BaseClass: NativeClass:/Script/Engine.StaticMeshActor Name:StaticMeshActor_UAID_309C23D1F6A6465E01_2096608767 Label:SM_Cube38 SpatiallyLoaded:1 Bounds:IsValid=true, Min=(X=125.000 Y=0.000 Z=450.000), Max=(X=2875.000 Y=25.000 Z=850.000) RuntimeGrid:None EditorOnly:0 RuntimeOnly:0 HLODRelevant:1 FolderPath:Playground FolderGuid:C73F09FC4215536B1DCE2A9E0A830C70
 |   |   |- [+] [ 52]
 |   |   |   |- Guid:D69DF01B4D460FB97EC03EA8D0828469 BaseClass: NativeClass:/Script/Engine.StaticMeshActor Name:StaticMeshActor_UAID_309C23D1F6A6475E01_1117280944 Label:SM_Cube39 SpatiallyLoaded:1 Bounds:IsValid=true, Min=(X=0.000 Y=0.000 Z=850.000), Max=(X=3000.000 Y=1625.000 Z=875.000) RuntimeGrid:None EditorOnly:0 RuntimeOnly:0 HLODRelevant:1 FolderPath:Playground FolderGuid:C73F09FC4215536B1DCE2A9E0A830C70
 |   |   |- [+] [ 53]
 |   |   |   |- Guid:F65445694CA70A3CB2651C840A503D1D BaseClass: NativeClass:/Script/Engine.StaticMeshActor Name:StaticMeshActor_UAID_309C23D1F6A6475E01_1154634945 Label:SM_Cube40 SpatiallyLoaded:1 Bounds:IsValid=true, Min=(X=-50.000 Y=0.000 Z=850.000), Max=(X=0.000 Y=1625.000 Z=900.000) RuntimeGrid:None EditorOnly:0 RuntimeOnly:0 HLODRelevant:1 FolderPath:Playground FolderGuid:C73F09FC4215536B1DCE2A9E0A830C70
 |   |   |- [+] [ 54]
 |   |   |   |- Guid:9EBA24484087F4EE59D9CAB6295EACC4 BaseClass: NativeClass:/Script/Engine.StaticMeshActor Name:StaticMeshActor_UAID_309C23D1F6A6475E01_1165638946 Label:SM_Cube41 SpatiallyLoaded:1 Bounds:IsValid=true, Min=(X=-50.000 Y=1625.000 Z=850.000), Max=(X=3050.000 Y=1675.000 Z=900.000) RuntimeGrid:None EditorOnly:0 RuntimeOnly:0 HLODRelevant:1 FolderPath:Playground FolderGuid:C73F09FC4215536B1DCE2A9E0A830C70
 |   |   |- [+] [ 55]
 |   |   |   |- Guid:A07324034F3EE4DC5540E5BC44B61FBF BaseClass: NativeClass:/Script/Engine.StaticMeshActor Name:StaticMeshActor_UAID_309C23D1F6A6475E01_1196839947 Label:SM_Cube42 SpatiallyLoaded:1 Bounds:IsValid=true, Min=(X=3000.000 Y=0.000 Z=850.000), Max=(X=3050.000 Y=1625.000 Z=900.000) RuntimeGrid:None EditorOnly:0 RuntimeOnly:0 HLODRelevant:1 FolderPath:Playground FolderGuid:C73F09FC4215536B1DCE2A9E0A830C70
 |- ContainerInstances:
 |- [+] MainContainer:
 |   |-        ID: 0x0000000000000000
 |   |-    Bounds: IsValid=false, Min=(X=0.000 Y=0.000 Z=0.000), Max=(X=0.000 Y=0.000 Z=0.000)
 |   |- Transform: 0.000000,0.000000,0.000000|0.000000,0.000000,-0.000000|1.000000,1.000000,1.000000
 |   |- Container: /Game/ThirdPerson/Maps/ThirdPersonMap
----------------------------------------------------------------------------------------------------------------
ThirdPersonMap - Persistent Level
----------------------------------------------------------------------------------------------------------------
Always loaded Actor Count: 81 

----------------------------------------------------------------------------------------------------------------
ThirdPersonMap - Runtime Spatial Hash - Streaming Grid - MainGrid
----------------------------------------------------------------------------------------------------------------
            Origin: X=0.000 Y=0.000 Z=0.000
         Cell Size: 12800
      World Bounds: IsValid=false, Min=(X=0.000 Y=0.000 Z=0.000), Max=(X=0.000 Y=0.000 Z=0.000)
     Loading Range: 25600.00
Block Slow Loading: No
 ClientOnlyVisible: No

[+] Grid Levels: 1
 |- Level  0: Cell Count    0 | Cell Size   12800 | Actor Count    0 (0.0%)

[+] Content of Grid Level 0

